[2022-11-28 08:56:52,793] {processor.py:163} INFO - Started process (PID=105) to work on /home/airflow/.local/lib/python3.8/site-packages/airflow/example_dags/example_trigger_controller_dag.py
[2022-11-28 08:56:52,794] {processor.py:642} INFO - Processing file /home/airflow/.local/lib/python3.8/site-packages/airflow/example_dags/example_trigger_controller_dag.py for tasks to queue
[2022-11-28 08:56:52,794] {logging_mixin.py:109} INFO - [2022-11-28 08:56:52,794] {dagbag.py:500} INFO - Filling up the DagBag from /home/airflow/.local/lib/python3.8/site-packages/airflow/example_dags/example_trigger_controller_dag.py
[2022-11-28 08:56:52,843] {processor.py:654} INFO - DAG(s) dict_keys(['example_trigger_controller_dag']) retrieved from /home/airflow/.local/lib/python3.8/site-packages/airflow/example_dags/example_trigger_controller_dag.py
[2022-11-28 08:56:55,718] {logging_mixin.py:109} INFO - [2022-11-28 08:56:55,718] {manager.py:496} INFO - Created Permission View: can read on DAG:example_trigger_controller_dag
[2022-11-28 08:56:55,739] {logging_mixin.py:109} INFO - [2022-11-28 08:56:55,739] {manager.py:496} INFO - Created Permission View: can edit on DAG:example_trigger_controller_dag
[2022-11-28 08:56:55,740] {logging_mixin.py:109} INFO - [2022-11-28 08:56:55,739] {dag.py:2398} INFO - Sync 1 DAGs
[2022-11-28 08:56:55,751] {logging_mixin.py:109} INFO - [2022-11-28 08:56:55,751] {dag.py:2417} INFO - Creating ORM DAG for example_trigger_controller_dag
[2022-11-28 08:56:55,760] {logging_mixin.py:109} INFO - [2022-11-28 08:56:55,760] {dag.py:2937} INFO - Setting next_dagrun for example_trigger_controller_dag to 2021-01-01T00:00:00+00:00
[2022-11-28 08:56:55,799] {processor.py:171} INFO - Processing /home/airflow/.local/lib/python3.8/site-packages/airflow/example_dags/example_trigger_controller_dag.py took 3.009 seconds
[2022-11-28 08:57:26,563] {processor.py:163} INFO - Started process (PID=401) to work on /home/airflow/.local/lib/python3.8/site-packages/airflow/example_dags/example_trigger_controller_dag.py
[2022-11-28 08:57:26,566] {processor.py:642} INFO - Processing file /home/airflow/.local/lib/python3.8/site-packages/airflow/example_dags/example_trigger_controller_dag.py for tasks to queue
[2022-11-28 08:57:26,567] {logging_mixin.py:109} INFO - [2022-11-28 08:57:26,567] {dagbag.py:500} INFO - Filling up the DagBag from /home/airflow/.local/lib/python3.8/site-packages/airflow/example_dags/example_trigger_controller_dag.py
[2022-11-28 08:57:26,605] {processor.py:654} INFO - DAG(s) dict_keys(['example_trigger_controller_dag']) retrieved from /home/airflow/.local/lib/python3.8/site-packages/airflow/example_dags/example_trigger_controller_dag.py
[2022-11-28 08:57:26,611] {logging_mixin.py:109} INFO - [2022-11-28 08:57:26,611] {dag.py:2398} INFO - Sync 1 DAGs
[2022-11-28 08:57:26,621] {logging_mixin.py:109} INFO - [2022-11-28 08:57:26,621] {dag.py:2937} INFO - Setting next_dagrun for example_trigger_controller_dag to 2021-01-01T00:00:00+00:00
[2022-11-28 08:57:26,626] {processor.py:171} INFO - Processing /home/airflow/.local/lib/python3.8/site-packages/airflow/example_dags/example_trigger_controller_dag.py took 0.070 seconds
[2022-11-28 08:57:56,869] {processor.py:163} INFO - Started process (PID=489) to work on /home/airflow/.local/lib/python3.8/site-packages/airflow/example_dags/example_trigger_controller_dag.py
[2022-11-28 08:57:56,870] {processor.py:642} INFO - Processing file /home/airflow/.local/lib/python3.8/site-packages/airflow/example_dags/example_trigger_controller_dag.py for tasks to queue
[2022-11-28 08:57:56,870] {logging_mixin.py:109} INFO - [2022-11-28 08:57:56,870] {dagbag.py:500} INFO - Filling up the DagBag from /home/airflow/.local/lib/python3.8/site-packages/airflow/example_dags/example_trigger_controller_dag.py
[2022-11-28 08:57:56,888] {processor.py:654} INFO - DAG(s) dict_keys(['example_trigger_controller_dag']) retrieved from /home/airflow/.local/lib/python3.8/site-packages/airflow/example_dags/example_trigger_controller_dag.py
[2022-11-28 08:57:56,894] {logging_mixin.py:109} INFO - [2022-11-28 08:57:56,894] {dag.py:2398} INFO - Sync 1 DAGs
[2022-11-28 08:57:56,904] {logging_mixin.py:109} INFO - [2022-11-28 08:57:56,904] {dag.py:2937} INFO - Setting next_dagrun for example_trigger_controller_dag to 2021-01-01T00:00:00+00:00
[2022-11-28 08:57:56,910] {processor.py:171} INFO - Processing /home/airflow/.local/lib/python3.8/site-packages/airflow/example_dags/example_trigger_controller_dag.py took 0.042 seconds
[2022-11-28 08:58:27,319] {processor.py:163} INFO - Started process (PID=569) to work on /home/airflow/.local/lib/python3.8/site-packages/airflow/example_dags/example_trigger_controller_dag.py
[2022-11-28 08:58:27,320] {processor.py:642} INFO - Processing file /home/airflow/.local/lib/python3.8/site-packages/airflow/example_dags/example_trigger_controller_dag.py for tasks to queue
[2022-11-28 08:58:27,321] {logging_mixin.py:109} INFO - [2022-11-28 08:58:27,321] {dagbag.py:500} INFO - Filling up the DagBag from /home/airflow/.local/lib/python3.8/site-packages/airflow/example_dags/example_trigger_controller_dag.py
[2022-11-28 08:58:27,342] {processor.py:654} INFO - DAG(s) dict_keys(['example_trigger_controller_dag']) retrieved from /home/airflow/.local/lib/python3.8/site-packages/airflow/example_dags/example_trigger_controller_dag.py
[2022-11-28 08:58:27,348] {logging_mixin.py:109} INFO - [2022-11-28 08:58:27,348] {dag.py:2398} INFO - Sync 1 DAGs
[2022-11-28 08:58:27,360] {logging_mixin.py:109} INFO - [2022-11-28 08:58:27,360] {dag.py:2937} INFO - Setting next_dagrun for example_trigger_controller_dag to 2021-01-01T00:00:00+00:00
[2022-11-28 08:58:27,366] {processor.py:171} INFO - Processing /home/airflow/.local/lib/python3.8/site-packages/airflow/example_dags/example_trigger_controller_dag.py took 0.050 seconds
[2022-11-28 08:58:57,641] {processor.py:163} INFO - Started process (PID=657) to work on /home/airflow/.local/lib/python3.8/site-packages/airflow/example_dags/example_trigger_controller_dag.py
[2022-11-28 08:58:57,642] {processor.py:642} INFO - Processing file /home/airflow/.local/lib/python3.8/site-packages/airflow/example_dags/example_trigger_controller_dag.py for tasks to queue
[2022-11-28 08:58:57,642] {logging_mixin.py:109} INFO - [2022-11-28 08:58:57,642] {dagbag.py:500} INFO - Filling up the DagBag from /home/airflow/.local/lib/python3.8/site-packages/airflow/example_dags/example_trigger_controller_dag.py
[2022-11-28 08:58:57,662] {processor.py:654} INFO - DAG(s) dict_keys(['example_trigger_controller_dag']) retrieved from /home/airflow/.local/lib/python3.8/site-packages/airflow/example_dags/example_trigger_controller_dag.py
[2022-11-28 08:58:57,667] {logging_mixin.py:109} INFO - [2022-11-28 08:58:57,667] {dag.py:2398} INFO - Sync 1 DAGs
[2022-11-28 08:58:57,679] {logging_mixin.py:109} INFO - [2022-11-28 08:58:57,679] {dag.py:2937} INFO - Setting next_dagrun for example_trigger_controller_dag to 2021-01-01T00:00:00+00:00
[2022-11-28 08:58:57,685] {processor.py:171} INFO - Processing /home/airflow/.local/lib/python3.8/site-packages/airflow/example_dags/example_trigger_controller_dag.py took 0.046 seconds
