[2022-11-28 08:57:13,295] {processor.py:163} INFO - Started process (PID=337) to work on /home/airflow/.local/lib/python3.8/site-packages/airflow/example_dags/example_task_group.py
[2022-11-28 08:57:13,296] {processor.py:642} INFO - Processing file /home/airflow/.local/lib/python3.8/site-packages/airflow/example_dags/example_task_group.py for tasks to queue
[2022-11-28 08:57:13,296] {logging_mixin.py:109} INFO - [2022-11-28 08:57:13,296] {dagbag.py:500} INFO - Filling up the DagBag from /home/airflow/.local/lib/python3.8/site-packages/airflow/example_dags/example_task_group.py
[2022-11-28 08:57:13,316] {processor.py:654} INFO - DAG(s) dict_keys(['example_task_group']) retrieved from /home/airflow/.local/lib/python3.8/site-packages/airflow/example_dags/example_task_group.py
[2022-11-28 08:57:14,676] {logging_mixin.py:109} INFO - [2022-11-28 08:57:14,676] {manager.py:496} INFO - Created Permission View: can read on DAG:example_task_group
[2022-11-28 08:57:14,681] {logging_mixin.py:109} INFO - [2022-11-28 08:57:14,681] {manager.py:496} INFO - Created Permission View: can edit on DAG:example_task_group
[2022-11-28 08:57:14,681] {logging_mixin.py:109} INFO - [2022-11-28 08:57:14,681] {dag.py:2398} INFO - Sync 1 DAGs
[2022-11-28 08:57:14,685] {logging_mixin.py:109} INFO - [2022-11-28 08:57:14,685] {dag.py:2417} INFO - Creating ORM DAG for example_task_group
[2022-11-28 08:57:14,690] {logging_mixin.py:109} INFO - [2022-11-28 08:57:14,690] {dag.py:2937} INFO - Setting next_dagrun for example_task_group to 2022-11-27T08:57:14.690029+00:00
[2022-11-28 08:57:14,696] {processor.py:171} INFO - Processing /home/airflow/.local/lib/python3.8/site-packages/airflow/example_dags/example_task_group.py took 1.403 seconds
[2022-11-28 08:57:44,998] {processor.py:163} INFO - Started process (PID=441) to work on /home/airflow/.local/lib/python3.8/site-packages/airflow/example_dags/example_task_group.py
[2022-11-28 08:57:44,998] {processor.py:642} INFO - Processing file /home/airflow/.local/lib/python3.8/site-packages/airflow/example_dags/example_task_group.py for tasks to queue
[2022-11-28 08:57:44,999] {logging_mixin.py:109} INFO - [2022-11-28 08:57:44,999] {dagbag.py:500} INFO - Filling up the DagBag from /home/airflow/.local/lib/python3.8/site-packages/airflow/example_dags/example_task_group.py
[2022-11-28 08:57:45,020] {processor.py:654} INFO - DAG(s) dict_keys(['example_task_group']) retrieved from /home/airflow/.local/lib/python3.8/site-packages/airflow/example_dags/example_task_group.py
[2022-11-28 08:57:45,030] {logging_mixin.py:109} INFO - [2022-11-28 08:57:45,030] {dag.py:2398} INFO - Sync 1 DAGs
[2022-11-28 08:57:45,043] {logging_mixin.py:109} INFO - [2022-11-28 08:57:45,043] {dag.py:2937} INFO - Setting next_dagrun for example_task_group to 2022-11-27T08:57:45.043397+00:00
[2022-11-28 08:57:45,050] {processor.py:171} INFO - Processing /home/airflow/.local/lib/python3.8/site-packages/airflow/example_dags/example_task_group.py took 0.054 seconds
[2022-11-28 08:58:15,085] {processor.py:163} INFO - Started process (PID=521) to work on /home/airflow/.local/lib/python3.8/site-packages/airflow/example_dags/example_task_group.py
[2022-11-28 08:58:15,086] {processor.py:642} INFO - Processing file /home/airflow/.local/lib/python3.8/site-packages/airflow/example_dags/example_task_group.py for tasks to queue
[2022-11-28 08:58:15,086] {logging_mixin.py:109} INFO - [2022-11-28 08:58:15,086] {dagbag.py:500} INFO - Filling up the DagBag from /home/airflow/.local/lib/python3.8/site-packages/airflow/example_dags/example_task_group.py
[2022-11-28 08:58:15,104] {processor.py:654} INFO - DAG(s) dict_keys(['example_task_group']) retrieved from /home/airflow/.local/lib/python3.8/site-packages/airflow/example_dags/example_task_group.py
[2022-11-28 08:58:15,110] {logging_mixin.py:109} INFO - [2022-11-28 08:58:15,110] {dag.py:2398} INFO - Sync 1 DAGs
[2022-11-28 08:58:15,119] {logging_mixin.py:109} INFO - [2022-11-28 08:58:15,119] {dag.py:2937} INFO - Setting next_dagrun for example_task_group to 2022-11-27T08:58:15.119235+00:00
[2022-11-28 08:58:15,125] {processor.py:171} INFO - Processing /home/airflow/.local/lib/python3.8/site-packages/airflow/example_dags/example_task_group.py took 0.041 seconds
[2022-11-28 08:58:45,498] {processor.py:163} INFO - Started process (PID=609) to work on /home/airflow/.local/lib/python3.8/site-packages/airflow/example_dags/example_task_group.py
[2022-11-28 08:58:45,499] {processor.py:642} INFO - Processing file /home/airflow/.local/lib/python3.8/site-packages/airflow/example_dags/example_task_group.py for tasks to queue
[2022-11-28 08:58:45,499] {logging_mixin.py:109} INFO - [2022-11-28 08:58:45,499] {dagbag.py:500} INFO - Filling up the DagBag from /home/airflow/.local/lib/python3.8/site-packages/airflow/example_dags/example_task_group.py
[2022-11-28 08:58:45,521] {processor.py:654} INFO - DAG(s) dict_keys(['example_task_group']) retrieved from /home/airflow/.local/lib/python3.8/site-packages/airflow/example_dags/example_task_group.py
[2022-11-28 08:58:45,530] {logging_mixin.py:109} INFO - [2022-11-28 08:58:45,530] {dag.py:2398} INFO - Sync 1 DAGs
[2022-11-28 08:58:45,543] {logging_mixin.py:109} INFO - [2022-11-28 08:58:45,543] {dag.py:2937} INFO - Setting next_dagrun for example_task_group to 2022-11-27T08:58:45.543218+00:00
[2022-11-28 08:58:45,549] {processor.py:171} INFO - Processing /home/airflow/.local/lib/python3.8/site-packages/airflow/example_dags/example_task_group.py took 0.053 seconds
[2022-11-28 08:59:15,908] {processor.py:163} INFO - Started process (PID=690) to work on /home/airflow/.local/lib/python3.8/site-packages/airflow/example_dags/example_task_group.py
[2022-11-28 08:59:15,908] {processor.py:642} INFO - Processing file /home/airflow/.local/lib/python3.8/site-packages/airflow/example_dags/example_task_group.py for tasks to queue
[2022-11-28 08:59:15,908] {logging_mixin.py:109} INFO - [2022-11-28 08:59:15,908] {dagbag.py:500} INFO - Filling up the DagBag from /home/airflow/.local/lib/python3.8/site-packages/airflow/example_dags/example_task_group.py
[2022-11-28 08:59:15,928] {processor.py:654} INFO - DAG(s) dict_keys(['example_task_group']) retrieved from /home/airflow/.local/lib/python3.8/site-packages/airflow/example_dags/example_task_group.py
[2022-11-28 08:59:15,935] {logging_mixin.py:109} INFO - [2022-11-28 08:59:15,935] {dag.py:2398} INFO - Sync 1 DAGs
[2022-11-28 08:59:15,945] {logging_mixin.py:109} INFO - [2022-11-28 08:59:15,945] {dag.py:2937} INFO - Setting next_dagrun for example_task_group to 2022-11-27T08:59:15.945370+00:00
[2022-11-28 08:59:15,972] {processor.py:171} INFO - Processing /home/airflow/.local/lib/python3.8/site-packages/airflow/example_dags/example_task_group.py took 0.066 seconds
