[2022-11-28 08:56:52,963] {processor.py:163} INFO - Started process (PID=106) to work on /home/airflow/.local/lib/python3.8/site-packages/airflow/example_dags/example_short_circuit_operator.py
[2022-11-28 08:56:52,964] {processor.py:642} INFO - Processing file /home/airflow/.local/lib/python3.8/site-packages/airflow/example_dags/example_short_circuit_operator.py for tasks to queue
[2022-11-28 08:56:52,965] {logging_mixin.py:109} INFO - [2022-11-28 08:56:52,965] {dagbag.py:500} INFO - Filling up the DagBag from /home/airflow/.local/lib/python3.8/site-packages/airflow/example_dags/example_short_circuit_operator.py
[2022-11-28 08:56:53,006] {processor.py:654} INFO - DAG(s) dict_keys(['example_short_circuit_operator']) retrieved from /home/airflow/.local/lib/python3.8/site-packages/airflow/example_dags/example_short_circuit_operator.py
[2022-11-28 08:56:55,757] {logging_mixin.py:109} INFO - [2022-11-28 08:56:55,757] {manager.py:496} INFO - Created Permission View: can read on DAG:example_short_circuit_operator
[2022-11-28 08:56:55,772] {logging_mixin.py:109} INFO - [2022-11-28 08:56:55,772] {manager.py:496} INFO - Created Permission View: can edit on DAG:example_short_circuit_operator
[2022-11-28 08:56:55,773] {logging_mixin.py:109} INFO - [2022-11-28 08:56:55,772] {dag.py:2398} INFO - Sync 1 DAGs
[2022-11-28 08:56:55,781] {logging_mixin.py:109} INFO - [2022-11-28 08:56:55,780] {dag.py:2417} INFO - Creating ORM DAG for example_short_circuit_operator
[2022-11-28 08:56:55,791] {logging_mixin.py:109} INFO - [2022-11-28 08:56:55,791] {dag.py:2937} INFO - Setting next_dagrun for example_short_circuit_operator to 2022-11-27T08:56:55.791420+00:00
[2022-11-28 08:56:55,814] {processor.py:171} INFO - Processing /home/airflow/.local/lib/python3.8/site-packages/airflow/example_dags/example_short_circuit_operator.py took 2.853 seconds
[2022-11-28 08:57:26,570] {processor.py:163} INFO - Started process (PID=402) to work on /home/airflow/.local/lib/python3.8/site-packages/airflow/example_dags/example_short_circuit_operator.py
[2022-11-28 08:57:26,572] {processor.py:642} INFO - Processing file /home/airflow/.local/lib/python3.8/site-packages/airflow/example_dags/example_short_circuit_operator.py for tasks to queue
[2022-11-28 08:57:26,573] {logging_mixin.py:109} INFO - [2022-11-28 08:57:26,573] {dagbag.py:500} INFO - Filling up the DagBag from /home/airflow/.local/lib/python3.8/site-packages/airflow/example_dags/example_short_circuit_operator.py
[2022-11-28 08:57:26,608] {processor.py:654} INFO - DAG(s) dict_keys(['example_short_circuit_operator']) retrieved from /home/airflow/.local/lib/python3.8/site-packages/airflow/example_dags/example_short_circuit_operator.py
[2022-11-28 08:57:26,614] {logging_mixin.py:109} INFO - [2022-11-28 08:57:26,614] {dag.py:2398} INFO - Sync 1 DAGs
[2022-11-28 08:57:26,624] {logging_mixin.py:109} INFO - [2022-11-28 08:57:26,624] {dag.py:2937} INFO - Setting next_dagrun for example_short_circuit_operator to 2022-11-27T08:57:26.624425+00:00
[2022-11-28 08:57:26,630] {processor.py:171} INFO - Processing /home/airflow/.local/lib/python3.8/site-packages/airflow/example_dags/example_short_circuit_operator.py took 0.067 seconds
[2022-11-28 08:57:56,872] {processor.py:163} INFO - Started process (PID=490) to work on /home/airflow/.local/lib/python3.8/site-packages/airflow/example_dags/example_short_circuit_operator.py
[2022-11-28 08:57:56,872] {processor.py:642} INFO - Processing file /home/airflow/.local/lib/python3.8/site-packages/airflow/example_dags/example_short_circuit_operator.py for tasks to queue
[2022-11-28 08:57:56,873] {logging_mixin.py:109} INFO - [2022-11-28 08:57:56,873] {dagbag.py:500} INFO - Filling up the DagBag from /home/airflow/.local/lib/python3.8/site-packages/airflow/example_dags/example_short_circuit_operator.py
[2022-11-28 08:57:56,892] {processor.py:654} INFO - DAG(s) dict_keys(['example_short_circuit_operator']) retrieved from /home/airflow/.local/lib/python3.8/site-packages/airflow/example_dags/example_short_circuit_operator.py
[2022-11-28 08:57:56,898] {logging_mixin.py:109} INFO - [2022-11-28 08:57:56,898] {dag.py:2398} INFO - Sync 1 DAGs
[2022-11-28 08:57:56,913] {logging_mixin.py:109} INFO - [2022-11-28 08:57:56,913] {dag.py:2937} INFO - Setting next_dagrun for example_short_circuit_operator to 2022-11-27T08:57:56.912801+00:00
[2022-11-28 08:57:56,920] {processor.py:171} INFO - Processing /home/airflow/.local/lib/python3.8/site-packages/airflow/example_dags/example_short_circuit_operator.py took 0.050 seconds
[2022-11-28 08:58:27,322] {processor.py:163} INFO - Started process (PID=570) to work on /home/airflow/.local/lib/python3.8/site-packages/airflow/example_dags/example_short_circuit_operator.py
[2022-11-28 08:58:27,323] {processor.py:642} INFO - Processing file /home/airflow/.local/lib/python3.8/site-packages/airflow/example_dags/example_short_circuit_operator.py for tasks to queue
[2022-11-28 08:58:27,323] {logging_mixin.py:109} INFO - [2022-11-28 08:58:27,323] {dagbag.py:500} INFO - Filling up the DagBag from /home/airflow/.local/lib/python3.8/site-packages/airflow/example_dags/example_short_circuit_operator.py
[2022-11-28 08:58:27,346] {processor.py:654} INFO - DAG(s) dict_keys(['example_short_circuit_operator']) retrieved from /home/airflow/.local/lib/python3.8/site-packages/airflow/example_dags/example_short_circuit_operator.py
[2022-11-28 08:58:27,353] {logging_mixin.py:109} INFO - [2022-11-28 08:58:27,353] {dag.py:2398} INFO - Sync 1 DAGs
[2022-11-28 08:58:27,363] {logging_mixin.py:109} INFO - [2022-11-28 08:58:27,363] {dag.py:2937} INFO - Setting next_dagrun for example_short_circuit_operator to 2022-11-27T08:58:27.363573+00:00
[2022-11-28 08:58:27,371] {processor.py:171} INFO - Processing /home/airflow/.local/lib/python3.8/site-packages/airflow/example_dags/example_short_circuit_operator.py took 0.051 seconds
[2022-11-28 08:58:57,694] {processor.py:163} INFO - Started process (PID=658) to work on /home/airflow/.local/lib/python3.8/site-packages/airflow/example_dags/example_short_circuit_operator.py
[2022-11-28 08:58:57,695] {processor.py:642} INFO - Processing file /home/airflow/.local/lib/python3.8/site-packages/airflow/example_dags/example_short_circuit_operator.py for tasks to queue
[2022-11-28 08:58:57,695] {logging_mixin.py:109} INFO - [2022-11-28 08:58:57,695] {dagbag.py:500} INFO - Filling up the DagBag from /home/airflow/.local/lib/python3.8/site-packages/airflow/example_dags/example_short_circuit_operator.py
[2022-11-28 08:58:57,714] {processor.py:654} INFO - DAG(s) dict_keys(['example_short_circuit_operator']) retrieved from /home/airflow/.local/lib/python3.8/site-packages/airflow/example_dags/example_short_circuit_operator.py
[2022-11-28 08:58:57,720] {logging_mixin.py:109} INFO - [2022-11-28 08:58:57,720] {dag.py:2398} INFO - Sync 1 DAGs
[2022-11-28 08:58:57,734] {logging_mixin.py:109} INFO - [2022-11-28 08:58:57,733] {dag.py:2937} INFO - Setting next_dagrun for example_short_circuit_operator to 2022-11-27T08:58:57.733669+00:00
[2022-11-28 08:58:57,742] {processor.py:171} INFO - Processing /home/airflow/.local/lib/python3.8/site-packages/airflow/example_dags/example_short_circuit_operator.py took 0.049 seconds
[2022-11-28 08:59:29,971] {processor.py:163} INFO - Started process (PID=739) to work on /home/airflow/.local/lib/python3.8/site-packages/airflow/example_dags/example_short_circuit_operator.py
[2022-11-28 08:59:29,972] {processor.py:642} INFO - Processing file /home/airflow/.local/lib/python3.8/site-packages/airflow/example_dags/example_short_circuit_operator.py for tasks to queue
[2022-11-28 08:59:29,972] {logging_mixin.py:109} INFO - [2022-11-28 08:59:29,972] {dagbag.py:500} INFO - Filling up the DagBag from /home/airflow/.local/lib/python3.8/site-packages/airflow/example_dags/example_short_circuit_operator.py
[2022-11-28 08:59:29,992] {processor.py:654} INFO - DAG(s) dict_keys(['example_short_circuit_operator']) retrieved from /home/airflow/.local/lib/python3.8/site-packages/airflow/example_dags/example_short_circuit_operator.py
[2022-11-28 08:59:29,999] {logging_mixin.py:109} INFO - [2022-11-28 08:59:29,999] {dag.py:2398} INFO - Sync 1 DAGs
[2022-11-28 08:59:30,010] {logging_mixin.py:109} INFO - [2022-11-28 08:59:30,010] {dag.py:2937} INFO - Setting next_dagrun for example_short_circuit_operator to 2022-11-27T08:59:30.010312+00:00
[2022-11-28 08:59:30,016] {processor.py:171} INFO - Processing /home/airflow/.local/lib/python3.8/site-packages/airflow/example_dags/example_short_circuit_operator.py took 0.046 seconds
[2022-11-28 09:00:02,349] {processor.py:163} INFO - Started process (PID=827) to work on /home/airflow/.local/lib/python3.8/site-packages/airflow/example_dags/example_short_circuit_operator.py
[2022-11-28 09:00:02,350] {processor.py:642} INFO - Processing file /home/airflow/.local/lib/python3.8/site-packages/airflow/example_dags/example_short_circuit_operator.py for tasks to queue
[2022-11-28 09:00:02,350] {logging_mixin.py:109} INFO - [2022-11-28 09:00:02,350] {dagbag.py:500} INFO - Filling up the DagBag from /home/airflow/.local/lib/python3.8/site-packages/airflow/example_dags/example_short_circuit_operator.py
[2022-11-28 09:00:02,369] {processor.py:654} INFO - DAG(s) dict_keys(['example_short_circuit_operator']) retrieved from /home/airflow/.local/lib/python3.8/site-packages/airflow/example_dags/example_short_circuit_operator.py
[2022-11-28 09:00:02,375] {logging_mixin.py:109} INFO - [2022-11-28 09:00:02,374] {dag.py:2398} INFO - Sync 1 DAGs
[2022-11-28 09:00:02,385] {logging_mixin.py:109} INFO - [2022-11-28 09:00:02,385] {dag.py:2937} INFO - Setting next_dagrun for example_short_circuit_operator to 2022-11-27T09:00:02.385079+00:00
[2022-11-28 09:00:02,390] {processor.py:171} INFO - Processing /home/airflow/.local/lib/python3.8/site-packages/airflow/example_dags/example_short_circuit_operator.py took 0.043 seconds
[2022-11-28 09:00:34,852] {processor.py:163} INFO - Started process (PID=915) to work on /home/airflow/.local/lib/python3.8/site-packages/airflow/example_dags/example_short_circuit_operator.py
[2022-11-28 09:00:34,853] {processor.py:642} INFO - Processing file /home/airflow/.local/lib/python3.8/site-packages/airflow/example_dags/example_short_circuit_operator.py for tasks to queue
[2022-11-28 09:00:34,853] {logging_mixin.py:109} INFO - [2022-11-28 09:00:34,853] {dagbag.py:500} INFO - Filling up the DagBag from /home/airflow/.local/lib/python3.8/site-packages/airflow/example_dags/example_short_circuit_operator.py
[2022-11-28 09:00:34,871] {processor.py:654} INFO - DAG(s) dict_keys(['example_short_circuit_operator']) retrieved from /home/airflow/.local/lib/python3.8/site-packages/airflow/example_dags/example_short_circuit_operator.py
[2022-11-28 09:00:34,876] {logging_mixin.py:109} INFO - [2022-11-28 09:00:34,876] {dag.py:2398} INFO - Sync 1 DAGs
[2022-11-28 09:00:34,887] {logging_mixin.py:109} INFO - [2022-11-28 09:00:34,887] {dag.py:2937} INFO - Setting next_dagrun for example_short_circuit_operator to 2022-11-27T09:00:34.886968+00:00
[2022-11-28 09:00:34,907] {processor.py:171} INFO - Processing /home/airflow/.local/lib/python3.8/site-packages/airflow/example_dags/example_short_circuit_operator.py took 0.057 seconds
[2022-11-28 09:01:07,158] {processor.py:163} INFO - Started process (PID=995) to work on /home/airflow/.local/lib/python3.8/site-packages/airflow/example_dags/example_short_circuit_operator.py
[2022-11-28 09:01:07,159] {processor.py:642} INFO - Processing file /home/airflow/.local/lib/python3.8/site-packages/airflow/example_dags/example_short_circuit_operator.py for tasks to queue
[2022-11-28 09:01:07,159] {logging_mixin.py:109} INFO - [2022-11-28 09:01:07,159] {dagbag.py:500} INFO - Filling up the DagBag from /home/airflow/.local/lib/python3.8/site-packages/airflow/example_dags/example_short_circuit_operator.py
[2022-11-28 09:01:07,180] {processor.py:654} INFO - DAG(s) dict_keys(['example_short_circuit_operator']) retrieved from /home/airflow/.local/lib/python3.8/site-packages/airflow/example_dags/example_short_circuit_operator.py
[2022-11-28 09:01:07,187] {logging_mixin.py:109} INFO - [2022-11-28 09:01:07,187] {dag.py:2398} INFO - Sync 1 DAGs
[2022-11-28 09:01:07,201] {logging_mixin.py:109} INFO - [2022-11-28 09:01:07,201] {dag.py:2937} INFO - Setting next_dagrun for example_short_circuit_operator to 2022-11-27T09:01:07.201212+00:00
[2022-11-28 09:01:07,207] {processor.py:171} INFO - Processing /home/airflow/.local/lib/python3.8/site-packages/airflow/example_dags/example_short_circuit_operator.py took 0.051 seconds
[2022-11-28 09:01:39,665] {processor.py:163} INFO - Started process (PID=1083) to work on /home/airflow/.local/lib/python3.8/site-packages/airflow/example_dags/example_short_circuit_operator.py
[2022-11-28 09:01:39,665] {processor.py:642} INFO - Processing file /home/airflow/.local/lib/python3.8/site-packages/airflow/example_dags/example_short_circuit_operator.py for tasks to queue
[2022-11-28 09:01:39,666] {logging_mixin.py:109} INFO - [2022-11-28 09:01:39,666] {dagbag.py:500} INFO - Filling up the DagBag from /home/airflow/.local/lib/python3.8/site-packages/airflow/example_dags/example_short_circuit_operator.py
[2022-11-28 09:01:39,684] {processor.py:654} INFO - DAG(s) dict_keys(['example_short_circuit_operator']) retrieved from /home/airflow/.local/lib/python3.8/site-packages/airflow/example_dags/example_short_circuit_operator.py
[2022-11-28 09:01:39,690] {logging_mixin.py:109} INFO - [2022-11-28 09:01:39,690] {dag.py:2398} INFO - Sync 1 DAGs
[2022-11-28 09:01:39,700] {logging_mixin.py:109} INFO - [2022-11-28 09:01:39,700] {dag.py:2937} INFO - Setting next_dagrun for example_short_circuit_operator to 2022-11-27T09:01:39.700030+00:00
[2022-11-28 09:01:39,705] {processor.py:171} INFO - Processing /home/airflow/.local/lib/python3.8/site-packages/airflow/example_dags/example_short_circuit_operator.py took 0.042 seconds
