[2022-11-28 08:57:02,159] {processor.py:163} INFO - Started process (PID=203) to work on /home/airflow/.local/lib/python3.8/site-packages/airflow/example_dags/example_skip_dag.py
[2022-11-28 08:57:02,159] {processor.py:642} INFO - Processing file /home/airflow/.local/lib/python3.8/site-packages/airflow/example_dags/example_skip_dag.py for tasks to queue
[2022-11-28 08:57:02,160] {logging_mixin.py:109} INFO - [2022-11-28 08:57:02,159] {dagbag.py:500} INFO - Filling up the DagBag from /home/airflow/.local/lib/python3.8/site-packages/airflow/example_dags/example_skip_dag.py
[2022-11-28 08:57:02,179] {processor.py:654} INFO - DAG(s) dict_keys(['example_skip_dag']) retrieved from /home/airflow/.local/lib/python3.8/site-packages/airflow/example_dags/example_skip_dag.py
[2022-11-28 08:57:03,574] {logging_mixin.py:109} INFO - [2022-11-28 08:57:03,574] {manager.py:496} INFO - Created Permission View: can read on DAG:example_skip_dag
[2022-11-28 08:57:03,578] {logging_mixin.py:109} INFO - [2022-11-28 08:57:03,578] {manager.py:496} INFO - Created Permission View: can edit on DAG:example_skip_dag
[2022-11-28 08:57:03,579] {logging_mixin.py:109} INFO - [2022-11-28 08:57:03,579] {dag.py:2398} INFO - Sync 1 DAGs
[2022-11-28 08:57:03,583] {logging_mixin.py:109} INFO - [2022-11-28 08:57:03,583] {dag.py:2417} INFO - Creating ORM DAG for example_skip_dag
[2022-11-28 08:57:03,587] {logging_mixin.py:109} INFO - [2022-11-28 08:57:03,587] {dag.py:2937} INFO - Setting next_dagrun for example_skip_dag to 2022-11-27T08:57:03.587669+00:00
[2022-11-28 08:57:03,594] {processor.py:171} INFO - Processing /home/airflow/.local/lib/python3.8/site-packages/airflow/example_dags/example_skip_dag.py took 1.437 seconds
[2022-11-28 08:57:33,989] {processor.py:163} INFO - Started process (PID=419) to work on /home/airflow/.local/lib/python3.8/site-packages/airflow/example_dags/example_skip_dag.py
[2022-11-28 08:57:33,990] {processor.py:642} INFO - Processing file /home/airflow/.local/lib/python3.8/site-packages/airflow/example_dags/example_skip_dag.py for tasks to queue
[2022-11-28 08:57:33,990] {logging_mixin.py:109} INFO - [2022-11-28 08:57:33,990] {dagbag.py:500} INFO - Filling up the DagBag from /home/airflow/.local/lib/python3.8/site-packages/airflow/example_dags/example_skip_dag.py
[2022-11-28 08:57:34,008] {processor.py:654} INFO - DAG(s) dict_keys(['example_skip_dag']) retrieved from /home/airflow/.local/lib/python3.8/site-packages/airflow/example_dags/example_skip_dag.py
[2022-11-28 08:57:34,014] {logging_mixin.py:109} INFO - [2022-11-28 08:57:34,014] {dag.py:2398} INFO - Sync 1 DAGs
[2022-11-28 08:57:34,024] {logging_mixin.py:109} INFO - [2022-11-28 08:57:34,024] {dag.py:2937} INFO - Setting next_dagrun for example_skip_dag to 2022-11-27T08:57:34.024436+00:00
[2022-11-28 08:57:34,030] {processor.py:171} INFO - Processing /home/airflow/.local/lib/python3.8/site-packages/airflow/example_dags/example_skip_dag.py took 0.043 seconds
[2022-11-28 08:58:04,243] {processor.py:163} INFO - Started process (PID=499) to work on /home/airflow/.local/lib/python3.8/site-packages/airflow/example_dags/example_skip_dag.py
[2022-11-28 08:58:04,245] {processor.py:642} INFO - Processing file /home/airflow/.local/lib/python3.8/site-packages/airflow/example_dags/example_skip_dag.py for tasks to queue
[2022-11-28 08:58:04,245] {logging_mixin.py:109} INFO - [2022-11-28 08:58:04,245] {dagbag.py:500} INFO - Filling up the DagBag from /home/airflow/.local/lib/python3.8/site-packages/airflow/example_dags/example_skip_dag.py
[2022-11-28 08:58:04,270] {processor.py:654} INFO - DAG(s) dict_keys(['example_skip_dag']) retrieved from /home/airflow/.local/lib/python3.8/site-packages/airflow/example_dags/example_skip_dag.py
[2022-11-28 08:58:04,276] {logging_mixin.py:109} INFO - [2022-11-28 08:58:04,276] {dag.py:2398} INFO - Sync 1 DAGs
[2022-11-28 08:58:04,286] {logging_mixin.py:109} INFO - [2022-11-28 08:58:04,286] {dag.py:2937} INFO - Setting next_dagrun for example_skip_dag to 2022-11-27T08:58:04.286107+00:00
[2022-11-28 08:58:04,291] {processor.py:171} INFO - Processing /home/airflow/.local/lib/python3.8/site-packages/airflow/example_dags/example_skip_dag.py took 0.052 seconds
[2022-11-28 08:58:34,738] {processor.py:163} INFO - Started process (PID=587) to work on /home/airflow/.local/lib/python3.8/site-packages/airflow/example_dags/example_skip_dag.py
[2022-11-28 08:58:34,739] {processor.py:642} INFO - Processing file /home/airflow/.local/lib/python3.8/site-packages/airflow/example_dags/example_skip_dag.py for tasks to queue
[2022-11-28 08:58:34,740] {logging_mixin.py:109} INFO - [2022-11-28 08:58:34,740] {dagbag.py:500} INFO - Filling up the DagBag from /home/airflow/.local/lib/python3.8/site-packages/airflow/example_dags/example_skip_dag.py
[2022-11-28 08:58:34,759] {processor.py:654} INFO - DAG(s) dict_keys(['example_skip_dag']) retrieved from /home/airflow/.local/lib/python3.8/site-packages/airflow/example_dags/example_skip_dag.py
[2022-11-28 08:58:34,769] {logging_mixin.py:109} INFO - [2022-11-28 08:58:34,768] {dag.py:2398} INFO - Sync 1 DAGs
[2022-11-28 08:58:34,783] {logging_mixin.py:109} INFO - [2022-11-28 08:58:34,783] {dag.py:2937} INFO - Setting next_dagrun for example_skip_dag to 2022-11-27T08:58:34.782844+00:00
[2022-11-28 08:58:34,789] {processor.py:171} INFO - Processing /home/airflow/.local/lib/python3.8/site-packages/airflow/example_dags/example_skip_dag.py took 0.053 seconds
[2022-11-28 08:59:05,044] {processor.py:163} INFO - Started process (PID=667) to work on /home/airflow/.local/lib/python3.8/site-packages/airflow/example_dags/example_skip_dag.py
[2022-11-28 08:59:05,046] {processor.py:642} INFO - Processing file /home/airflow/.local/lib/python3.8/site-packages/airflow/example_dags/example_skip_dag.py for tasks to queue
[2022-11-28 08:59:05,047] {logging_mixin.py:109} INFO - [2022-11-28 08:59:05,047] {dagbag.py:500} INFO - Filling up the DagBag from /home/airflow/.local/lib/python3.8/site-packages/airflow/example_dags/example_skip_dag.py
[2022-11-28 08:59:05,074] {processor.py:654} INFO - DAG(s) dict_keys(['example_skip_dag']) retrieved from /home/airflow/.local/lib/python3.8/site-packages/airflow/example_dags/example_skip_dag.py
[2022-11-28 08:59:05,081] {logging_mixin.py:109} INFO - [2022-11-28 08:59:05,081] {dag.py:2398} INFO - Sync 1 DAGs
[2022-11-28 08:59:05,091] {logging_mixin.py:109} INFO - [2022-11-28 08:59:05,091] {dag.py:2937} INFO - Setting next_dagrun for example_skip_dag to 2022-11-27T08:59:05.091429+00:00
[2022-11-28 08:59:05,098] {processor.py:171} INFO - Processing /home/airflow/.local/lib/python3.8/site-packages/airflow/example_dags/example_skip_dag.py took 0.061 seconds
[2022-11-28 08:59:35,296] {processor.py:163} INFO - Started process (PID=756) to work on /home/airflow/.local/lib/python3.8/site-packages/airflow/example_dags/example_skip_dag.py
[2022-11-28 08:59:35,349] {processor.py:642} INFO - Processing file /home/airflow/.local/lib/python3.8/site-packages/airflow/example_dags/example_skip_dag.py for tasks to queue
[2022-11-28 08:59:35,351] {logging_mixin.py:109} INFO - [2022-11-28 08:59:35,351] {dagbag.py:500} INFO - Filling up the DagBag from /home/airflow/.local/lib/python3.8/site-packages/airflow/example_dags/example_skip_dag.py
[2022-11-28 08:59:35,399] {processor.py:654} INFO - DAG(s) dict_keys(['example_skip_dag']) retrieved from /home/airflow/.local/lib/python3.8/site-packages/airflow/example_dags/example_skip_dag.py
[2022-11-28 08:59:35,408] {logging_mixin.py:109} INFO - [2022-11-28 08:59:35,408] {dag.py:2398} INFO - Sync 1 DAGs
[2022-11-28 08:59:35,420] {logging_mixin.py:109} INFO - [2022-11-28 08:59:35,420] {dag.py:2937} INFO - Setting next_dagrun for example_skip_dag to 2022-11-27T08:59:35.419906+00:00
[2022-11-28 08:59:35,427] {processor.py:171} INFO - Processing /home/airflow/.local/lib/python3.8/site-packages/airflow/example_dags/example_skip_dag.py took 0.139 seconds
[2022-11-28 09:00:05,734] {processor.py:163} INFO - Started process (PID=836) to work on /home/airflow/.local/lib/python3.8/site-packages/airflow/example_dags/example_skip_dag.py
[2022-11-28 09:00:05,737] {processor.py:642} INFO - Processing file /home/airflow/.local/lib/python3.8/site-packages/airflow/example_dags/example_skip_dag.py for tasks to queue
[2022-11-28 09:00:05,738] {logging_mixin.py:109} INFO - [2022-11-28 09:00:05,738] {dagbag.py:500} INFO - Filling up the DagBag from /home/airflow/.local/lib/python3.8/site-packages/airflow/example_dags/example_skip_dag.py
[2022-11-28 09:00:05,775] {processor.py:654} INFO - DAG(s) dict_keys(['example_skip_dag']) retrieved from /home/airflow/.local/lib/python3.8/site-packages/airflow/example_dags/example_skip_dag.py
[2022-11-28 09:00:05,783] {logging_mixin.py:109} INFO - [2022-11-28 09:00:05,783] {dag.py:2398} INFO - Sync 1 DAGs
[2022-11-28 09:00:05,793] {logging_mixin.py:109} INFO - [2022-11-28 09:00:05,793] {dag.py:2937} INFO - Setting next_dagrun for example_skip_dag to 2022-11-27T09:00:05.793032+00:00
[2022-11-28 09:00:05,798] {processor.py:171} INFO - Processing /home/airflow/.local/lib/python3.8/site-packages/airflow/example_dags/example_skip_dag.py took 0.071 seconds
[2022-11-28 09:00:36,246] {processor.py:163} INFO - Started process (PID=924) to work on /home/airflow/.local/lib/python3.8/site-packages/airflow/example_dags/example_skip_dag.py
[2022-11-28 09:00:36,249] {processor.py:642} INFO - Processing file /home/airflow/.local/lib/python3.8/site-packages/airflow/example_dags/example_skip_dag.py for tasks to queue
[2022-11-28 09:00:36,250] {logging_mixin.py:109} INFO - [2022-11-28 09:00:36,250] {dagbag.py:500} INFO - Filling up the DagBag from /home/airflow/.local/lib/python3.8/site-packages/airflow/example_dags/example_skip_dag.py
[2022-11-28 09:00:36,287] {processor.py:654} INFO - DAG(s) dict_keys(['example_skip_dag']) retrieved from /home/airflow/.local/lib/python3.8/site-packages/airflow/example_dags/example_skip_dag.py
[2022-11-28 09:00:36,294] {logging_mixin.py:109} INFO - [2022-11-28 09:00:36,294] {dag.py:2398} INFO - Sync 1 DAGs
[2022-11-28 09:00:36,303] {logging_mixin.py:109} INFO - [2022-11-28 09:00:36,303] {dag.py:2937} INFO - Setting next_dagrun for example_skip_dag to 2022-11-27T09:00:36.303624+00:00
[2022-11-28 09:00:36,310] {processor.py:171} INFO - Processing /home/airflow/.local/lib/python3.8/site-packages/airflow/example_dags/example_skip_dag.py took 0.071 seconds
[2022-11-28 09:01:07,496] {processor.py:163} INFO - Started process (PID=1004) to work on /home/airflow/.local/lib/python3.8/site-packages/airflow/example_dags/example_skip_dag.py
[2022-11-28 09:01:07,497] {processor.py:642} INFO - Processing file /home/airflow/.local/lib/python3.8/site-packages/airflow/example_dags/example_skip_dag.py for tasks to queue
[2022-11-28 09:01:07,497] {logging_mixin.py:109} INFO - [2022-11-28 09:01:07,497] {dagbag.py:500} INFO - Filling up the DagBag from /home/airflow/.local/lib/python3.8/site-packages/airflow/example_dags/example_skip_dag.py
[2022-11-28 09:01:07,515] {processor.py:654} INFO - DAG(s) dict_keys(['example_skip_dag']) retrieved from /home/airflow/.local/lib/python3.8/site-packages/airflow/example_dags/example_skip_dag.py
[2022-11-28 09:01:07,522] {logging_mixin.py:109} INFO - [2022-11-28 09:01:07,522] {dag.py:2398} INFO - Sync 1 DAGs
[2022-11-28 09:01:07,533] {logging_mixin.py:109} INFO - [2022-11-28 09:01:07,533] {dag.py:2937} INFO - Setting next_dagrun for example_skip_dag to 2022-11-27T09:01:07.533227+00:00
[2022-11-28 09:01:07,539] {processor.py:171} INFO - Processing /home/airflow/.local/lib/python3.8/site-packages/airflow/example_dags/example_skip_dag.py took 0.045 seconds
[2022-11-28 09:01:39,979] {processor.py:163} INFO - Started process (PID=1092) to work on /home/airflow/.local/lib/python3.8/site-packages/airflow/example_dags/example_skip_dag.py
[2022-11-28 09:01:39,980] {processor.py:642} INFO - Processing file /home/airflow/.local/lib/python3.8/site-packages/airflow/example_dags/example_skip_dag.py for tasks to queue
[2022-11-28 09:01:39,980] {logging_mixin.py:109} INFO - [2022-11-28 09:01:39,980] {dagbag.py:500} INFO - Filling up the DagBag from /home/airflow/.local/lib/python3.8/site-packages/airflow/example_dags/example_skip_dag.py
[2022-11-28 09:01:39,998] {processor.py:654} INFO - DAG(s) dict_keys(['example_skip_dag']) retrieved from /home/airflow/.local/lib/python3.8/site-packages/airflow/example_dags/example_skip_dag.py
[2022-11-28 09:01:40,004] {logging_mixin.py:109} INFO - [2022-11-28 09:01:40,004] {dag.py:2398} INFO - Sync 1 DAGs
[2022-11-28 09:01:40,015] {logging_mixin.py:109} INFO - [2022-11-28 09:01:40,014] {dag.py:2937} INFO - Setting next_dagrun for example_skip_dag to 2022-11-27T09:01:40.014803+00:00
[2022-11-28 09:01:40,020] {processor.py:171} INFO - Processing /home/airflow/.local/lib/python3.8/site-packages/airflow/example_dags/example_skip_dag.py took 0.042 seconds
