[2022-11-28 08:57:10,185] {processor.py:163} INFO - Started process (PID=302) to work on /home/airflow/.local/lib/python3.8/site-packages/airflow/example_dags/example_bash_operator.py
[2022-11-28 08:57:10,186] {processor.py:642} INFO - Processing file /home/airflow/.local/lib/python3.8/site-packages/airflow/example_dags/example_bash_operator.py for tasks to queue
[2022-11-28 08:57:10,186] {logging_mixin.py:109} INFO - [2022-11-28 08:57:10,186] {dagbag.py:500} INFO - Filling up the DagBag from /home/airflow/.local/lib/python3.8/site-packages/airflow/example_dags/example_bash_operator.py
[2022-11-28 08:57:10,212] {processor.py:654} INFO - DAG(s) dict_keys(['example_bash_operator']) retrieved from /home/airflow/.local/lib/python3.8/site-packages/airflow/example_dags/example_bash_operator.py
[2022-11-28 08:57:11,783] {logging_mixin.py:109} INFO - [2022-11-28 08:57:11,783] {manager.py:496} INFO - Created Permission View: can read on DAG:example_bash_operator
[2022-11-28 08:57:11,789] {logging_mixin.py:109} INFO - [2022-11-28 08:57:11,789] {manager.py:496} INFO - Created Permission View: can edit on DAG:example_bash_operator
[2022-11-28 08:57:11,789] {logging_mixin.py:109} INFO - [2022-11-28 08:57:11,789] {dag.py:2398} INFO - Sync 1 DAGs
[2022-11-28 08:57:11,794] {logging_mixin.py:109} INFO - [2022-11-28 08:57:11,794] {dag.py:2417} INFO - Creating ORM DAG for example_bash_operator
[2022-11-28 08:57:11,800] {logging_mixin.py:109} INFO - [2022-11-28 08:57:11,800] {dag.py:2937} INFO - Setting next_dagrun for example_bash_operator to 2022-11-27 00:00:00+00:00
[2022-11-28 08:57:11,808] {processor.py:171} INFO - Processing /home/airflow/.local/lib/python3.8/site-packages/airflow/example_dags/example_bash_operator.py took 1.625 seconds
[2022-11-28 08:57:42,627] {processor.py:163} INFO - Started process (PID=430) to work on /home/airflow/.local/lib/python3.8/site-packages/airflow/example_dags/example_bash_operator.py
[2022-11-28 08:57:42,628] {processor.py:642} INFO - Processing file /home/airflow/.local/lib/python3.8/site-packages/airflow/example_dags/example_bash_operator.py for tasks to queue
[2022-11-28 08:57:42,629] {logging_mixin.py:109} INFO - [2022-11-28 08:57:42,629] {dagbag.py:500} INFO - Filling up the DagBag from /home/airflow/.local/lib/python3.8/site-packages/airflow/example_dags/example_bash_operator.py
[2022-11-28 08:57:42,656] {processor.py:654} INFO - DAG(s) dict_keys(['example_bash_operator']) retrieved from /home/airflow/.local/lib/python3.8/site-packages/airflow/example_dags/example_bash_operator.py
[2022-11-28 08:57:42,661] {logging_mixin.py:109} INFO - [2022-11-28 08:57:42,661] {dag.py:2398} INFO - Sync 1 DAGs
[2022-11-28 08:57:42,672] {logging_mixin.py:109} INFO - [2022-11-28 08:57:42,672] {dag.py:2937} INFO - Setting next_dagrun for example_bash_operator to 2022-11-27 00:00:00+00:00
[2022-11-28 08:57:42,677] {processor.py:171} INFO - Processing /home/airflow/.local/lib/python3.8/site-packages/airflow/example_dags/example_bash_operator.py took 0.055 seconds
[2022-11-28 08:58:12,727] {processor.py:163} INFO - Started process (PID=517) to work on /home/airflow/.local/lib/python3.8/site-packages/airflow/example_dags/example_bash_operator.py
[2022-11-28 08:58:12,728] {processor.py:642} INFO - Processing file /home/airflow/.local/lib/python3.8/site-packages/airflow/example_dags/example_bash_operator.py for tasks to queue
[2022-11-28 08:58:12,728] {logging_mixin.py:109} INFO - [2022-11-28 08:58:12,728] {dagbag.py:500} INFO - Filling up the DagBag from /home/airflow/.local/lib/python3.8/site-packages/airflow/example_dags/example_bash_operator.py
[2022-11-28 08:58:12,749] {processor.py:654} INFO - DAG(s) dict_keys(['example_bash_operator']) retrieved from /home/airflow/.local/lib/python3.8/site-packages/airflow/example_dags/example_bash_operator.py
[2022-11-28 08:58:12,754] {logging_mixin.py:109} INFO - [2022-11-28 08:58:12,754] {dag.py:2398} INFO - Sync 1 DAGs
[2022-11-28 08:58:12,764] {logging_mixin.py:109} INFO - [2022-11-28 08:58:12,764] {dag.py:2937} INFO - Setting next_dagrun for example_bash_operator to 2022-11-27 00:00:00+00:00
[2022-11-28 08:58:12,770] {processor.py:171} INFO - Processing /home/airflow/.local/lib/python3.8/site-packages/airflow/example_dags/example_bash_operator.py took 0.045 seconds
[2022-11-28 08:58:43,152] {processor.py:163} INFO - Started process (PID=597) to work on /home/airflow/.local/lib/python3.8/site-packages/airflow/example_dags/example_bash_operator.py
[2022-11-28 08:58:43,154] {processor.py:642} INFO - Processing file /home/airflow/.local/lib/python3.8/site-packages/airflow/example_dags/example_bash_operator.py for tasks to queue
[2022-11-28 08:58:43,155] {logging_mixin.py:109} INFO - [2022-11-28 08:58:43,155] {dagbag.py:500} INFO - Filling up the DagBag from /home/airflow/.local/lib/python3.8/site-packages/airflow/example_dags/example_bash_operator.py
[2022-11-28 08:58:43,187] {processor.py:654} INFO - DAG(s) dict_keys(['example_bash_operator']) retrieved from /home/airflow/.local/lib/python3.8/site-packages/airflow/example_dags/example_bash_operator.py
[2022-11-28 08:58:43,193] {logging_mixin.py:109} INFO - [2022-11-28 08:58:43,193] {dag.py:2398} INFO - Sync 1 DAGs
[2022-11-28 08:58:43,203] {logging_mixin.py:109} INFO - [2022-11-28 08:58:43,203] {dag.py:2937} INFO - Setting next_dagrun for example_bash_operator to 2022-11-27 00:00:00+00:00
[2022-11-28 08:58:43,210] {processor.py:171} INFO - Processing /home/airflow/.local/lib/python3.8/site-packages/airflow/example_dags/example_bash_operator.py took 0.065 seconds
[2022-11-28 08:59:13,381] {processor.py:163} INFO - Started process (PID=686) to work on /home/airflow/.local/lib/python3.8/site-packages/airflow/example_dags/example_bash_operator.py
[2022-11-28 08:59:13,382] {processor.py:642} INFO - Processing file /home/airflow/.local/lib/python3.8/site-packages/airflow/example_dags/example_bash_operator.py for tasks to queue
[2022-11-28 08:59:13,382] {logging_mixin.py:109} INFO - [2022-11-28 08:59:13,382] {dagbag.py:500} INFO - Filling up the DagBag from /home/airflow/.local/lib/python3.8/site-packages/airflow/example_dags/example_bash_operator.py
[2022-11-28 08:59:13,403] {processor.py:654} INFO - DAG(s) dict_keys(['example_bash_operator']) retrieved from /home/airflow/.local/lib/python3.8/site-packages/airflow/example_dags/example_bash_operator.py
[2022-11-28 08:59:13,409] {logging_mixin.py:109} INFO - [2022-11-28 08:59:13,409] {dag.py:2398} INFO - Sync 1 DAGs
[2022-11-28 08:59:13,419] {logging_mixin.py:109} INFO - [2022-11-28 08:59:13,419] {dag.py:2937} INFO - Setting next_dagrun for example_bash_operator to 2022-11-27 00:00:00+00:00
[2022-11-28 08:59:13,424] {processor.py:171} INFO - Processing /home/airflow/.local/lib/python3.8/site-packages/airflow/example_dags/example_bash_operator.py took 0.044 seconds
