[2022-11-28 08:57:10,104] {processor.py:163} INFO - Started process (PID=301) to work on /home/airflow/.local/lib/python3.8/site-packages/airflow/example_dags/example_dag_decorator.py
[2022-11-28 08:57:10,105] {processor.py:642} INFO - Processing file /home/airflow/.local/lib/python3.8/site-packages/airflow/example_dags/example_dag_decorator.py for tasks to queue
[2022-11-28 08:57:10,106] {logging_mixin.py:109} INFO - [2022-11-28 08:57:10,106] {dagbag.py:500} INFO - Filling up the DagBag from /home/airflow/.local/lib/python3.8/site-packages/airflow/example_dags/example_dag_decorator.py
[2022-11-28 08:57:10,154] {processor.py:654} INFO - DAG(s) dict_keys(['example_dag_decorator']) retrieved from /home/airflow/.local/lib/python3.8/site-packages/airflow/example_dags/example_dag_decorator.py
[2022-11-28 08:57:11,706] {logging_mixin.py:109} INFO - [2022-11-28 08:57:11,706] {manager.py:496} INFO - Created Permission View: can read on DAG:example_dag_decorator
[2022-11-28 08:57:11,711] {logging_mixin.py:109} INFO - [2022-11-28 08:57:11,711] {manager.py:496} INFO - Created Permission View: can edit on DAG:example_dag_decorator
[2022-11-28 08:57:11,711] {logging_mixin.py:109} INFO - [2022-11-28 08:57:11,711] {dag.py:2398} INFO - Sync 1 DAGs
[2022-11-28 08:57:11,715] {logging_mixin.py:109} INFO - [2022-11-28 08:57:11,715] {dag.py:2417} INFO - Creating ORM DAG for example_dag_decorator
[2022-11-28 08:57:11,721] {logging_mixin.py:109} INFO - [2022-11-28 08:57:11,721] {dag.py:2937} INFO - Setting next_dagrun for example_dag_decorator to None
[2022-11-28 08:57:11,728] {processor.py:171} INFO - Processing /home/airflow/.local/lib/python3.8/site-packages/airflow/example_dags/example_dag_decorator.py took 1.627 seconds
[2022-11-28 08:57:42,622] {processor.py:163} INFO - Started process (PID=429) to work on /home/airflow/.local/lib/python3.8/site-packages/airflow/example_dags/example_dag_decorator.py
[2022-11-28 08:57:42,624] {processor.py:642} INFO - Processing file /home/airflow/.local/lib/python3.8/site-packages/airflow/example_dags/example_dag_decorator.py for tasks to queue
[2022-11-28 08:57:42,625] {logging_mixin.py:109} INFO - [2022-11-28 08:57:42,625] {dagbag.py:500} INFO - Filling up the DagBag from /home/airflow/.local/lib/python3.8/site-packages/airflow/example_dags/example_dag_decorator.py
[2022-11-28 08:57:42,656] {processor.py:654} INFO - DAG(s) dict_keys(['example_dag_decorator']) retrieved from /home/airflow/.local/lib/python3.8/site-packages/airflow/example_dags/example_dag_decorator.py
[2022-11-28 08:57:42,851] {logging_mixin.py:109} INFO - [2022-11-28 08:57:42,851] {dag.py:2398} INFO - Sync 1 DAGs
[2022-11-28 08:57:42,858] {logging_mixin.py:109} INFO - [2022-11-28 08:57:42,858] {dag.py:2937} INFO - Setting next_dagrun for example_dag_decorator to None
[2022-11-28 08:57:42,864] {processor.py:171} INFO - Processing /home/airflow/.local/lib/python3.8/site-packages/airflow/example_dags/example_dag_decorator.py took 0.249 seconds
[2022-11-28 08:58:13,735] {processor.py:163} INFO - Started process (PID=518) to work on /home/airflow/.local/lib/python3.8/site-packages/airflow/example_dags/example_dag_decorator.py
[2022-11-28 08:58:13,736] {processor.py:642} INFO - Processing file /home/airflow/.local/lib/python3.8/site-packages/airflow/example_dags/example_dag_decorator.py for tasks to queue
[2022-11-28 08:58:13,736] {logging_mixin.py:109} INFO - [2022-11-28 08:58:13,736] {dagbag.py:500} INFO - Filling up the DagBag from /home/airflow/.local/lib/python3.8/site-packages/airflow/example_dags/example_dag_decorator.py
[2022-11-28 08:58:13,759] {processor.py:654} INFO - DAG(s) dict_keys(['example_dag_decorator']) retrieved from /home/airflow/.local/lib/python3.8/site-packages/airflow/example_dags/example_dag_decorator.py
[2022-11-28 08:58:13,952] {logging_mixin.py:109} INFO - [2022-11-28 08:58:13,952] {dag.py:2398} INFO - Sync 1 DAGs
[2022-11-28 08:58:13,960] {logging_mixin.py:109} INFO - [2022-11-28 08:58:13,959] {dag.py:2937} INFO - Setting next_dagrun for example_dag_decorator to None
[2022-11-28 08:58:13,966] {processor.py:171} INFO - Processing /home/airflow/.local/lib/python3.8/site-packages/airflow/example_dags/example_dag_decorator.py took 0.232 seconds
[2022-11-28 08:58:44,166] {processor.py:163} INFO - Started process (PID=598) to work on /home/airflow/.local/lib/python3.8/site-packages/airflow/example_dags/example_dag_decorator.py
[2022-11-28 08:58:44,167] {processor.py:642} INFO - Processing file /home/airflow/.local/lib/python3.8/site-packages/airflow/example_dags/example_dag_decorator.py for tasks to queue
[2022-11-28 08:58:44,167] {logging_mixin.py:109} INFO - [2022-11-28 08:58:44,167] {dagbag.py:500} INFO - Filling up the DagBag from /home/airflow/.local/lib/python3.8/site-packages/airflow/example_dags/example_dag_decorator.py
[2022-11-28 08:58:44,191] {processor.py:654} INFO - DAG(s) dict_keys(['example_dag_decorator']) retrieved from /home/airflow/.local/lib/python3.8/site-packages/airflow/example_dags/example_dag_decorator.py
[2022-11-28 08:58:44,429] {logging_mixin.py:109} INFO - [2022-11-28 08:58:44,429] {dag.py:2398} INFO - Sync 1 DAGs
[2022-11-28 08:58:44,437] {logging_mixin.py:109} INFO - [2022-11-28 08:58:44,437] {dag.py:2937} INFO - Setting next_dagrun for example_dag_decorator to None
[2022-11-28 08:58:44,443] {processor.py:171} INFO - Processing /home/airflow/.local/lib/python3.8/site-packages/airflow/example_dags/example_dag_decorator.py took 0.279 seconds
[2022-11-28 08:59:15,392] {processor.py:163} INFO - Started process (PID=687) to work on /home/airflow/.local/lib/python3.8/site-packages/airflow/example_dags/example_dag_decorator.py
[2022-11-28 08:59:15,393] {processor.py:642} INFO - Processing file /home/airflow/.local/lib/python3.8/site-packages/airflow/example_dags/example_dag_decorator.py for tasks to queue
[2022-11-28 08:59:15,393] {logging_mixin.py:109} INFO - [2022-11-28 08:59:15,393] {dagbag.py:500} INFO - Filling up the DagBag from /home/airflow/.local/lib/python3.8/site-packages/airflow/example_dags/example_dag_decorator.py
[2022-11-28 08:59:15,418] {processor.py:654} INFO - DAG(s) dict_keys(['example_dag_decorator']) retrieved from /home/airflow/.local/lib/python3.8/site-packages/airflow/example_dags/example_dag_decorator.py
[2022-11-28 08:59:15,621] {logging_mixin.py:109} INFO - [2022-11-28 08:59:15,621] {dag.py:2398} INFO - Sync 1 DAGs
[2022-11-28 08:59:15,629] {logging_mixin.py:109} INFO - [2022-11-28 08:59:15,629] {dag.py:2937} INFO - Setting next_dagrun for example_dag_decorator to None
[2022-11-28 08:59:15,636] {processor.py:171} INFO - Processing /home/airflow/.local/lib/python3.8/site-packages/airflow/example_dags/example_dag_decorator.py took 0.245 seconds
[2022-11-28 08:59:45,756] {processor.py:163} INFO - Started process (PID=775) to work on /home/airflow/.local/lib/python3.8/site-packages/airflow/example_dags/example_dag_decorator.py
[2022-11-28 08:59:45,757] {processor.py:642} INFO - Processing file /home/airflow/.local/lib/python3.8/site-packages/airflow/example_dags/example_dag_decorator.py for tasks to queue
[2022-11-28 08:59:45,757] {logging_mixin.py:109} INFO - [2022-11-28 08:59:45,757] {dagbag.py:500} INFO - Filling up the DagBag from /home/airflow/.local/lib/python3.8/site-packages/airflow/example_dags/example_dag_decorator.py
[2022-11-28 08:59:45,781] {processor.py:654} INFO - DAG(s) dict_keys(['example_dag_decorator']) retrieved from /home/airflow/.local/lib/python3.8/site-packages/airflow/example_dags/example_dag_decorator.py
[2022-11-28 08:59:45,985] {logging_mixin.py:109} INFO - [2022-11-28 08:59:45,984] {dag.py:2398} INFO - Sync 1 DAGs
[2022-11-28 08:59:45,993] {logging_mixin.py:109} INFO - [2022-11-28 08:59:45,993] {dag.py:2937} INFO - Setting next_dagrun for example_dag_decorator to None
[2022-11-28 08:59:46,000] {processor.py:171} INFO - Processing /home/airflow/.local/lib/python3.8/site-packages/airflow/example_dags/example_dag_decorator.py took 0.246 seconds
[2022-11-28 09:00:16,134] {processor.py:163} INFO - Started process (PID=855) to work on /home/airflow/.local/lib/python3.8/site-packages/airflow/example_dags/example_dag_decorator.py
[2022-11-28 09:00:16,136] {processor.py:642} INFO - Processing file /home/airflow/.local/lib/python3.8/site-packages/airflow/example_dags/example_dag_decorator.py for tasks to queue
[2022-11-28 09:00:16,136] {logging_mixin.py:109} INFO - [2022-11-28 09:00:16,136] {dagbag.py:500} INFO - Filling up the DagBag from /home/airflow/.local/lib/python3.8/site-packages/airflow/example_dags/example_dag_decorator.py
[2022-11-28 09:00:16,163] {processor.py:654} INFO - DAG(s) dict_keys(['example_dag_decorator']) retrieved from /home/airflow/.local/lib/python3.8/site-packages/airflow/example_dags/example_dag_decorator.py
[2022-11-28 09:00:16,359] {logging_mixin.py:109} INFO - [2022-11-28 09:00:16,359] {dag.py:2398} INFO - Sync 1 DAGs
[2022-11-28 09:00:16,368] {logging_mixin.py:109} INFO - [2022-11-28 09:00:16,368] {dag.py:2937} INFO - Setting next_dagrun for example_dag_decorator to None
[2022-11-28 09:00:16,374] {processor.py:171} INFO - Processing /home/airflow/.local/lib/python3.8/site-packages/airflow/example_dags/example_dag_decorator.py took 0.241 seconds
[2022-11-28 09:00:46,536] {processor.py:163} INFO - Started process (PID=943) to work on /home/airflow/.local/lib/python3.8/site-packages/airflow/example_dags/example_dag_decorator.py
[2022-11-28 09:00:46,537] {processor.py:642} INFO - Processing file /home/airflow/.local/lib/python3.8/site-packages/airflow/example_dags/example_dag_decorator.py for tasks to queue
[2022-11-28 09:00:46,537] {logging_mixin.py:109} INFO - [2022-11-28 09:00:46,537] {dagbag.py:500} INFO - Filling up the DagBag from /home/airflow/.local/lib/python3.8/site-packages/airflow/example_dags/example_dag_decorator.py
[2022-11-28 09:00:46,563] {processor.py:654} INFO - DAG(s) dict_keys(['example_dag_decorator']) retrieved from /home/airflow/.local/lib/python3.8/site-packages/airflow/example_dags/example_dag_decorator.py
[2022-11-28 09:00:46,764] {logging_mixin.py:109} INFO - [2022-11-28 09:00:46,764] {dag.py:2398} INFO - Sync 1 DAGs
[2022-11-28 09:00:46,772] {logging_mixin.py:109} INFO - [2022-11-28 09:00:46,772] {dag.py:2937} INFO - Setting next_dagrun for example_dag_decorator to None
[2022-11-28 09:00:46,778] {processor.py:171} INFO - Processing /home/airflow/.local/lib/python3.8/site-packages/airflow/example_dags/example_dag_decorator.py took 0.244 seconds
[2022-11-28 09:01:16,973] {processor.py:163} INFO - Started process (PID=1023) to work on /home/airflow/.local/lib/python3.8/site-packages/airflow/example_dags/example_dag_decorator.py
[2022-11-28 09:01:16,974] {processor.py:642} INFO - Processing file /home/airflow/.local/lib/python3.8/site-packages/airflow/example_dags/example_dag_decorator.py for tasks to queue
[2022-11-28 09:01:16,974] {logging_mixin.py:109} INFO - [2022-11-28 09:01:16,974] {dagbag.py:500} INFO - Filling up the DagBag from /home/airflow/.local/lib/python3.8/site-packages/airflow/example_dags/example_dag_decorator.py
[2022-11-28 09:01:16,998] {processor.py:654} INFO - DAG(s) dict_keys(['example_dag_decorator']) retrieved from /home/airflow/.local/lib/python3.8/site-packages/airflow/example_dags/example_dag_decorator.py
[2022-11-28 09:01:17,193] {logging_mixin.py:109} INFO - [2022-11-28 09:01:17,193] {dag.py:2398} INFO - Sync 1 DAGs
[2022-11-28 09:01:17,202] {logging_mixin.py:109} INFO - [2022-11-28 09:01:17,202] {dag.py:2937} INFO - Setting next_dagrun for example_dag_decorator to None
[2022-11-28 09:01:17,209] {processor.py:171} INFO - Processing /home/airflow/.local/lib/python3.8/site-packages/airflow/example_dags/example_dag_decorator.py took 0.237 seconds
[2022-11-28 09:01:47,401] {processor.py:163} INFO - Started process (PID=1111) to work on /home/airflow/.local/lib/python3.8/site-packages/airflow/example_dags/example_dag_decorator.py
[2022-11-28 09:01:47,402] {processor.py:642} INFO - Processing file /home/airflow/.local/lib/python3.8/site-packages/airflow/example_dags/example_dag_decorator.py for tasks to queue
[2022-11-28 09:01:47,402] {logging_mixin.py:109} INFO - [2022-11-28 09:01:47,402] {dagbag.py:500} INFO - Filling up the DagBag from /home/airflow/.local/lib/python3.8/site-packages/airflow/example_dags/example_dag_decorator.py
[2022-11-28 09:01:47,437] {processor.py:654} INFO - DAG(s) dict_keys(['example_dag_decorator']) retrieved from /home/airflow/.local/lib/python3.8/site-packages/airflow/example_dags/example_dag_decorator.py
[2022-11-28 09:01:47,632] {logging_mixin.py:109} INFO - [2022-11-28 09:01:47,632] {dag.py:2398} INFO - Sync 1 DAGs
[2022-11-28 09:01:47,640] {logging_mixin.py:109} INFO - [2022-11-28 09:01:47,640] {dag.py:2937} INFO - Setting next_dagrun for example_dag_decorator to None
[2022-11-28 09:01:47,646] {processor.py:171} INFO - Processing /home/airflow/.local/lib/python3.8/site-packages/airflow/example_dags/example_dag_decorator.py took 0.249 seconds
