[2022-11-28 08:57:06,531] {processor.py:163} INFO - Started process (PID=257) to work on /home/airflow/.local/lib/python3.8/site-packages/airflow/example_dags/example_xcom.py
[2022-11-28 08:57:06,532] {processor.py:642} INFO - Processing file /home/airflow/.local/lib/python3.8/site-packages/airflow/example_dags/example_xcom.py for tasks to queue
[2022-11-28 08:57:06,532] {logging_mixin.py:109} INFO - [2022-11-28 08:57:06,532] {dagbag.py:500} INFO - Filling up the DagBag from /home/airflow/.local/lib/python3.8/site-packages/airflow/example_dags/example_xcom.py
[2022-11-28 08:57:06,555] {processor.py:654} INFO - DAG(s) dict_keys(['example_xcom']) retrieved from /home/airflow/.local/lib/python3.8/site-packages/airflow/example_dags/example_xcom.py
[2022-11-28 08:57:08,161] {logging_mixin.py:109} INFO - [2022-11-28 08:57:08,161] {manager.py:496} INFO - Created Permission View: can read on DAG:example_xcom
[2022-11-28 08:57:08,166] {logging_mixin.py:109} INFO - [2022-11-28 08:57:08,166] {manager.py:496} INFO - Created Permission View: can edit on DAG:example_xcom
[2022-11-28 08:57:08,166] {logging_mixin.py:109} INFO - [2022-11-28 08:57:08,166] {dag.py:2398} INFO - Sync 1 DAGs
[2022-11-28 08:57:08,173] {logging_mixin.py:109} INFO - [2022-11-28 08:57:08,173] {dag.py:2417} INFO - Creating ORM DAG for example_xcom
[2022-11-28 08:57:08,179] {logging_mixin.py:109} INFO - [2022-11-28 08:57:08,179] {dag.py:2937} INFO - Setting next_dagrun for example_xcom to 2021-01-01T00:00:00+00:00
[2022-11-28 08:57:08,188] {processor.py:171} INFO - Processing /home/airflow/.local/lib/python3.8/site-packages/airflow/example_dags/example_xcom.py took 1.658 seconds
[2022-11-28 08:57:38,237] {processor.py:163} INFO - Started process (PID=425) to work on /home/airflow/.local/lib/python3.8/site-packages/airflow/example_dags/example_xcom.py
[2022-11-28 08:57:38,240] {processor.py:642} INFO - Processing file /home/airflow/.local/lib/python3.8/site-packages/airflow/example_dags/example_xcom.py for tasks to queue
[2022-11-28 08:57:38,241] {logging_mixin.py:109} INFO - [2022-11-28 08:57:38,241] {dagbag.py:500} INFO - Filling up the DagBag from /home/airflow/.local/lib/python3.8/site-packages/airflow/example_dags/example_xcom.py
[2022-11-28 08:57:38,280] {processor.py:654} INFO - DAG(s) dict_keys(['example_xcom']) retrieved from /home/airflow/.local/lib/python3.8/site-packages/airflow/example_dags/example_xcom.py
[2022-11-28 08:57:38,471] {logging_mixin.py:109} INFO - [2022-11-28 08:57:38,470] {dag.py:2398} INFO - Sync 1 DAGs
[2022-11-28 08:57:38,478] {logging_mixin.py:109} INFO - [2022-11-28 08:57:38,478] {dag.py:2937} INFO - Setting next_dagrun for example_xcom to 2021-01-01T00:00:00+00:00
[2022-11-28 08:57:38,484] {processor.py:171} INFO - Processing /home/airflow/.local/lib/python3.8/site-packages/airflow/example_dags/example_xcom.py took 0.254 seconds
[2022-11-28 08:58:09,377] {processor.py:163} INFO - Started process (PID=513) to work on /home/airflow/.local/lib/python3.8/site-packages/airflow/example_dags/example_xcom.py
[2022-11-28 08:58:09,378] {processor.py:642} INFO - Processing file /home/airflow/.local/lib/python3.8/site-packages/airflow/example_dags/example_xcom.py for tasks to queue
[2022-11-28 08:58:09,378] {logging_mixin.py:109} INFO - [2022-11-28 08:58:09,378] {dagbag.py:500} INFO - Filling up the DagBag from /home/airflow/.local/lib/python3.8/site-packages/airflow/example_dags/example_xcom.py
[2022-11-28 08:58:09,403] {processor.py:654} INFO - DAG(s) dict_keys(['example_xcom']) retrieved from /home/airflow/.local/lib/python3.8/site-packages/airflow/example_dags/example_xcom.py
[2022-11-28 08:58:09,614] {logging_mixin.py:109} INFO - [2022-11-28 08:58:09,614] {dag.py:2398} INFO - Sync 1 DAGs
[2022-11-28 08:58:09,623] {logging_mixin.py:109} INFO - [2022-11-28 08:58:09,622] {dag.py:2937} INFO - Setting next_dagrun for example_xcom to 2021-01-01T00:00:00+00:00
[2022-11-28 08:58:09,629] {processor.py:171} INFO - Processing /home/airflow/.local/lib/python3.8/site-packages/airflow/example_dags/example_xcom.py took 0.254 seconds
[2022-11-28 08:58:39,927] {processor.py:163} INFO - Started process (PID=593) to work on /home/airflow/.local/lib/python3.8/site-packages/airflow/example_dags/example_xcom.py
[2022-11-28 08:58:39,930] {processor.py:642} INFO - Processing file /home/airflow/.local/lib/python3.8/site-packages/airflow/example_dags/example_xcom.py for tasks to queue
[2022-11-28 08:58:39,932] {logging_mixin.py:109} INFO - [2022-11-28 08:58:39,932] {dagbag.py:500} INFO - Filling up the DagBag from /home/airflow/.local/lib/python3.8/site-packages/airflow/example_dags/example_xcom.py
[2022-11-28 08:58:40,006] {processor.py:654} INFO - DAG(s) dict_keys(['example_xcom']) retrieved from /home/airflow/.local/lib/python3.8/site-packages/airflow/example_dags/example_xcom.py
[2022-11-28 08:58:40,222] {logging_mixin.py:109} INFO - [2022-11-28 08:58:40,222] {dag.py:2398} INFO - Sync 1 DAGs
[2022-11-28 08:58:40,230] {logging_mixin.py:109} INFO - [2022-11-28 08:58:40,230] {dag.py:2937} INFO - Setting next_dagrun for example_xcom to 2021-01-01T00:00:00+00:00
[2022-11-28 08:58:40,237] {processor.py:171} INFO - Processing /home/airflow/.local/lib/python3.8/site-packages/airflow/example_dags/example_xcom.py took 0.317 seconds
[2022-11-28 08:59:10,281] {processor.py:163} INFO - Started process (PID=683) to work on /home/airflow/.local/lib/python3.8/site-packages/airflow/example_dags/example_xcom.py
[2022-11-28 08:59:10,282] {processor.py:642} INFO - Processing file /home/airflow/.local/lib/python3.8/site-packages/airflow/example_dags/example_xcom.py for tasks to queue
[2022-11-28 08:59:10,282] {logging_mixin.py:109} INFO - [2022-11-28 08:59:10,282] {dagbag.py:500} INFO - Filling up the DagBag from /home/airflow/.local/lib/python3.8/site-packages/airflow/example_dags/example_xcom.py
[2022-11-28 08:59:10,304] {processor.py:654} INFO - DAG(s) dict_keys(['example_xcom']) retrieved from /home/airflow/.local/lib/python3.8/site-packages/airflow/example_dags/example_xcom.py
[2022-11-28 08:59:10,505] {logging_mixin.py:109} INFO - [2022-11-28 08:59:10,504] {dag.py:2398} INFO - Sync 1 DAGs
[2022-11-28 08:59:10,513] {logging_mixin.py:109} INFO - [2022-11-28 08:59:10,513] {dag.py:2937} INFO - Setting next_dagrun for example_xcom to 2021-01-01T00:00:00+00:00
[2022-11-28 08:59:10,520] {processor.py:171} INFO - Processing /home/airflow/.local/lib/python3.8/site-packages/airflow/example_dags/example_xcom.py took 0.240 seconds
