[2022-11-28 08:57:05,184] {processor.py:163} INFO - Started process (PID=240) to work on /home/airflow/.local/lib/python3.8/site-packages/airflow/example_dags/example_python_operator.py
[2022-11-28 08:57:05,185] {processor.py:642} INFO - Processing file /home/airflow/.local/lib/python3.8/site-packages/airflow/example_dags/example_python_operator.py for tasks to queue
[2022-11-28 08:57:05,185] {logging_mixin.py:109} INFO - [2022-11-28 08:57:05,185] {dagbag.py:500} INFO - Filling up the DagBag from /home/airflow/.local/lib/python3.8/site-packages/airflow/example_dags/example_python_operator.py
[2022-11-28 08:57:05,207] {processor.py:654} INFO - DAG(s) dict_keys(['example_python_operator']) retrieved from /home/airflow/.local/lib/python3.8/site-packages/airflow/example_dags/example_python_operator.py
[2022-11-28 08:57:06,624] {logging_mixin.py:109} INFO - [2022-11-28 08:57:06,624] {manager.py:496} INFO - Created Permission View: can read on DAG:example_python_operator
[2022-11-28 08:57:06,629] {logging_mixin.py:109} INFO - [2022-11-28 08:57:06,629] {manager.py:496} INFO - Created Permission View: can edit on DAG:example_python_operator
[2022-11-28 08:57:06,629] {logging_mixin.py:109} INFO - [2022-11-28 08:57:06,629] {dag.py:2398} INFO - Sync 1 DAGs
[2022-11-28 08:57:06,634] {logging_mixin.py:109} INFO - [2022-11-28 08:57:06,633] {dag.py:2417} INFO - Creating ORM DAG for example_python_operator
[2022-11-28 08:57:06,638] {logging_mixin.py:109} INFO - [2022-11-28 08:57:06,638] {dag.py:2937} INFO - Setting next_dagrun for example_python_operator to None
[2022-11-28 08:57:06,645] {processor.py:171} INFO - Processing /home/airflow/.local/lib/python3.8/site-packages/airflow/example_dags/example_python_operator.py took 1.463 seconds
[2022-11-28 08:57:37,147] {processor.py:163} INFO - Started process (PID=424) to work on /home/airflow/.local/lib/python3.8/site-packages/airflow/example_dags/example_python_operator.py
[2022-11-28 08:57:37,149] {processor.py:642} INFO - Processing file /home/airflow/.local/lib/python3.8/site-packages/airflow/example_dags/example_python_operator.py for tasks to queue
[2022-11-28 08:57:37,151] {logging_mixin.py:109} INFO - [2022-11-28 08:57:37,150] {dagbag.py:500} INFO - Filling up the DagBag from /home/airflow/.local/lib/python3.8/site-packages/airflow/example_dags/example_python_operator.py
[2022-11-28 08:57:37,189] {processor.py:654} INFO - DAG(s) dict_keys(['example_python_operator']) retrieved from /home/airflow/.local/lib/python3.8/site-packages/airflow/example_dags/example_python_operator.py
[2022-11-28 08:57:37,196] {logging_mixin.py:109} INFO - [2022-11-28 08:57:37,196] {dag.py:2398} INFO - Sync 1 DAGs
[2022-11-28 08:57:37,204] {logging_mixin.py:109} INFO - [2022-11-28 08:57:37,204] {dag.py:2937} INFO - Setting next_dagrun for example_python_operator to None
[2022-11-28 08:57:37,210] {processor.py:171} INFO - Processing /home/airflow/.local/lib/python3.8/site-packages/airflow/example_dags/example_python_operator.py took 0.069 seconds
[2022-11-28 08:58:07,310] {processor.py:163} INFO - Started process (PID=504) to work on /home/airflow/.local/lib/python3.8/site-packages/airflow/example_dags/example_python_operator.py
[2022-11-28 08:58:07,311] {processor.py:642} INFO - Processing file /home/airflow/.local/lib/python3.8/site-packages/airflow/example_dags/example_python_operator.py for tasks to queue
[2022-11-28 08:58:07,311] {logging_mixin.py:109} INFO - [2022-11-28 08:58:07,311] {dagbag.py:500} INFO - Filling up the DagBag from /home/airflow/.local/lib/python3.8/site-packages/airflow/example_dags/example_python_operator.py
[2022-11-28 08:58:07,336] {processor.py:654} INFO - DAG(s) dict_keys(['example_python_operator']) retrieved from /home/airflow/.local/lib/python3.8/site-packages/airflow/example_dags/example_python_operator.py
[2022-11-28 08:58:07,344] {logging_mixin.py:109} INFO - [2022-11-28 08:58:07,344] {dag.py:2398} INFO - Sync 1 DAGs
[2022-11-28 08:58:07,356] {logging_mixin.py:109} INFO - [2022-11-28 08:58:07,355] {dag.py:2937} INFO - Setting next_dagrun for example_python_operator to None
[2022-11-28 08:58:07,362] {processor.py:171} INFO - Processing /home/airflow/.local/lib/python3.8/site-packages/airflow/example_dags/example_python_operator.py took 0.054 seconds
[2022-11-28 08:58:37,900] {processor.py:163} INFO - Started process (PID=592) to work on /home/airflow/.local/lib/python3.8/site-packages/airflow/example_dags/example_python_operator.py
[2022-11-28 08:58:37,900] {processor.py:642} INFO - Processing file /home/airflow/.local/lib/python3.8/site-packages/airflow/example_dags/example_python_operator.py for tasks to queue
[2022-11-28 08:58:37,900] {logging_mixin.py:109} INFO - [2022-11-28 08:58:37,900] {dagbag.py:500} INFO - Filling up the DagBag from /home/airflow/.local/lib/python3.8/site-packages/airflow/example_dags/example_python_operator.py
[2022-11-28 08:58:37,924] {processor.py:654} INFO - DAG(s) dict_keys(['example_python_operator']) retrieved from /home/airflow/.local/lib/python3.8/site-packages/airflow/example_dags/example_python_operator.py
[2022-11-28 08:58:37,931] {logging_mixin.py:109} INFO - [2022-11-28 08:58:37,931] {dag.py:2398} INFO - Sync 1 DAGs
[2022-11-28 08:58:37,944] {logging_mixin.py:109} INFO - [2022-11-28 08:58:37,943] {dag.py:2937} INFO - Setting next_dagrun for example_python_operator to None
[2022-11-28 08:58:37,951] {processor.py:171} INFO - Processing /home/airflow/.local/lib/python3.8/site-packages/airflow/example_dags/example_python_operator.py took 0.053 seconds
[2022-11-28 08:59:08,219] {processor.py:163} INFO - Started process (PID=672) to work on /home/airflow/.local/lib/python3.8/site-packages/airflow/example_dags/example_python_operator.py
[2022-11-28 08:59:08,220] {processor.py:642} INFO - Processing file /home/airflow/.local/lib/python3.8/site-packages/airflow/example_dags/example_python_operator.py for tasks to queue
[2022-11-28 08:59:08,221] {logging_mixin.py:109} INFO - [2022-11-28 08:59:08,221] {dagbag.py:500} INFO - Filling up the DagBag from /home/airflow/.local/lib/python3.8/site-packages/airflow/example_dags/example_python_operator.py
[2022-11-28 08:59:08,247] {processor.py:654} INFO - DAG(s) dict_keys(['example_python_operator']) retrieved from /home/airflow/.local/lib/python3.8/site-packages/airflow/example_dags/example_python_operator.py
[2022-11-28 08:59:08,253] {logging_mixin.py:109} INFO - [2022-11-28 08:59:08,253] {dag.py:2398} INFO - Sync 1 DAGs
[2022-11-28 08:59:08,263] {logging_mixin.py:109} INFO - [2022-11-28 08:59:08,263] {dag.py:2937} INFO - Setting next_dagrun for example_python_operator to None
[2022-11-28 08:59:08,268] {processor.py:171} INFO - Processing /home/airflow/.local/lib/python3.8/site-packages/airflow/example_dags/example_python_operator.py took 0.052 seconds
[2022-11-28 08:59:38,542] {processor.py:163} INFO - Started process (PID=761) to work on /home/airflow/.local/lib/python3.8/site-packages/airflow/example_dags/example_python_operator.py
[2022-11-28 08:59:38,543] {processor.py:642} INFO - Processing file /home/airflow/.local/lib/python3.8/site-packages/airflow/example_dags/example_python_operator.py for tasks to queue
[2022-11-28 08:59:38,543] {logging_mixin.py:109} INFO - [2022-11-28 08:59:38,543] {dagbag.py:500} INFO - Filling up the DagBag from /home/airflow/.local/lib/python3.8/site-packages/airflow/example_dags/example_python_operator.py
[2022-11-28 08:59:38,564] {processor.py:654} INFO - DAG(s) dict_keys(['example_python_operator']) retrieved from /home/airflow/.local/lib/python3.8/site-packages/airflow/example_dags/example_python_operator.py
[2022-11-28 08:59:38,570] {logging_mixin.py:109} INFO - [2022-11-28 08:59:38,570] {dag.py:2398} INFO - Sync 1 DAGs
[2022-11-28 08:59:38,580] {logging_mixin.py:109} INFO - [2022-11-28 08:59:38,580] {dag.py:2937} INFO - Setting next_dagrun for example_python_operator to None
[2022-11-28 08:59:38,585] {processor.py:171} INFO - Processing /home/airflow/.local/lib/python3.8/site-packages/airflow/example_dags/example_python_operator.py took 0.045 seconds
[2022-11-28 09:00:08,844] {processor.py:163} INFO - Started process (PID=849) to work on /home/airflow/.local/lib/python3.8/site-packages/airflow/example_dags/example_python_operator.py
[2022-11-28 09:00:08,845] {processor.py:642} INFO - Processing file /home/airflow/.local/lib/python3.8/site-packages/airflow/example_dags/example_python_operator.py for tasks to queue
[2022-11-28 09:00:08,845] {logging_mixin.py:109} INFO - [2022-11-28 09:00:08,845] {dagbag.py:500} INFO - Filling up the DagBag from /home/airflow/.local/lib/python3.8/site-packages/airflow/example_dags/example_python_operator.py
[2022-11-28 09:00:08,867] {processor.py:654} INFO - DAG(s) dict_keys(['example_python_operator']) retrieved from /home/airflow/.local/lib/python3.8/site-packages/airflow/example_dags/example_python_operator.py
[2022-11-28 09:00:08,873] {logging_mixin.py:109} INFO - [2022-11-28 09:00:08,873] {dag.py:2398} INFO - Sync 1 DAGs
[2022-11-28 09:00:08,883] {logging_mixin.py:109} INFO - [2022-11-28 09:00:08,883] {dag.py:2937} INFO - Setting next_dagrun for example_python_operator to None
[2022-11-28 09:00:08,889] {processor.py:171} INFO - Processing /home/airflow/.local/lib/python3.8/site-packages/airflow/example_dags/example_python_operator.py took 0.046 seconds
[2022-11-28 09:00:39,339] {processor.py:163} INFO - Started process (PID=929) to work on /home/airflow/.local/lib/python3.8/site-packages/airflow/example_dags/example_python_operator.py
[2022-11-28 09:00:39,339] {processor.py:642} INFO - Processing file /home/airflow/.local/lib/python3.8/site-packages/airflow/example_dags/example_python_operator.py for tasks to queue
[2022-11-28 09:00:39,339] {logging_mixin.py:109} INFO - [2022-11-28 09:00:39,339] {dagbag.py:500} INFO - Filling up the DagBag from /home/airflow/.local/lib/python3.8/site-packages/airflow/example_dags/example_python_operator.py
[2022-11-28 09:00:39,361] {processor.py:654} INFO - DAG(s) dict_keys(['example_python_operator']) retrieved from /home/airflow/.local/lib/python3.8/site-packages/airflow/example_dags/example_python_operator.py
[2022-11-28 09:00:39,367] {logging_mixin.py:109} INFO - [2022-11-28 09:00:39,367] {dag.py:2398} INFO - Sync 1 DAGs
[2022-11-28 09:00:39,377] {logging_mixin.py:109} INFO - [2022-11-28 09:00:39,377] {dag.py:2937} INFO - Setting next_dagrun for example_python_operator to None
[2022-11-28 09:00:39,383] {processor.py:171} INFO - Processing /home/airflow/.local/lib/python3.8/site-packages/airflow/example_dags/example_python_operator.py took 0.046 seconds
[2022-11-28 09:01:09,698] {processor.py:163} INFO - Started process (PID=1017) to work on /home/airflow/.local/lib/python3.8/site-packages/airflow/example_dags/example_python_operator.py
[2022-11-28 09:01:09,698] {processor.py:642} INFO - Processing file /home/airflow/.local/lib/python3.8/site-packages/airflow/example_dags/example_python_operator.py for tasks to queue
[2022-11-28 09:01:09,699] {logging_mixin.py:109} INFO - [2022-11-28 09:01:09,699] {dagbag.py:500} INFO - Filling up the DagBag from /home/airflow/.local/lib/python3.8/site-packages/airflow/example_dags/example_python_operator.py
[2022-11-28 09:01:09,723] {processor.py:654} INFO - DAG(s) dict_keys(['example_python_operator']) retrieved from /home/airflow/.local/lib/python3.8/site-packages/airflow/example_dags/example_python_operator.py
[2022-11-28 09:01:09,731] {logging_mixin.py:109} INFO - [2022-11-28 09:01:09,730] {dag.py:2398} INFO - Sync 1 DAGs
[2022-11-28 09:01:09,741] {logging_mixin.py:109} INFO - [2022-11-28 09:01:09,741] {dag.py:2937} INFO - Setting next_dagrun for example_python_operator to None
[2022-11-28 09:01:09,748] {processor.py:171} INFO - Processing /home/airflow/.local/lib/python3.8/site-packages/airflow/example_dags/example_python_operator.py took 0.053 seconds
[2022-11-28 09:01:40,137] {processor.py:163} INFO - Started process (PID=1097) to work on /home/airflow/.local/lib/python3.8/site-packages/airflow/example_dags/example_python_operator.py
[2022-11-28 09:01:40,138] {processor.py:642} INFO - Processing file /home/airflow/.local/lib/python3.8/site-packages/airflow/example_dags/example_python_operator.py for tasks to queue
[2022-11-28 09:01:40,138] {logging_mixin.py:109} INFO - [2022-11-28 09:01:40,138] {dagbag.py:500} INFO - Filling up the DagBag from /home/airflow/.local/lib/python3.8/site-packages/airflow/example_dags/example_python_operator.py
[2022-11-28 09:01:40,159] {processor.py:654} INFO - DAG(s) dict_keys(['example_python_operator']) retrieved from /home/airflow/.local/lib/python3.8/site-packages/airflow/example_dags/example_python_operator.py
[2022-11-28 09:01:40,166] {logging_mixin.py:109} INFO - [2022-11-28 09:01:40,166] {dag.py:2398} INFO - Sync 1 DAGs
[2022-11-28 09:01:40,176] {logging_mixin.py:109} INFO - [2022-11-28 09:01:40,175] {dag.py:2937} INFO - Setting next_dagrun for example_python_operator to None
[2022-11-28 09:01:40,181] {processor.py:171} INFO - Processing /home/airflow/.local/lib/python3.8/site-packages/airflow/example_dags/example_python_operator.py took 0.045 seconds
