[2022-11-28 08:56:59,265] {processor.py:163} INFO - Started process (PID=167) to work on /home/airflow/.local/lib/python3.8/site-packages/airflow/example_dags/example_branch_datetime_operator.py
[2022-11-28 08:56:59,266] {processor.py:642} INFO - Processing file /home/airflow/.local/lib/python3.8/site-packages/airflow/example_dags/example_branch_datetime_operator.py for tasks to queue
[2022-11-28 08:56:59,266] {logging_mixin.py:109} INFO - [2022-11-28 08:56:59,266] {dagbag.py:500} INFO - Filling up the DagBag from /home/airflow/.local/lib/python3.8/site-packages/airflow/example_dags/example_branch_datetime_operator.py
[2022-11-28 08:56:59,286] {processor.py:654} INFO - DAG(s) dict_keys(['example_branch_datetime_operator_2']) retrieved from /home/airflow/.local/lib/python3.8/site-packages/airflow/example_dags/example_branch_datetime_operator.py
[2022-11-28 08:57:00,675] {logging_mixin.py:109} INFO - [2022-11-28 08:57:00,675] {manager.py:496} INFO - Created Permission View: can read on DAG:example_branch_datetime_operator_2
[2022-11-28 08:57:00,679] {logging_mixin.py:109} INFO - [2022-11-28 08:57:00,679] {manager.py:496} INFO - Created Permission View: can edit on DAG:example_branch_datetime_operator_2
[2022-11-28 08:57:00,680] {logging_mixin.py:109} INFO - [2022-11-28 08:57:00,680] {dag.py:2398} INFO - Sync 1 DAGs
[2022-11-28 08:57:00,684] {logging_mixin.py:109} INFO - [2022-11-28 08:57:00,684] {dag.py:2417} INFO - Creating ORM DAG for example_branch_datetime_operator_2
[2022-11-28 08:57:00,689] {logging_mixin.py:109} INFO - [2022-11-28 08:57:00,689] {dag.py:2937} INFO - Setting next_dagrun for example_branch_datetime_operator_2 to 2022-11-27 00:00:00+00:00
[2022-11-28 08:57:00,696] {processor.py:171} INFO - Processing /home/airflow/.local/lib/python3.8/site-packages/airflow/example_dags/example_branch_datetime_operator.py took 1.432 seconds
[2022-11-28 08:57:30,850] {processor.py:163} INFO - Started process (PID=407) to work on /home/airflow/.local/lib/python3.8/site-packages/airflow/example_dags/example_branch_datetime_operator.py
[2022-11-28 08:57:30,853] {processor.py:642} INFO - Processing file /home/airflow/.local/lib/python3.8/site-packages/airflow/example_dags/example_branch_datetime_operator.py for tasks to queue
[2022-11-28 08:57:30,854] {logging_mixin.py:109} INFO - [2022-11-28 08:57:30,854] {dagbag.py:500} INFO - Filling up the DagBag from /home/airflow/.local/lib/python3.8/site-packages/airflow/example_dags/example_branch_datetime_operator.py
[2022-11-28 08:57:30,885] {processor.py:654} INFO - DAG(s) dict_keys(['example_branch_datetime_operator_2']) retrieved from /home/airflow/.local/lib/python3.8/site-packages/airflow/example_dags/example_branch_datetime_operator.py
[2022-11-28 08:57:30,890] {logging_mixin.py:109} INFO - [2022-11-28 08:57:30,890] {dag.py:2398} INFO - Sync 1 DAGs
[2022-11-28 08:57:30,900] {logging_mixin.py:109} INFO - [2022-11-28 08:57:30,899] {dag.py:2937} INFO - Setting next_dagrun for example_branch_datetime_operator_2 to 2022-11-27 00:00:00+00:00
[2022-11-28 08:57:30,904] {processor.py:171} INFO - Processing /home/airflow/.local/lib/python3.8/site-packages/airflow/example_dags/example_branch_datetime_operator.py took 0.061 seconds
[2022-11-28 08:58:01,068] {processor.py:163} INFO - Started process (PID=495) to work on /home/airflow/.local/lib/python3.8/site-packages/airflow/example_dags/example_branch_datetime_operator.py
[2022-11-28 08:58:01,070] {processor.py:642} INFO - Processing file /home/airflow/.local/lib/python3.8/site-packages/airflow/example_dags/example_branch_datetime_operator.py for tasks to queue
[2022-11-28 08:58:01,070] {logging_mixin.py:109} INFO - [2022-11-28 08:58:01,070] {dagbag.py:500} INFO - Filling up the DagBag from /home/airflow/.local/lib/python3.8/site-packages/airflow/example_dags/example_branch_datetime_operator.py
[2022-11-28 08:58:01,089] {processor.py:654} INFO - DAG(s) dict_keys(['example_branch_datetime_operator_2']) retrieved from /home/airflow/.local/lib/python3.8/site-packages/airflow/example_dags/example_branch_datetime_operator.py
[2022-11-28 08:58:01,095] {logging_mixin.py:109} INFO - [2022-11-28 08:58:01,095] {dag.py:2398} INFO - Sync 1 DAGs
[2022-11-28 08:58:01,105] {logging_mixin.py:109} INFO - [2022-11-28 08:58:01,105] {dag.py:2937} INFO - Setting next_dagrun for example_branch_datetime_operator_2 to 2022-11-27 00:00:00+00:00
[2022-11-28 08:58:01,112] {processor.py:171} INFO - Processing /home/airflow/.local/lib/python3.8/site-packages/airflow/example_dags/example_branch_datetime_operator.py took 0.046 seconds
[2022-11-28 08:58:31,598] {processor.py:163} INFO - Started process (PID=575) to work on /home/airflow/.local/lib/python3.8/site-packages/airflow/example_dags/example_branch_datetime_operator.py
[2022-11-28 08:58:31,599] {processor.py:642} INFO - Processing file /home/airflow/.local/lib/python3.8/site-packages/airflow/example_dags/example_branch_datetime_operator.py for tasks to queue
[2022-11-28 08:58:31,599] {logging_mixin.py:109} INFO - [2022-11-28 08:58:31,599] {dagbag.py:500} INFO - Filling up the DagBag from /home/airflow/.local/lib/python3.8/site-packages/airflow/example_dags/example_branch_datetime_operator.py
[2022-11-28 08:58:31,623] {processor.py:654} INFO - DAG(s) dict_keys(['example_branch_datetime_operator_2']) retrieved from /home/airflow/.local/lib/python3.8/site-packages/airflow/example_dags/example_branch_datetime_operator.py
[2022-11-28 08:58:31,630] {logging_mixin.py:109} INFO - [2022-11-28 08:58:31,630] {dag.py:2398} INFO - Sync 1 DAGs
[2022-11-28 08:58:31,642] {logging_mixin.py:109} INFO - [2022-11-28 08:58:31,642] {dag.py:2937} INFO - Setting next_dagrun for example_branch_datetime_operator_2 to 2022-11-27 00:00:00+00:00
[2022-11-28 08:58:31,649] {processor.py:171} INFO - Processing /home/airflow/.local/lib/python3.8/site-packages/airflow/example_dags/example_branch_datetime_operator.py took 0.053 seconds
[2022-11-28 08:59:01,913] {processor.py:163} INFO - Started process (PID=663) to work on /home/airflow/.local/lib/python3.8/site-packages/airflow/example_dags/example_branch_datetime_operator.py
[2022-11-28 08:59:01,913] {processor.py:642} INFO - Processing file /home/airflow/.local/lib/python3.8/site-packages/airflow/example_dags/example_branch_datetime_operator.py for tasks to queue
[2022-11-28 08:59:01,914] {logging_mixin.py:109} INFO - [2022-11-28 08:59:01,914] {dagbag.py:500} INFO - Filling up the DagBag from /home/airflow/.local/lib/python3.8/site-packages/airflow/example_dags/example_branch_datetime_operator.py
[2022-11-28 08:59:01,934] {processor.py:654} INFO - DAG(s) dict_keys(['example_branch_datetime_operator_2']) retrieved from /home/airflow/.local/lib/python3.8/site-packages/airflow/example_dags/example_branch_datetime_operator.py
[2022-11-28 08:59:01,939] {logging_mixin.py:109} INFO - [2022-11-28 08:59:01,939] {dag.py:2398} INFO - Sync 1 DAGs
[2022-11-28 08:59:01,950] {logging_mixin.py:109} INFO - [2022-11-28 08:59:01,950] {dag.py:2937} INFO - Setting next_dagrun for example_branch_datetime_operator_2 to 2022-11-27 00:00:00+00:00
[2022-11-28 08:59:01,957] {processor.py:171} INFO - Processing /home/airflow/.local/lib/python3.8/site-packages/airflow/example_dags/example_branch_datetime_operator.py took 0.046 seconds
