[2022-11-28 08:56:50,445] {processor.py:163} INFO - Started process (PID=87) to work on /home/airflow/.local/lib/python3.8/site-packages/airflow/example_dags/example_complex.py
[2022-11-28 08:56:50,446] {processor.py:642} INFO - Processing file /home/airflow/.local/lib/python3.8/site-packages/airflow/example_dags/example_complex.py for tasks to queue
[2022-11-28 08:56:50,446] {logging_mixin.py:109} INFO - [2022-11-28 08:56:50,446] {dagbag.py:500} INFO - Filling up the DagBag from /home/airflow/.local/lib/python3.8/site-packages/airflow/example_dags/example_complex.py
[2022-11-28 08:56:50,474] {processor.py:654} INFO - DAG(s) dict_keys(['example_complex']) retrieved from /home/airflow/.local/lib/python3.8/site-packages/airflow/example_dags/example_complex.py
[2022-11-28 08:56:52,717] {logging_mixin.py:109} INFO - [2022-11-28 08:56:52,717] {manager.py:496} INFO - Created Permission View: can read on DAG:example_complex
[2022-11-28 08:56:52,726] {logging_mixin.py:109} INFO - [2022-11-28 08:56:52,726] {manager.py:496} INFO - Created Permission View: can edit on DAG:example_complex
[2022-11-28 08:56:52,726] {logging_mixin.py:109} INFO - [2022-11-28 08:56:52,726] {dag.py:2398} INFO - Sync 1 DAGs
[2022-11-28 08:56:52,734] {logging_mixin.py:109} INFO - [2022-11-28 08:56:52,734] {dag.py:2417} INFO - Creating ORM DAG for example_complex
[2022-11-28 08:56:52,743] {logging_mixin.py:109} INFO - [2022-11-28 08:56:52,743] {dag.py:2937} INFO - Setting next_dagrun for example_complex to None
[2022-11-28 08:56:52,757] {processor.py:171} INFO - Processing /home/airflow/.local/lib/python3.8/site-packages/airflow/example_dags/example_complex.py took 2.314 seconds
[2022-11-28 08:57:23,484] {processor.py:163} INFO - Started process (PID=399) to work on /home/airflow/.local/lib/python3.8/site-packages/airflow/example_dags/example_complex.py
[2022-11-28 08:57:23,485] {processor.py:642} INFO - Processing file /home/airflow/.local/lib/python3.8/site-packages/airflow/example_dags/example_complex.py for tasks to queue
[2022-11-28 08:57:23,485] {logging_mixin.py:109} INFO - [2022-11-28 08:57:23,485] {dagbag.py:500} INFO - Filling up the DagBag from /home/airflow/.local/lib/python3.8/site-packages/airflow/example_dags/example_complex.py
[2022-11-28 08:57:23,506] {processor.py:654} INFO - DAG(s) dict_keys(['example_complex']) retrieved from /home/airflow/.local/lib/python3.8/site-packages/airflow/example_dags/example_complex.py
[2022-11-28 08:57:23,515] {logging_mixin.py:109} INFO - [2022-11-28 08:57:23,515] {dag.py:2398} INFO - Sync 1 DAGs
[2022-11-28 08:57:23,524] {logging_mixin.py:109} INFO - [2022-11-28 08:57:23,524] {dag.py:2937} INFO - Setting next_dagrun for example_complex to None
[2022-11-28 08:57:23,531] {processor.py:171} INFO - Processing /home/airflow/.local/lib/python3.8/site-packages/airflow/example_dags/example_complex.py took 0.049 seconds
[2022-11-28 08:57:53,794] {processor.py:163} INFO - Started process (PID=479) to work on /home/airflow/.local/lib/python3.8/site-packages/airflow/example_dags/example_complex.py
[2022-11-28 08:57:53,796] {processor.py:642} INFO - Processing file /home/airflow/.local/lib/python3.8/site-packages/airflow/example_dags/example_complex.py for tasks to queue
[2022-11-28 08:57:53,797] {logging_mixin.py:109} INFO - [2022-11-28 08:57:53,797] {dagbag.py:500} INFO - Filling up the DagBag from /home/airflow/.local/lib/python3.8/site-packages/airflow/example_dags/example_complex.py
[2022-11-28 08:57:53,832] {processor.py:654} INFO - DAG(s) dict_keys(['example_complex']) retrieved from /home/airflow/.local/lib/python3.8/site-packages/airflow/example_dags/example_complex.py
[2022-11-28 08:57:53,841] {logging_mixin.py:109} INFO - [2022-11-28 08:57:53,841] {dag.py:2398} INFO - Sync 1 DAGs
[2022-11-28 08:57:53,851] {logging_mixin.py:109} INFO - [2022-11-28 08:57:53,851] {dag.py:2937} INFO - Setting next_dagrun for example_complex to None
[2022-11-28 08:57:53,856] {processor.py:171} INFO - Processing /home/airflow/.local/lib/python3.8/site-packages/airflow/example_dags/example_complex.py took 0.066 seconds
[2022-11-28 08:58:25,230] {processor.py:163} INFO - Started process (PID=567) to work on /home/airflow/.local/lib/python3.8/site-packages/airflow/example_dags/example_complex.py
[2022-11-28 08:58:25,231] {processor.py:642} INFO - Processing file /home/airflow/.local/lib/python3.8/site-packages/airflow/example_dags/example_complex.py for tasks to queue
[2022-11-28 08:58:25,231] {logging_mixin.py:109} INFO - [2022-11-28 08:58:25,231] {dagbag.py:500} INFO - Filling up the DagBag from /home/airflow/.local/lib/python3.8/site-packages/airflow/example_dags/example_complex.py
[2022-11-28 08:58:25,254] {processor.py:654} INFO - DAG(s) dict_keys(['example_complex']) retrieved from /home/airflow/.local/lib/python3.8/site-packages/airflow/example_dags/example_complex.py
[2022-11-28 08:58:25,267] {logging_mixin.py:109} INFO - [2022-11-28 08:58:25,267] {dag.py:2398} INFO - Sync 1 DAGs
[2022-11-28 08:58:25,281] {logging_mixin.py:109} INFO - [2022-11-28 08:58:25,281] {dag.py:2937} INFO - Setting next_dagrun for example_complex to None
[2022-11-28 08:58:25,298] {processor.py:171} INFO - Processing /home/airflow/.local/lib/python3.8/site-packages/airflow/example_dags/example_complex.py took 0.069 seconds
[2022-11-28 08:58:57,526] {processor.py:163} INFO - Started process (PID=655) to work on /home/airflow/.local/lib/python3.8/site-packages/airflow/example_dags/example_complex.py
[2022-11-28 08:58:57,527] {processor.py:642} INFO - Processing file /home/airflow/.local/lib/python3.8/site-packages/airflow/example_dags/example_complex.py for tasks to queue
[2022-11-28 08:58:57,527] {logging_mixin.py:109} INFO - [2022-11-28 08:58:57,527] {dagbag.py:500} INFO - Filling up the DagBag from /home/airflow/.local/lib/python3.8/site-packages/airflow/example_dags/example_complex.py
[2022-11-28 08:58:57,549] {processor.py:654} INFO - DAG(s) dict_keys(['example_complex']) retrieved from /home/airflow/.local/lib/python3.8/site-packages/airflow/example_dags/example_complex.py
[2022-11-28 08:58:57,558] {logging_mixin.py:109} INFO - [2022-11-28 08:58:57,558] {dag.py:2398} INFO - Sync 1 DAGs
[2022-11-28 08:58:57,568] {logging_mixin.py:109} INFO - [2022-11-28 08:58:57,568] {dag.py:2937} INFO - Setting next_dagrun for example_complex to None
[2022-11-28 08:58:57,576] {processor.py:171} INFO - Processing /home/airflow/.local/lib/python3.8/site-packages/airflow/example_dags/example_complex.py took 0.051 seconds
[2022-11-28 08:59:29,815] {processor.py:163} INFO - Started process (PID=736) to work on /home/airflow/.local/lib/python3.8/site-packages/airflow/example_dags/example_complex.py
[2022-11-28 08:59:29,816] {processor.py:642} INFO - Processing file /home/airflow/.local/lib/python3.8/site-packages/airflow/example_dags/example_complex.py for tasks to queue
[2022-11-28 08:59:29,816] {logging_mixin.py:109} INFO - [2022-11-28 08:59:29,816] {dagbag.py:500} INFO - Filling up the DagBag from /home/airflow/.local/lib/python3.8/site-packages/airflow/example_dags/example_complex.py
[2022-11-28 08:59:29,839] {processor.py:654} INFO - DAG(s) dict_keys(['example_complex']) retrieved from /home/airflow/.local/lib/python3.8/site-packages/airflow/example_dags/example_complex.py
[2022-11-28 08:59:29,847] {logging_mixin.py:109} INFO - [2022-11-28 08:59:29,847] {dag.py:2398} INFO - Sync 1 DAGs
[2022-11-28 08:59:29,857] {logging_mixin.py:109} INFO - [2022-11-28 08:59:29,857] {dag.py:2937} INFO - Setting next_dagrun for example_complex to None
[2022-11-28 08:59:29,862] {processor.py:171} INFO - Processing /home/airflow/.local/lib/python3.8/site-packages/airflow/example_dags/example_complex.py took 0.049 seconds
[2022-11-28 09:00:02,209] {processor.py:163} INFO - Started process (PID=824) to work on /home/airflow/.local/lib/python3.8/site-packages/airflow/example_dags/example_complex.py
[2022-11-28 09:00:02,210] {processor.py:642} INFO - Processing file /home/airflow/.local/lib/python3.8/site-packages/airflow/example_dags/example_complex.py for tasks to queue
[2022-11-28 09:00:02,210] {logging_mixin.py:109} INFO - [2022-11-28 09:00:02,210] {dagbag.py:500} INFO - Filling up the DagBag from /home/airflow/.local/lib/python3.8/site-packages/airflow/example_dags/example_complex.py
[2022-11-28 09:00:02,237] {processor.py:654} INFO - DAG(s) dict_keys(['example_complex']) retrieved from /home/airflow/.local/lib/python3.8/site-packages/airflow/example_dags/example_complex.py
[2022-11-28 09:00:02,251] {logging_mixin.py:109} INFO - [2022-11-28 09:00:02,251] {dag.py:2398} INFO - Sync 1 DAGs
[2022-11-28 09:00:02,265] {logging_mixin.py:109} INFO - [2022-11-28 09:00:02,265] {dag.py:2937} INFO - Setting next_dagrun for example_complex to None
[2022-11-28 09:00:02,272] {processor.py:171} INFO - Processing /home/airflow/.local/lib/python3.8/site-packages/airflow/example_dags/example_complex.py took 0.065 seconds
[2022-11-28 09:00:34,702] {processor.py:163} INFO - Started process (PID=912) to work on /home/airflow/.local/lib/python3.8/site-packages/airflow/example_dags/example_complex.py
[2022-11-28 09:00:34,703] {processor.py:642} INFO - Processing file /home/airflow/.local/lib/python3.8/site-packages/airflow/example_dags/example_complex.py for tasks to queue
[2022-11-28 09:00:34,703] {logging_mixin.py:109} INFO - [2022-11-28 09:00:34,703] {dagbag.py:500} INFO - Filling up the DagBag from /home/airflow/.local/lib/python3.8/site-packages/airflow/example_dags/example_complex.py
[2022-11-28 09:00:34,725] {processor.py:654} INFO - DAG(s) dict_keys(['example_complex']) retrieved from /home/airflow/.local/lib/python3.8/site-packages/airflow/example_dags/example_complex.py
[2022-11-28 09:00:34,733] {logging_mixin.py:109} INFO - [2022-11-28 09:00:34,733] {dag.py:2398} INFO - Sync 1 DAGs
[2022-11-28 09:00:34,742] {logging_mixin.py:109} INFO - [2022-11-28 09:00:34,742] {dag.py:2937} INFO - Setting next_dagrun for example_complex to None
[2022-11-28 09:00:34,747] {processor.py:171} INFO - Processing /home/airflow/.local/lib/python3.8/site-packages/airflow/example_dags/example_complex.py took 0.046 seconds
[2022-11-28 09:01:06,950] {processor.py:163} INFO - Started process (PID=992) to work on /home/airflow/.local/lib/python3.8/site-packages/airflow/example_dags/example_complex.py
[2022-11-28 09:01:06,951] {processor.py:642} INFO - Processing file /home/airflow/.local/lib/python3.8/site-packages/airflow/example_dags/example_complex.py for tasks to queue
[2022-11-28 09:01:06,951] {logging_mixin.py:109} INFO - [2022-11-28 09:01:06,951] {dagbag.py:500} INFO - Filling up the DagBag from /home/airflow/.local/lib/python3.8/site-packages/airflow/example_dags/example_complex.py
[2022-11-28 09:01:06,978] {processor.py:654} INFO - DAG(s) dict_keys(['example_complex']) retrieved from /home/airflow/.local/lib/python3.8/site-packages/airflow/example_dags/example_complex.py
[2022-11-28 09:01:06,992] {logging_mixin.py:109} INFO - [2022-11-28 09:01:06,991] {dag.py:2398} INFO - Sync 1 DAGs
[2022-11-28 09:01:07,006] {logging_mixin.py:109} INFO - [2022-11-28 09:01:07,005] {dag.py:2937} INFO - Setting next_dagrun for example_complex to None
[2022-11-28 09:01:07,013] {processor.py:171} INFO - Processing /home/airflow/.local/lib/python3.8/site-packages/airflow/example_dags/example_complex.py took 0.065 seconds
[2022-11-28 09:01:39,566] {processor.py:163} INFO - Started process (PID=1080) to work on /home/airflow/.local/lib/python3.8/site-packages/airflow/example_dags/example_complex.py
[2022-11-28 09:01:39,567] {processor.py:642} INFO - Processing file /home/airflow/.local/lib/python3.8/site-packages/airflow/example_dags/example_complex.py for tasks to queue
[2022-11-28 09:01:39,567] {logging_mixin.py:109} INFO - [2022-11-28 09:01:39,567] {dagbag.py:500} INFO - Filling up the DagBag from /home/airflow/.local/lib/python3.8/site-packages/airflow/example_dags/example_complex.py
[2022-11-28 09:01:39,589] {processor.py:654} INFO - DAG(s) dict_keys(['example_complex']) retrieved from /home/airflow/.local/lib/python3.8/site-packages/airflow/example_dags/example_complex.py
[2022-11-28 09:01:39,597] {logging_mixin.py:109} INFO - [2022-11-28 09:01:39,597] {dag.py:2398} INFO - Sync 1 DAGs
[2022-11-28 09:01:39,606] {logging_mixin.py:109} INFO - [2022-11-28 09:01:39,606] {dag.py:2937} INFO - Setting next_dagrun for example_complex to None
[2022-11-28 09:01:39,611] {processor.py:171} INFO - Processing /home/airflow/.local/lib/python3.8/site-packages/airflow/example_dags/example_complex.py took 0.047 seconds
