[2022-11-28 08:57:13,359] {processor.py:163} INFO - Started process (PID=338) to work on /home/airflow/.local/lib/python3.8/site-packages/airflow/example_dags/example_branch_day_of_week_operator.py
[2022-11-28 08:57:13,359] {processor.py:642} INFO - Processing file /home/airflow/.local/lib/python3.8/site-packages/airflow/example_dags/example_branch_day_of_week_operator.py for tasks to queue
[2022-11-28 08:57:13,359] {logging_mixin.py:109} INFO - [2022-11-28 08:57:13,359] {dagbag.py:500} INFO - Filling up the DagBag from /home/airflow/.local/lib/python3.8/site-packages/airflow/example_dags/example_branch_day_of_week_operator.py
[2022-11-28 08:57:13,380] {processor.py:654} INFO - DAG(s) dict_keys(['example_weekday_branch_operator']) retrieved from /home/airflow/.local/lib/python3.8/site-packages/airflow/example_dags/example_branch_day_of_week_operator.py
[2022-11-28 08:57:14,758] {logging_mixin.py:109} INFO - [2022-11-28 08:57:14,758] {manager.py:496} INFO - Created Permission View: can read on DAG:example_weekday_branch_operator
[2022-11-28 08:57:14,762] {logging_mixin.py:109} INFO - [2022-11-28 08:57:14,762] {manager.py:496} INFO - Created Permission View: can edit on DAG:example_weekday_branch_operator
[2022-11-28 08:57:14,762] {logging_mixin.py:109} INFO - [2022-11-28 08:57:14,762] {dag.py:2398} INFO - Sync 1 DAGs
[2022-11-28 08:57:14,766] {logging_mixin.py:109} INFO - [2022-11-28 08:57:14,766] {dag.py:2417} INFO - Creating ORM DAG for example_weekday_branch_operator
[2022-11-28 08:57:14,771] {logging_mixin.py:109} INFO - [2022-11-28 08:57:14,771] {dag.py:2937} INFO - Setting next_dagrun for example_weekday_branch_operator to 2022-11-27 00:00:00+00:00
[2022-11-28 08:57:14,778] {processor.py:171} INFO - Processing /home/airflow/.local/lib/python3.8/site-packages/airflow/example_dags/example_branch_day_of_week_operator.py took 1.421 seconds
[2022-11-28 08:57:45,001] {processor.py:163} INFO - Started process (PID=442) to work on /home/airflow/.local/lib/python3.8/site-packages/airflow/example_dags/example_branch_day_of_week_operator.py
[2022-11-28 08:57:45,002] {processor.py:642} INFO - Processing file /home/airflow/.local/lib/python3.8/site-packages/airflow/example_dags/example_branch_day_of_week_operator.py for tasks to queue
[2022-11-28 08:57:45,002] {logging_mixin.py:109} INFO - [2022-11-28 08:57:45,002] {dagbag.py:500} INFO - Filling up the DagBag from /home/airflow/.local/lib/python3.8/site-packages/airflow/example_dags/example_branch_day_of_week_operator.py
[2022-11-28 08:57:45,024] {processor.py:654} INFO - DAG(s) dict_keys(['example_weekday_branch_operator']) retrieved from /home/airflow/.local/lib/python3.8/site-packages/airflow/example_dags/example_branch_day_of_week_operator.py
[2022-11-28 08:57:45,029] {logging_mixin.py:109} INFO - [2022-11-28 08:57:45,029] {dag.py:2398} INFO - Sync 1 DAGs
[2022-11-28 08:57:45,040] {logging_mixin.py:109} INFO - [2022-11-28 08:57:45,040] {dag.py:2937} INFO - Setting next_dagrun for example_weekday_branch_operator to 2022-11-27 00:00:00+00:00
[2022-11-28 08:57:45,045] {processor.py:171} INFO - Processing /home/airflow/.local/lib/python3.8/site-packages/airflow/example_dags/example_branch_day_of_week_operator.py took 0.047 seconds
[2022-11-28 08:58:15,134] {processor.py:163} INFO - Started process (PID=522) to work on /home/airflow/.local/lib/python3.8/site-packages/airflow/example_dags/example_branch_day_of_week_operator.py
[2022-11-28 08:58:15,134] {processor.py:642} INFO - Processing file /home/airflow/.local/lib/python3.8/site-packages/airflow/example_dags/example_branch_day_of_week_operator.py for tasks to queue
[2022-11-28 08:58:15,135] {logging_mixin.py:109} INFO - [2022-11-28 08:58:15,135] {dagbag.py:500} INFO - Filling up the DagBag from /home/airflow/.local/lib/python3.8/site-packages/airflow/example_dags/example_branch_day_of_week_operator.py
[2022-11-28 08:58:15,154] {processor.py:654} INFO - DAG(s) dict_keys(['example_weekday_branch_operator']) retrieved from /home/airflow/.local/lib/python3.8/site-packages/airflow/example_dags/example_branch_day_of_week_operator.py
[2022-11-28 08:58:15,160] {logging_mixin.py:109} INFO - [2022-11-28 08:58:15,160] {dag.py:2398} INFO - Sync 1 DAGs
[2022-11-28 08:58:15,171] {logging_mixin.py:109} INFO - [2022-11-28 08:58:15,171] {dag.py:2937} INFO - Setting next_dagrun for example_weekday_branch_operator to 2022-11-27 00:00:00+00:00
[2022-11-28 08:58:15,178] {processor.py:171} INFO - Processing /home/airflow/.local/lib/python3.8/site-packages/airflow/example_dags/example_branch_day_of_week_operator.py took 0.047 seconds
[2022-11-28 08:58:45,501] {processor.py:163} INFO - Started process (PID=610) to work on /home/airflow/.local/lib/python3.8/site-packages/airflow/example_dags/example_branch_day_of_week_operator.py
[2022-11-28 08:58:45,502] {processor.py:642} INFO - Processing file /home/airflow/.local/lib/python3.8/site-packages/airflow/example_dags/example_branch_day_of_week_operator.py for tasks to queue
[2022-11-28 08:58:45,502] {logging_mixin.py:109} INFO - [2022-11-28 08:58:45,502] {dagbag.py:500} INFO - Filling up the DagBag from /home/airflow/.local/lib/python3.8/site-packages/airflow/example_dags/example_branch_day_of_week_operator.py
[2022-11-28 08:58:45,522] {processor.py:654} INFO - DAG(s) dict_keys(['example_weekday_branch_operator']) retrieved from /home/airflow/.local/lib/python3.8/site-packages/airflow/example_dags/example_branch_day_of_week_operator.py
[2022-11-28 08:58:45,528] {logging_mixin.py:109} INFO - [2022-11-28 08:58:45,528] {dag.py:2398} INFO - Sync 1 DAGs
[2022-11-28 08:58:45,539] {logging_mixin.py:109} INFO - [2022-11-28 08:58:45,539] {dag.py:2937} INFO - Setting next_dagrun for example_weekday_branch_operator to 2022-11-27 00:00:00+00:00
[2022-11-28 08:58:45,546] {processor.py:171} INFO - Processing /home/airflow/.local/lib/python3.8/site-packages/airflow/example_dags/example_branch_day_of_week_operator.py took 0.046 seconds
[2022-11-28 08:59:15,912] {processor.py:163} INFO - Started process (PID=691) to work on /home/airflow/.local/lib/python3.8/site-packages/airflow/example_dags/example_branch_day_of_week_operator.py
[2022-11-28 08:59:15,912] {processor.py:642} INFO - Processing file /home/airflow/.local/lib/python3.8/site-packages/airflow/example_dags/example_branch_day_of_week_operator.py for tasks to queue
[2022-11-28 08:59:15,913] {logging_mixin.py:109} INFO - [2022-11-28 08:59:15,912] {dagbag.py:500} INFO - Filling up the DagBag from /home/airflow/.local/lib/python3.8/site-packages/airflow/example_dags/example_branch_day_of_week_operator.py
[2022-11-28 08:59:15,933] {processor.py:654} INFO - DAG(s) dict_keys(['example_weekday_branch_operator']) retrieved from /home/airflow/.local/lib/python3.8/site-packages/airflow/example_dags/example_branch_day_of_week_operator.py
[2022-11-28 08:59:15,939] {logging_mixin.py:109} INFO - [2022-11-28 08:59:15,938] {dag.py:2398} INFO - Sync 1 DAGs
[2022-11-28 08:59:15,950] {logging_mixin.py:109} INFO - [2022-11-28 08:59:15,950] {dag.py:2937} INFO - Setting next_dagrun for example_weekday_branch_operator to 2022-11-27 00:00:00+00:00
[2022-11-28 08:59:15,972] {processor.py:171} INFO - Processing /home/airflow/.local/lib/python3.8/site-packages/airflow/example_dags/example_branch_day_of_week_operator.py took 0.062 seconds
[2022-11-28 08:59:46,289] {processor.py:163} INFO - Started process (PID=779) to work on /home/airflow/.local/lib/python3.8/site-packages/airflow/example_dags/example_branch_day_of_week_operator.py
[2022-11-28 08:59:46,290] {processor.py:642} INFO - Processing file /home/airflow/.local/lib/python3.8/site-packages/airflow/example_dags/example_branch_day_of_week_operator.py for tasks to queue
[2022-11-28 08:59:46,290] {logging_mixin.py:109} INFO - [2022-11-28 08:59:46,290] {dagbag.py:500} INFO - Filling up the DagBag from /home/airflow/.local/lib/python3.8/site-packages/airflow/example_dags/example_branch_day_of_week_operator.py
[2022-11-28 08:59:46,311] {processor.py:654} INFO - DAG(s) dict_keys(['example_weekday_branch_operator']) retrieved from /home/airflow/.local/lib/python3.8/site-packages/airflow/example_dags/example_branch_day_of_week_operator.py
[2022-11-28 08:59:46,319] {logging_mixin.py:109} INFO - [2022-11-28 08:59:46,319] {dag.py:2398} INFO - Sync 1 DAGs
[2022-11-28 08:59:46,335] {logging_mixin.py:109} INFO - [2022-11-28 08:59:46,335] {dag.py:2937} INFO - Setting next_dagrun for example_weekday_branch_operator to 2022-11-27 00:00:00+00:00
[2022-11-28 08:59:46,342] {processor.py:171} INFO - Processing /home/airflow/.local/lib/python3.8/site-packages/airflow/example_dags/example_branch_day_of_week_operator.py took 0.055 seconds
[2022-11-28 09:00:16,657] {processor.py:163} INFO - Started process (PID=859) to work on /home/airflow/.local/lib/python3.8/site-packages/airflow/example_dags/example_branch_day_of_week_operator.py
[2022-11-28 09:00:16,657] {processor.py:642} INFO - Processing file /home/airflow/.local/lib/python3.8/site-packages/airflow/example_dags/example_branch_day_of_week_operator.py for tasks to queue
[2022-11-28 09:00:16,658] {logging_mixin.py:109} INFO - [2022-11-28 09:00:16,658] {dagbag.py:500} INFO - Filling up the DagBag from /home/airflow/.local/lib/python3.8/site-packages/airflow/example_dags/example_branch_day_of_week_operator.py
[2022-11-28 09:00:16,678] {processor.py:654} INFO - DAG(s) dict_keys(['example_weekday_branch_operator']) retrieved from /home/airflow/.local/lib/python3.8/site-packages/airflow/example_dags/example_branch_day_of_week_operator.py
[2022-11-28 09:00:16,684] {logging_mixin.py:109} INFO - [2022-11-28 09:00:16,684] {dag.py:2398} INFO - Sync 1 DAGs
[2022-11-28 09:00:16,696] {logging_mixin.py:109} INFO - [2022-11-28 09:00:16,696] {dag.py:2937} INFO - Setting next_dagrun for example_weekday_branch_operator to 2022-11-27 00:00:00+00:00
[2022-11-28 09:00:16,702] {processor.py:171} INFO - Processing /home/airflow/.local/lib/python3.8/site-packages/airflow/example_dags/example_branch_day_of_week_operator.py took 0.047 seconds
[2022-11-28 09:00:47,042] {processor.py:163} INFO - Started process (PID=947) to work on /home/airflow/.local/lib/python3.8/site-packages/airflow/example_dags/example_branch_day_of_week_operator.py
[2022-11-28 09:00:47,043] {processor.py:642} INFO - Processing file /home/airflow/.local/lib/python3.8/site-packages/airflow/example_dags/example_branch_day_of_week_operator.py for tasks to queue
[2022-11-28 09:00:47,044] {logging_mixin.py:109} INFO - [2022-11-28 09:00:47,043] {dagbag.py:500} INFO - Filling up the DagBag from /home/airflow/.local/lib/python3.8/site-packages/airflow/example_dags/example_branch_day_of_week_operator.py
[2022-11-28 09:00:47,062] {processor.py:654} INFO - DAG(s) dict_keys(['example_weekday_branch_operator']) retrieved from /home/airflow/.local/lib/python3.8/site-packages/airflow/example_dags/example_branch_day_of_week_operator.py
[2022-11-28 09:00:47,069] {logging_mixin.py:109} INFO - [2022-11-28 09:00:47,069] {dag.py:2398} INFO - Sync 1 DAGs
[2022-11-28 09:00:47,085] {logging_mixin.py:109} INFO - [2022-11-28 09:00:47,085] {dag.py:2937} INFO - Setting next_dagrun for example_weekday_branch_operator to 2022-11-27 00:00:00+00:00
[2022-11-28 09:00:47,091] {processor.py:171} INFO - Processing /home/airflow/.local/lib/python3.8/site-packages/airflow/example_dags/example_branch_day_of_week_operator.py took 0.050 seconds
[2022-11-28 09:01:17,507] {processor.py:163} INFO - Started process (PID=1027) to work on /home/airflow/.local/lib/python3.8/site-packages/airflow/example_dags/example_branch_day_of_week_operator.py
[2022-11-28 09:01:17,507] {processor.py:642} INFO - Processing file /home/airflow/.local/lib/python3.8/site-packages/airflow/example_dags/example_branch_day_of_week_operator.py for tasks to queue
[2022-11-28 09:01:17,508] {logging_mixin.py:109} INFO - [2022-11-28 09:01:17,508] {dagbag.py:500} INFO - Filling up the DagBag from /home/airflow/.local/lib/python3.8/site-packages/airflow/example_dags/example_branch_day_of_week_operator.py
[2022-11-28 09:01:17,526] {processor.py:654} INFO - DAG(s) dict_keys(['example_weekday_branch_operator']) retrieved from /home/airflow/.local/lib/python3.8/site-packages/airflow/example_dags/example_branch_day_of_week_operator.py
[2022-11-28 09:01:17,531] {logging_mixin.py:109} INFO - [2022-11-28 09:01:17,531] {dag.py:2398} INFO - Sync 1 DAGs
[2022-11-28 09:01:17,543] {logging_mixin.py:109} INFO - [2022-11-28 09:01:17,543] {dag.py:2937} INFO - Setting next_dagrun for example_weekday_branch_operator to 2022-11-27 00:00:00+00:00
[2022-11-28 09:01:17,548] {processor.py:171} INFO - Processing /home/airflow/.local/lib/python3.8/site-packages/airflow/example_dags/example_branch_day_of_week_operator.py took 0.043 seconds
[2022-11-28 09:01:47,936] {processor.py:163} INFO - Started process (PID=1115) to work on /home/airflow/.local/lib/python3.8/site-packages/airflow/example_dags/example_branch_day_of_week_operator.py
[2022-11-28 09:01:47,936] {processor.py:642} INFO - Processing file /home/airflow/.local/lib/python3.8/site-packages/airflow/example_dags/example_branch_day_of_week_operator.py for tasks to queue
[2022-11-28 09:01:47,937] {logging_mixin.py:109} INFO - [2022-11-28 09:01:47,937] {dagbag.py:500} INFO - Filling up the DagBag from /home/airflow/.local/lib/python3.8/site-packages/airflow/example_dags/example_branch_day_of_week_operator.py
[2022-11-28 09:01:47,956] {processor.py:654} INFO - DAG(s) dict_keys(['example_weekday_branch_operator']) retrieved from /home/airflow/.local/lib/python3.8/site-packages/airflow/example_dags/example_branch_day_of_week_operator.py
[2022-11-28 09:01:47,963] {logging_mixin.py:109} INFO - [2022-11-28 09:01:47,963] {dag.py:2398} INFO - Sync 1 DAGs
[2022-11-28 09:01:47,974] {logging_mixin.py:109} INFO - [2022-11-28 09:01:47,974] {dag.py:2937} INFO - Setting next_dagrun for example_weekday_branch_operator to 2022-11-27 00:00:00+00:00
[2022-11-28 09:01:47,979] {processor.py:171} INFO - Processing /home/airflow/.local/lib/python3.8/site-packages/airflow/example_dags/example_branch_day_of_week_operator.py took 0.045 seconds
