[2022-11-28 08:56:48,314] {processor.py:163} INFO - Started process (PID=70) to work on /home/airflow/.local/lib/python3.8/site-packages/airflow/example_dags/example_time_delta_sensor_async.py
[2022-11-28 08:56:48,314] {processor.py:642} INFO - Processing file /home/airflow/.local/lib/python3.8/site-packages/airflow/example_dags/example_time_delta_sensor_async.py for tasks to queue
[2022-11-28 08:56:48,315] {logging_mixin.py:109} INFO - [2022-11-28 08:56:48,315] {dagbag.py:500} INFO - Filling up the DagBag from /home/airflow/.local/lib/python3.8/site-packages/airflow/example_dags/example_time_delta_sensor_async.py
[2022-11-28 08:56:48,344] {processor.py:654} INFO - DAG(s) dict_keys(['example_time_delta_sensor_async']) retrieved from /home/airflow/.local/lib/python3.8/site-packages/airflow/example_dags/example_time_delta_sensor_async.py
[2022-11-28 08:56:50,395] {logging_mixin.py:109} INFO - [2022-11-28 08:56:50,395] {manager.py:496} INFO - Created Permission View: can read on DAG:example_time_delta_sensor_async
[2022-11-28 08:56:50,401] {logging_mixin.py:109} INFO - [2022-11-28 08:56:50,400] {manager.py:496} INFO - Created Permission View: can edit on DAG:example_time_delta_sensor_async
[2022-11-28 08:56:50,401] {logging_mixin.py:109} INFO - [2022-11-28 08:56:50,401] {dag.py:2398} INFO - Sync 1 DAGs
[2022-11-28 08:56:50,406] {logging_mixin.py:109} INFO - [2022-11-28 08:56:50,406] {dag.py:2417} INFO - Creating ORM DAG for example_time_delta_sensor_async
[2022-11-28 08:56:50,413] {logging_mixin.py:109} INFO - [2022-11-28 08:56:50,413] {dag.py:2937} INFO - Setting next_dagrun for example_time_delta_sensor_async to None
[2022-11-28 08:56:50,422] {processor.py:171} INFO - Processing /home/airflow/.local/lib/python3.8/site-packages/airflow/example_dags/example_time_delta_sensor_async.py took 2.110 seconds
[2022-11-28 08:57:21,413] {processor.py:163} INFO - Started process (PID=398) to work on /home/airflow/.local/lib/python3.8/site-packages/airflow/example_dags/example_time_delta_sensor_async.py
[2022-11-28 08:57:21,414] {processor.py:642} INFO - Processing file /home/airflow/.local/lib/python3.8/site-packages/airflow/example_dags/example_time_delta_sensor_async.py for tasks to queue
[2022-11-28 08:57:21,414] {logging_mixin.py:109} INFO - [2022-11-28 08:57:21,414] {dagbag.py:500} INFO - Filling up the DagBag from /home/airflow/.local/lib/python3.8/site-packages/airflow/example_dags/example_time_delta_sensor_async.py
[2022-11-28 08:57:21,434] {processor.py:654} INFO - DAG(s) dict_keys(['example_time_delta_sensor_async']) retrieved from /home/airflow/.local/lib/python3.8/site-packages/airflow/example_dags/example_time_delta_sensor_async.py
[2022-11-28 08:57:21,441] {logging_mixin.py:109} INFO - [2022-11-28 08:57:21,441] {dag.py:2398} INFO - Sync 1 DAGs
[2022-11-28 08:57:21,454] {logging_mixin.py:109} INFO - [2022-11-28 08:57:21,454] {dag.py:2937} INFO - Setting next_dagrun for example_time_delta_sensor_async to None
[2022-11-28 08:57:21,461] {processor.py:171} INFO - Processing /home/airflow/.local/lib/python3.8/site-packages/airflow/example_dags/example_time_delta_sensor_async.py took 0.050 seconds
[2022-11-28 08:57:52,711] {processor.py:163} INFO - Started process (PID=478) to work on /home/airflow/.local/lib/python3.8/site-packages/airflow/example_dags/example_time_delta_sensor_async.py
[2022-11-28 08:57:52,712] {processor.py:642} INFO - Processing file /home/airflow/.local/lib/python3.8/site-packages/airflow/example_dags/example_time_delta_sensor_async.py for tasks to queue
[2022-11-28 08:57:52,712] {logging_mixin.py:109} INFO - [2022-11-28 08:57:52,712] {dagbag.py:500} INFO - Filling up the DagBag from /home/airflow/.local/lib/python3.8/site-packages/airflow/example_dags/example_time_delta_sensor_async.py
[2022-11-28 08:57:52,730] {processor.py:654} INFO - DAG(s) dict_keys(['example_time_delta_sensor_async']) retrieved from /home/airflow/.local/lib/python3.8/site-packages/airflow/example_dags/example_time_delta_sensor_async.py
[2022-11-28 08:57:52,735] {logging_mixin.py:109} INFO - [2022-11-28 08:57:52,735] {dag.py:2398} INFO - Sync 1 DAGs
[2022-11-28 08:57:52,744] {logging_mixin.py:109} INFO - [2022-11-28 08:57:52,744] {dag.py:2937} INFO - Setting next_dagrun for example_time_delta_sensor_async to None
[2022-11-28 08:57:52,749] {processor.py:171} INFO - Processing /home/airflow/.local/lib/python3.8/site-packages/airflow/example_dags/example_time_delta_sensor_async.py took 0.039 seconds
[2022-11-28 08:58:25,226] {processor.py:163} INFO - Started process (PID=566) to work on /home/airflow/.local/lib/python3.8/site-packages/airflow/example_dags/example_time_delta_sensor_async.py
[2022-11-28 08:58:25,227] {processor.py:642} INFO - Processing file /home/airflow/.local/lib/python3.8/site-packages/airflow/example_dags/example_time_delta_sensor_async.py for tasks to queue
[2022-11-28 08:58:25,227] {logging_mixin.py:109} INFO - [2022-11-28 08:58:25,227] {dagbag.py:500} INFO - Filling up the DagBag from /home/airflow/.local/lib/python3.8/site-packages/airflow/example_dags/example_time_delta_sensor_async.py
[2022-11-28 08:58:25,245] {processor.py:654} INFO - DAG(s) dict_keys(['example_time_delta_sensor_async']) retrieved from /home/airflow/.local/lib/python3.8/site-packages/airflow/example_dags/example_time_delta_sensor_async.py
[2022-11-28 08:58:25,250] {logging_mixin.py:109} INFO - [2022-11-28 08:58:25,250] {dag.py:2398} INFO - Sync 1 DAGs
[2022-11-28 08:58:25,260] {logging_mixin.py:109} INFO - [2022-11-28 08:58:25,259] {dag.py:2937} INFO - Setting next_dagrun for example_time_delta_sensor_async to None
[2022-11-28 08:58:25,264] {processor.py:171} INFO - Processing /home/airflow/.local/lib/python3.8/site-packages/airflow/example_dags/example_time_delta_sensor_async.py took 0.040 seconds
[2022-11-28 08:58:57,479] {processor.py:163} INFO - Started process (PID=654) to work on /home/airflow/.local/lib/python3.8/site-packages/airflow/example_dags/example_time_delta_sensor_async.py
[2022-11-28 08:58:57,479] {processor.py:642} INFO - Processing file /home/airflow/.local/lib/python3.8/site-packages/airflow/example_dags/example_time_delta_sensor_async.py for tasks to queue
[2022-11-28 08:58:57,479] {logging_mixin.py:109} INFO - [2022-11-28 08:58:57,479] {dagbag.py:500} INFO - Filling up the DagBag from /home/airflow/.local/lib/python3.8/site-packages/airflow/example_dags/example_time_delta_sensor_async.py
[2022-11-28 08:58:57,497] {processor.py:654} INFO - DAG(s) dict_keys(['example_time_delta_sensor_async']) retrieved from /home/airflow/.local/lib/python3.8/site-packages/airflow/example_dags/example_time_delta_sensor_async.py
[2022-11-28 08:58:57,502] {logging_mixin.py:109} INFO - [2022-11-28 08:58:57,502] {dag.py:2398} INFO - Sync 1 DAGs
[2022-11-28 08:58:57,511] {logging_mixin.py:109} INFO - [2022-11-28 08:58:57,511] {dag.py:2937} INFO - Setting next_dagrun for example_time_delta_sensor_async to None
[2022-11-28 08:58:57,517] {processor.py:171} INFO - Processing /home/airflow/.local/lib/python3.8/site-packages/airflow/example_dags/example_time_delta_sensor_async.py took 0.040 seconds
[2022-11-28 08:59:29,766] {processor.py:163} INFO - Started process (PID=735) to work on /home/airflow/.local/lib/python3.8/site-packages/airflow/example_dags/example_time_delta_sensor_async.py
[2022-11-28 08:59:29,767] {processor.py:642} INFO - Processing file /home/airflow/.local/lib/python3.8/site-packages/airflow/example_dags/example_time_delta_sensor_async.py for tasks to queue
[2022-11-28 08:59:29,767] {logging_mixin.py:109} INFO - [2022-11-28 08:59:29,767] {dagbag.py:500} INFO - Filling up the DagBag from /home/airflow/.local/lib/python3.8/site-packages/airflow/example_dags/example_time_delta_sensor_async.py
[2022-11-28 08:59:29,785] {processor.py:654} INFO - DAG(s) dict_keys(['example_time_delta_sensor_async']) retrieved from /home/airflow/.local/lib/python3.8/site-packages/airflow/example_dags/example_time_delta_sensor_async.py
[2022-11-28 08:59:29,790] {logging_mixin.py:109} INFO - [2022-11-28 08:59:29,790] {dag.py:2398} INFO - Sync 1 DAGs
[2022-11-28 08:59:29,799] {logging_mixin.py:109} INFO - [2022-11-28 08:59:29,799] {dag.py:2937} INFO - Setting next_dagrun for example_time_delta_sensor_async to None
[2022-11-28 08:59:29,805] {processor.py:171} INFO - Processing /home/airflow/.local/lib/python3.8/site-packages/airflow/example_dags/example_time_delta_sensor_async.py took 0.040 seconds
[2022-11-28 09:00:02,156] {processor.py:163} INFO - Started process (PID=823) to work on /home/airflow/.local/lib/python3.8/site-packages/airflow/example_dags/example_time_delta_sensor_async.py
[2022-11-28 09:00:02,156] {processor.py:642} INFO - Processing file /home/airflow/.local/lib/python3.8/site-packages/airflow/example_dags/example_time_delta_sensor_async.py for tasks to queue
[2022-11-28 09:00:02,157] {logging_mixin.py:109} INFO - [2022-11-28 09:00:02,157] {dagbag.py:500} INFO - Filling up the DagBag from /home/airflow/.local/lib/python3.8/site-packages/airflow/example_dags/example_time_delta_sensor_async.py
[2022-11-28 09:00:02,175] {processor.py:654} INFO - DAG(s) dict_keys(['example_time_delta_sensor_async']) retrieved from /home/airflow/.local/lib/python3.8/site-packages/airflow/example_dags/example_time_delta_sensor_async.py
[2022-11-28 09:00:02,181] {logging_mixin.py:109} INFO - [2022-11-28 09:00:02,181] {dag.py:2398} INFO - Sync 1 DAGs
[2022-11-28 09:00:02,193] {logging_mixin.py:109} INFO - [2022-11-28 09:00:02,193] {dag.py:2937} INFO - Setting next_dagrun for example_time_delta_sensor_async to None
[2022-11-28 09:00:02,199] {processor.py:171} INFO - Processing /home/airflow/.local/lib/python3.8/site-packages/airflow/example_dags/example_time_delta_sensor_async.py took 0.045 seconds
[2022-11-28 09:00:34,651] {processor.py:163} INFO - Started process (PID=911) to work on /home/airflow/.local/lib/python3.8/site-packages/airflow/example_dags/example_time_delta_sensor_async.py
[2022-11-28 09:00:34,651] {processor.py:642} INFO - Processing file /home/airflow/.local/lib/python3.8/site-packages/airflow/example_dags/example_time_delta_sensor_async.py for tasks to queue
[2022-11-28 09:00:34,652] {logging_mixin.py:109} INFO - [2022-11-28 09:00:34,652] {dagbag.py:500} INFO - Filling up the DagBag from /home/airflow/.local/lib/python3.8/site-packages/airflow/example_dags/example_time_delta_sensor_async.py
[2022-11-28 09:00:34,670] {processor.py:654} INFO - DAG(s) dict_keys(['example_time_delta_sensor_async']) retrieved from /home/airflow/.local/lib/python3.8/site-packages/airflow/example_dags/example_time_delta_sensor_async.py
[2022-11-28 09:00:34,676] {logging_mixin.py:109} INFO - [2022-11-28 09:00:34,676] {dag.py:2398} INFO - Sync 1 DAGs
[2022-11-28 09:00:34,687] {logging_mixin.py:109} INFO - [2022-11-28 09:00:34,687] {dag.py:2937} INFO - Setting next_dagrun for example_time_delta_sensor_async to None
[2022-11-28 09:00:34,692] {processor.py:171} INFO - Processing /home/airflow/.local/lib/python3.8/site-packages/airflow/example_dags/example_time_delta_sensor_async.py took 0.043 seconds
[2022-11-28 09:01:06,897] {processor.py:163} INFO - Started process (PID=991) to work on /home/airflow/.local/lib/python3.8/site-packages/airflow/example_dags/example_time_delta_sensor_async.py
[2022-11-28 09:01:06,898] {processor.py:642} INFO - Processing file /home/airflow/.local/lib/python3.8/site-packages/airflow/example_dags/example_time_delta_sensor_async.py for tasks to queue
[2022-11-28 09:01:06,898] {logging_mixin.py:109} INFO - [2022-11-28 09:01:06,898] {dagbag.py:500} INFO - Filling up the DagBag from /home/airflow/.local/lib/python3.8/site-packages/airflow/example_dags/example_time_delta_sensor_async.py
[2022-11-28 09:01:06,917] {processor.py:654} INFO - DAG(s) dict_keys(['example_time_delta_sensor_async']) retrieved from /home/airflow/.local/lib/python3.8/site-packages/airflow/example_dags/example_time_delta_sensor_async.py
[2022-11-28 09:01:06,923] {logging_mixin.py:109} INFO - [2022-11-28 09:01:06,923] {dag.py:2398} INFO - Sync 1 DAGs
[2022-11-28 09:01:06,934] {logging_mixin.py:109} INFO - [2022-11-28 09:01:06,934] {dag.py:2937} INFO - Setting next_dagrun for example_time_delta_sensor_async to None
[2022-11-28 09:01:06,940] {processor.py:171} INFO - Processing /home/airflow/.local/lib/python3.8/site-packages/airflow/example_dags/example_time_delta_sensor_async.py took 0.045 seconds
[2022-11-28 09:01:39,564] {processor.py:163} INFO - Started process (PID=1079) to work on /home/airflow/.local/lib/python3.8/site-packages/airflow/example_dags/example_time_delta_sensor_async.py
[2022-11-28 09:01:39,565] {processor.py:642} INFO - Processing file /home/airflow/.local/lib/python3.8/site-packages/airflow/example_dags/example_time_delta_sensor_async.py for tasks to queue
[2022-11-28 09:01:39,565] {logging_mixin.py:109} INFO - [2022-11-28 09:01:39,565] {dagbag.py:500} INFO - Filling up the DagBag from /home/airflow/.local/lib/python3.8/site-packages/airflow/example_dags/example_time_delta_sensor_async.py
[2022-11-28 09:01:39,582] {processor.py:654} INFO - DAG(s) dict_keys(['example_time_delta_sensor_async']) retrieved from /home/airflow/.local/lib/python3.8/site-packages/airflow/example_dags/example_time_delta_sensor_async.py
[2022-11-28 09:01:39,588] {logging_mixin.py:109} INFO - [2022-11-28 09:01:39,588] {dag.py:2398} INFO - Sync 1 DAGs
[2022-11-28 09:01:39,597] {logging_mixin.py:109} INFO - [2022-11-28 09:01:39,597] {dag.py:2937} INFO - Setting next_dagrun for example_time_delta_sensor_async to None
[2022-11-28 09:01:39,602] {processor.py:171} INFO - Processing /home/airflow/.local/lib/python3.8/site-packages/airflow/example_dags/example_time_delta_sensor_async.py took 0.040 seconds
