[2022-11-28 08:57:03,614] {processor.py:163} INFO - Started process (PID=221) to work on /home/airflow/.local/lib/python3.8/site-packages/airflow/example_dags/example_subdag_operator.py
[2022-11-28 08:57:03,614] {processor.py:642} INFO - Processing file /home/airflow/.local/lib/python3.8/site-packages/airflow/example_dags/example_subdag_operator.py for tasks to queue
[2022-11-28 08:57:03,614] {logging_mixin.py:109} INFO - [2022-11-28 08:57:03,614] {dagbag.py:500} INFO - Filling up the DagBag from /home/airflow/.local/lib/python3.8/site-packages/airflow/example_dags/example_subdag_operator.py
[2022-11-28 08:57:03,640] {processor.py:654} INFO - DAG(s) dict_keys(['example_subdag_operator.section-1', 'example_subdag_operator.section-2', 'example_subdag_operator']) retrieved from /home/airflow/.local/lib/python3.8/site-packages/airflow/example_dags/example_subdag_operator.py
[2022-11-28 08:57:05,000] {logging_mixin.py:109} INFO - [2022-11-28 08:57:05,000] {manager.py:496} INFO - Created Permission View: can read on DAG:example_subdag_operator
[2022-11-28 08:57:05,005] {logging_mixin.py:109} INFO - [2022-11-28 08:57:05,005] {manager.py:496} INFO - Created Permission View: can edit on DAG:example_subdag_operator
[2022-11-28 08:57:05,005] {logging_mixin.py:109} INFO - [2022-11-28 08:57:05,005] {dag.py:2398} INFO - Sync 3 DAGs
[2022-11-28 08:57:05,010] {logging_mixin.py:109} INFO - [2022-11-28 08:57:05,009] {dag.py:2417} INFO - Creating ORM DAG for example_subdag_operator.section-2
[2022-11-28 08:57:05,010] {logging_mixin.py:109} INFO - [2022-11-28 08:57:05,010] {dag.py:2417} INFO - Creating ORM DAG for example_subdag_operator
[2022-11-28 08:57:05,010] {logging_mixin.py:109} INFO - [2022-11-28 08:57:05,010] {dag.py:2417} INFO - Creating ORM DAG for example_subdag_operator.section-1
[2022-11-28 08:57:05,015] {logging_mixin.py:109} INFO - [2022-11-28 08:57:05,015] {dag.py:2937} INFO - Setting next_dagrun for example_subdag_operator to 2022-11-26T00:00:00+00:00
[2022-11-28 08:57:05,015] {logging_mixin.py:109} INFO - [2022-11-28 08:57:05,015] {dag.py:2937} INFO - Setting next_dagrun for example_subdag_operator.section-1 to None
[2022-11-28 08:57:05,015] {logging_mixin.py:109} INFO - [2022-11-28 08:57:05,015] {dag.py:2937} INFO - Setting next_dagrun for example_subdag_operator.section-2 to None
[2022-11-28 08:57:05,020] {logging_mixin.py:109} INFO - [2022-11-28 08:57:05,020] {dag.py:2398} INFO - Sync 2 DAGs
[2022-11-28 08:57:05,027] {logging_mixin.py:109} INFO - [2022-11-28 08:57:05,027] {dag.py:2937} INFO - Setting next_dagrun for example_subdag_operator.section-1 to None
[2022-11-28 08:57:05,027] {logging_mixin.py:109} INFO - [2022-11-28 08:57:05,027] {dag.py:2937} INFO - Setting next_dagrun for example_subdag_operator.section-2 to None
[2022-11-28 08:57:05,031] {processor.py:171} INFO - Processing /home/airflow/.local/lib/python3.8/site-packages/airflow/example_dags/example_subdag_operator.py took 1.420 seconds
[2022-11-28 08:57:36,058] {processor.py:163} INFO - Started process (PID=421) to work on /home/airflow/.local/lib/python3.8/site-packages/airflow/example_dags/example_subdag_operator.py
[2022-11-28 08:57:36,059] {processor.py:642} INFO - Processing file /home/airflow/.local/lib/python3.8/site-packages/airflow/example_dags/example_subdag_operator.py for tasks to queue
[2022-11-28 08:57:36,060] {logging_mixin.py:109} INFO - [2022-11-28 08:57:36,060] {dagbag.py:500} INFO - Filling up the DagBag from /home/airflow/.local/lib/python3.8/site-packages/airflow/example_dags/example_subdag_operator.py
[2022-11-28 08:57:36,086] {processor.py:654} INFO - DAG(s) dict_keys(['example_subdag_operator.section-1', 'example_subdag_operator.section-2', 'example_subdag_operator']) retrieved from /home/airflow/.local/lib/python3.8/site-packages/airflow/example_dags/example_subdag_operator.py
[2022-11-28 08:57:36,096] {logging_mixin.py:109} INFO - [2022-11-28 08:57:36,096] {dag.py:2398} INFO - Sync 3 DAGs
[2022-11-28 08:57:36,111] {logging_mixin.py:109} INFO - [2022-11-28 08:57:36,111] {dag.py:2937} INFO - Setting next_dagrun for example_subdag_operator to 2022-11-26T00:00:00+00:00
[2022-11-28 08:57:36,112] {logging_mixin.py:109} INFO - [2022-11-28 08:57:36,112] {dag.py:2937} INFO - Setting next_dagrun for example_subdag_operator.section-1 to None
[2022-11-28 08:57:36,112] {logging_mixin.py:109} INFO - [2022-11-28 08:57:36,112] {dag.py:2937} INFO - Setting next_dagrun for example_subdag_operator.section-2 to None
[2022-11-28 08:57:36,117] {logging_mixin.py:109} INFO - [2022-11-28 08:57:36,117] {dag.py:2398} INFO - Sync 2 DAGs
[2022-11-28 08:57:36,125] {logging_mixin.py:109} INFO - [2022-11-28 08:57:36,125] {dag.py:2937} INFO - Setting next_dagrun for example_subdag_operator.section-1 to None
[2022-11-28 08:57:36,126] {logging_mixin.py:109} INFO - [2022-11-28 08:57:36,126] {dag.py:2937} INFO - Setting next_dagrun for example_subdag_operator.section-2 to None
[2022-11-28 08:57:36,134] {processor.py:171} INFO - Processing /home/airflow/.local/lib/python3.8/site-packages/airflow/example_dags/example_subdag_operator.py took 0.078 seconds
[2022-11-28 08:58:06,252] {processor.py:163} INFO - Started process (PID=501) to work on /home/airflow/.local/lib/python3.8/site-packages/airflow/example_dags/example_subdag_operator.py
[2022-11-28 08:58:06,253] {processor.py:642} INFO - Processing file /home/airflow/.local/lib/python3.8/site-packages/airflow/example_dags/example_subdag_operator.py for tasks to queue
[2022-11-28 08:58:06,253] {logging_mixin.py:109} INFO - [2022-11-28 08:58:06,253] {dagbag.py:500} INFO - Filling up the DagBag from /home/airflow/.local/lib/python3.8/site-packages/airflow/example_dags/example_subdag_operator.py
[2022-11-28 08:58:06,277] {processor.py:654} INFO - DAG(s) dict_keys(['example_subdag_operator.section-1', 'example_subdag_operator.section-2', 'example_subdag_operator']) retrieved from /home/airflow/.local/lib/python3.8/site-packages/airflow/example_dags/example_subdag_operator.py
[2022-11-28 08:58:06,283] {logging_mixin.py:109} INFO - [2022-11-28 08:58:06,283] {dag.py:2398} INFO - Sync 3 DAGs
[2022-11-28 08:58:06,293] {logging_mixin.py:109} INFO - [2022-11-28 08:58:06,293] {dag.py:2937} INFO - Setting next_dagrun for example_subdag_operator to 2022-11-26T00:00:00+00:00
[2022-11-28 08:58:06,293] {logging_mixin.py:109} INFO - [2022-11-28 08:58:06,293] {dag.py:2937} INFO - Setting next_dagrun for example_subdag_operator.section-1 to None
[2022-11-28 08:58:06,293] {logging_mixin.py:109} INFO - [2022-11-28 08:58:06,293] {dag.py:2937} INFO - Setting next_dagrun for example_subdag_operator.section-2 to None
[2022-11-28 08:58:06,296] {logging_mixin.py:109} INFO - [2022-11-28 08:58:06,296] {dag.py:2398} INFO - Sync 2 DAGs
[2022-11-28 08:58:06,302] {logging_mixin.py:109} INFO - [2022-11-28 08:58:06,302] {dag.py:2937} INFO - Setting next_dagrun for example_subdag_operator.section-1 to None
[2022-11-28 08:58:06,302] {logging_mixin.py:109} INFO - [2022-11-28 08:58:06,302] {dag.py:2937} INFO - Setting next_dagrun for example_subdag_operator.section-2 to None
[2022-11-28 08:58:06,306] {processor.py:171} INFO - Processing /home/airflow/.local/lib/python3.8/site-packages/airflow/example_dags/example_subdag_operator.py took 0.055 seconds
[2022-11-28 08:58:36,823] {processor.py:163} INFO - Started process (PID=589) to work on /home/airflow/.local/lib/python3.8/site-packages/airflow/example_dags/example_subdag_operator.py
[2022-11-28 08:58:36,824] {processor.py:642} INFO - Processing file /home/airflow/.local/lib/python3.8/site-packages/airflow/example_dags/example_subdag_operator.py for tasks to queue
[2022-11-28 08:58:36,825] {logging_mixin.py:109} INFO - [2022-11-28 08:58:36,825] {dagbag.py:500} INFO - Filling up the DagBag from /home/airflow/.local/lib/python3.8/site-packages/airflow/example_dags/example_subdag_operator.py
[2022-11-28 08:58:36,850] {processor.py:654} INFO - DAG(s) dict_keys(['example_subdag_operator.section-1', 'example_subdag_operator.section-2', 'example_subdag_operator']) retrieved from /home/airflow/.local/lib/python3.8/site-packages/airflow/example_dags/example_subdag_operator.py
[2022-11-28 08:58:36,859] {logging_mixin.py:109} INFO - [2022-11-28 08:58:36,859] {dag.py:2398} INFO - Sync 3 DAGs
[2022-11-28 08:58:36,871] {logging_mixin.py:109} INFO - [2022-11-28 08:58:36,870] {dag.py:2937} INFO - Setting next_dagrun for example_subdag_operator to 2022-11-26T00:00:00+00:00
[2022-11-28 08:58:36,871] {logging_mixin.py:109} INFO - [2022-11-28 08:58:36,871] {dag.py:2937} INFO - Setting next_dagrun for example_subdag_operator.section-1 to None
[2022-11-28 08:58:36,871] {logging_mixin.py:109} INFO - [2022-11-28 08:58:36,871] {dag.py:2937} INFO - Setting next_dagrun for example_subdag_operator.section-2 to None
[2022-11-28 08:58:36,875] {logging_mixin.py:109} INFO - [2022-11-28 08:58:36,875] {dag.py:2398} INFO - Sync 2 DAGs
[2022-11-28 08:58:36,882] {logging_mixin.py:109} INFO - [2022-11-28 08:58:36,882] {dag.py:2937} INFO - Setting next_dagrun for example_subdag_operator.section-1 to None
[2022-11-28 08:58:36,882] {logging_mixin.py:109} INFO - [2022-11-28 08:58:36,882] {dag.py:2937} INFO - Setting next_dagrun for example_subdag_operator.section-2 to None
[2022-11-28 08:58:36,888] {processor.py:171} INFO - Processing /home/airflow/.local/lib/python3.8/site-packages/airflow/example_dags/example_subdag_operator.py took 0.066 seconds
[2022-11-28 08:59:07,130] {processor.py:163} INFO - Started process (PID=669) to work on /home/airflow/.local/lib/python3.8/site-packages/airflow/example_dags/example_subdag_operator.py
[2022-11-28 08:59:07,132] {processor.py:642} INFO - Processing file /home/airflow/.local/lib/python3.8/site-packages/airflow/example_dags/example_subdag_operator.py for tasks to queue
[2022-11-28 08:59:07,132] {logging_mixin.py:109} INFO - [2022-11-28 08:59:07,132] {dagbag.py:500} INFO - Filling up the DagBag from /home/airflow/.local/lib/python3.8/site-packages/airflow/example_dags/example_subdag_operator.py
[2022-11-28 08:59:07,172] {processor.py:654} INFO - DAG(s) dict_keys(['example_subdag_operator.section-1', 'example_subdag_operator.section-2', 'example_subdag_operator']) retrieved from /home/airflow/.local/lib/python3.8/site-packages/airflow/example_dags/example_subdag_operator.py
[2022-11-28 08:59:07,182] {logging_mixin.py:109} INFO - [2022-11-28 08:59:07,182] {dag.py:2398} INFO - Sync 3 DAGs
[2022-11-28 08:59:07,194] {logging_mixin.py:109} INFO - [2022-11-28 08:59:07,194] {dag.py:2937} INFO - Setting next_dagrun for example_subdag_operator to 2022-11-26T00:00:00+00:00
[2022-11-28 08:59:07,194] {logging_mixin.py:109} INFO - [2022-11-28 08:59:07,194] {dag.py:2937} INFO - Setting next_dagrun for example_subdag_operator.section-1 to None
[2022-11-28 08:59:07,194] {logging_mixin.py:109} INFO - [2022-11-28 08:59:07,194] {dag.py:2937} INFO - Setting next_dagrun for example_subdag_operator.section-2 to None
[2022-11-28 08:59:07,199] {logging_mixin.py:109} INFO - [2022-11-28 08:59:07,199] {dag.py:2398} INFO - Sync 2 DAGs
[2022-11-28 08:59:07,204] {logging_mixin.py:109} INFO - [2022-11-28 08:59:07,204] {dag.py:2937} INFO - Setting next_dagrun for example_subdag_operator.section-1 to None
[2022-11-28 08:59:07,204] {logging_mixin.py:109} INFO - [2022-11-28 08:59:07,204] {dag.py:2937} INFO - Setting next_dagrun for example_subdag_operator.section-2 to None
[2022-11-28 08:59:07,208] {processor.py:171} INFO - Processing /home/airflow/.local/lib/python3.8/site-packages/airflow/example_dags/example_subdag_operator.py took 0.081 seconds
