[2022-11-28 08:57:06,670] {processor.py:163} INFO - Started process (PID=258) to work on /home/airflow/.local/lib/python3.8/site-packages/airflow/example_dags/example_branch_operator.py
[2022-11-28 08:57:06,670] {processor.py:642} INFO - Processing file /home/airflow/.local/lib/python3.8/site-packages/airflow/example_dags/example_branch_operator.py for tasks to queue
[2022-11-28 08:57:06,671] {logging_mixin.py:109} INFO - [2022-11-28 08:57:06,671] {dagbag.py:500} INFO - Filling up the DagBag from /home/airflow/.local/lib/python3.8/site-packages/airflow/example_dags/example_branch_operator.py
[2022-11-28 08:57:06,691] {processor.py:654} INFO - DAG(s) dict_keys(['example_branch_operator']) retrieved from /home/airflow/.local/lib/python3.8/site-packages/airflow/example_dags/example_branch_operator.py
[2022-11-28 08:57:08,243] {logging_mixin.py:109} INFO - [2022-11-28 08:57:08,243] {manager.py:496} INFO - Created Permission View: can read on DAG:example_branch_operator
[2022-11-28 08:57:08,248] {logging_mixin.py:109} INFO - [2022-11-28 08:57:08,248] {manager.py:496} INFO - Created Permission View: can edit on DAG:example_branch_operator
[2022-11-28 08:57:08,249] {logging_mixin.py:109} INFO - [2022-11-28 08:57:08,249] {dag.py:2398} INFO - Sync 1 DAGs
[2022-11-28 08:57:08,254] {logging_mixin.py:109} INFO - [2022-11-28 08:57:08,253] {dag.py:2417} INFO - Creating ORM DAG for example_branch_operator
[2022-11-28 08:57:08,262] {logging_mixin.py:109} INFO - [2022-11-28 08:57:08,262] {dag.py:2937} INFO - Setting next_dagrun for example_branch_operator to 2022-11-27 00:00:00+00:00
[2022-11-28 08:57:08,273] {processor.py:171} INFO - Processing /home/airflow/.local/lib/python3.8/site-packages/airflow/example_dags/example_branch_operator.py took 1.605 seconds
[2022-11-28 08:57:38,496] {processor.py:163} INFO - Started process (PID=426) to work on /home/airflow/.local/lib/python3.8/site-packages/airflow/example_dags/example_branch_operator.py
[2022-11-28 08:57:38,497] {processor.py:642} INFO - Processing file /home/airflow/.local/lib/python3.8/site-packages/airflow/example_dags/example_branch_operator.py for tasks to queue
[2022-11-28 08:57:38,497] {logging_mixin.py:109} INFO - [2022-11-28 08:57:38,497] {dagbag.py:500} INFO - Filling up the DagBag from /home/airflow/.local/lib/python3.8/site-packages/airflow/example_dags/example_branch_operator.py
[2022-11-28 08:57:38,516] {processor.py:654} INFO - DAG(s) dict_keys(['example_branch_operator']) retrieved from /home/airflow/.local/lib/python3.8/site-packages/airflow/example_dags/example_branch_operator.py
[2022-11-28 08:57:38,522] {logging_mixin.py:109} INFO - [2022-11-28 08:57:38,522] {dag.py:2398} INFO - Sync 1 DAGs
[2022-11-28 08:57:38,532] {logging_mixin.py:109} INFO - [2022-11-28 08:57:38,532] {dag.py:2937} INFO - Setting next_dagrun for example_branch_operator to 2022-11-27 00:00:00+00:00
[2022-11-28 08:57:38,537] {processor.py:171} INFO - Processing /home/airflow/.local/lib/python3.8/site-packages/airflow/example_dags/example_branch_operator.py took 0.042 seconds
[2022-11-28 08:58:09,381] {processor.py:163} INFO - Started process (PID=514) to work on /home/airflow/.local/lib/python3.8/site-packages/airflow/example_dags/example_branch_operator.py
[2022-11-28 08:58:09,382] {processor.py:642} INFO - Processing file /home/airflow/.local/lib/python3.8/site-packages/airflow/example_dags/example_branch_operator.py for tasks to queue
[2022-11-28 08:58:09,382] {logging_mixin.py:109} INFO - [2022-11-28 08:58:09,382] {dagbag.py:500} INFO - Filling up the DagBag from /home/airflow/.local/lib/python3.8/site-packages/airflow/example_dags/example_branch_operator.py
[2022-11-28 08:58:09,411] {processor.py:654} INFO - DAG(s) dict_keys(['example_branch_operator']) retrieved from /home/airflow/.local/lib/python3.8/site-packages/airflow/example_dags/example_branch_operator.py
[2022-11-28 08:58:09,419] {logging_mixin.py:109} INFO - [2022-11-28 08:58:09,419] {dag.py:2398} INFO - Sync 1 DAGs
[2022-11-28 08:58:09,431] {logging_mixin.py:109} INFO - [2022-11-28 08:58:09,431] {dag.py:2937} INFO - Setting next_dagrun for example_branch_operator to 2022-11-27 00:00:00+00:00
[2022-11-28 08:58:09,438] {processor.py:171} INFO - Processing /home/airflow/.local/lib/python3.8/site-packages/airflow/example_dags/example_branch_operator.py took 0.059 seconds
[2022-11-28 08:58:39,937] {processor.py:163} INFO - Started process (PID=594) to work on /home/airflow/.local/lib/python3.8/site-packages/airflow/example_dags/example_branch_operator.py
[2022-11-28 08:58:39,940] {processor.py:642} INFO - Processing file /home/airflow/.local/lib/python3.8/site-packages/airflow/example_dags/example_branch_operator.py for tasks to queue
[2022-11-28 08:58:39,941] {logging_mixin.py:109} INFO - [2022-11-28 08:58:39,941] {dagbag.py:500} INFO - Filling up the DagBag from /home/airflow/.local/lib/python3.8/site-packages/airflow/example_dags/example_branch_operator.py
[2022-11-28 08:58:40,006] {processor.py:654} INFO - DAG(s) dict_keys(['example_branch_operator']) retrieved from /home/airflow/.local/lib/python3.8/site-packages/airflow/example_dags/example_branch_operator.py
[2022-11-28 08:58:40,016] {logging_mixin.py:109} INFO - [2022-11-28 08:58:40,016] {dag.py:2398} INFO - Sync 1 DAGs
[2022-11-28 08:58:40,031] {logging_mixin.py:109} INFO - [2022-11-28 08:58:40,031] {dag.py:2937} INFO - Setting next_dagrun for example_branch_operator to 2022-11-27 00:00:00+00:00
[2022-11-28 08:58:40,038] {processor.py:171} INFO - Processing /home/airflow/.local/lib/python3.8/site-packages/airflow/example_dags/example_branch_operator.py took 0.108 seconds
[2022-11-28 08:59:10,228] {processor.py:163} INFO - Started process (PID=682) to work on /home/airflow/.local/lib/python3.8/site-packages/airflow/example_dags/example_branch_operator.py
[2022-11-28 08:59:10,229] {processor.py:642} INFO - Processing file /home/airflow/.local/lib/python3.8/site-packages/airflow/example_dags/example_branch_operator.py for tasks to queue
[2022-11-28 08:59:10,229] {logging_mixin.py:109} INFO - [2022-11-28 08:59:10,229] {dagbag.py:500} INFO - Filling up the DagBag from /home/airflow/.local/lib/python3.8/site-packages/airflow/example_dags/example_branch_operator.py
[2022-11-28 08:59:10,251] {processor.py:654} INFO - DAG(s) dict_keys(['example_branch_operator']) retrieved from /home/airflow/.local/lib/python3.8/site-packages/airflow/example_dags/example_branch_operator.py
[2022-11-28 08:59:10,258] {logging_mixin.py:109} INFO - [2022-11-28 08:59:10,258] {dag.py:2398} INFO - Sync 1 DAGs
[2022-11-28 08:59:10,270] {logging_mixin.py:109} INFO - [2022-11-28 08:59:10,270] {dag.py:2937} INFO - Setting next_dagrun for example_branch_operator to 2022-11-27 00:00:00+00:00
[2022-11-28 08:59:10,275] {processor.py:171} INFO - Processing /home/airflow/.local/lib/python3.8/site-packages/airflow/example_dags/example_branch_operator.py took 0.050 seconds
[2022-11-28 08:59:40,603] {processor.py:163} INFO - Started process (PID=763) to work on /home/airflow/.local/lib/python3.8/site-packages/airflow/example_dags/example_branch_operator.py
[2022-11-28 08:59:40,604] {processor.py:642} INFO - Processing file /home/airflow/.local/lib/python3.8/site-packages/airflow/example_dags/example_branch_operator.py for tasks to queue
[2022-11-28 08:59:40,604] {logging_mixin.py:109} INFO - [2022-11-28 08:59:40,604] {dagbag.py:500} INFO - Filling up the DagBag from /home/airflow/.local/lib/python3.8/site-packages/airflow/example_dags/example_branch_operator.py
[2022-11-28 08:59:40,626] {processor.py:654} INFO - DAG(s) dict_keys(['example_branch_operator']) retrieved from /home/airflow/.local/lib/python3.8/site-packages/airflow/example_dags/example_branch_operator.py
[2022-11-28 08:59:40,633] {logging_mixin.py:109} INFO - [2022-11-28 08:59:40,633] {dag.py:2398} INFO - Sync 1 DAGs
[2022-11-28 08:59:40,645] {logging_mixin.py:109} INFO - [2022-11-28 08:59:40,644] {dag.py:2937} INFO - Setting next_dagrun for example_branch_operator to 2022-11-27 00:00:00+00:00
[2022-11-28 08:59:40,650] {processor.py:171} INFO - Processing /home/airflow/.local/lib/python3.8/site-packages/airflow/example_dags/example_branch_operator.py took 0.048 seconds
[2022-11-28 09:00:10,936] {processor.py:163} INFO - Started process (PID=851) to work on /home/airflow/.local/lib/python3.8/site-packages/airflow/example_dags/example_branch_operator.py
[2022-11-28 09:00:10,937] {processor.py:642} INFO - Processing file /home/airflow/.local/lib/python3.8/site-packages/airflow/example_dags/example_branch_operator.py for tasks to queue
[2022-11-28 09:00:10,938] {logging_mixin.py:109} INFO - [2022-11-28 09:00:10,937] {dagbag.py:500} INFO - Filling up the DagBag from /home/airflow/.local/lib/python3.8/site-packages/airflow/example_dags/example_branch_operator.py
[2022-11-28 09:00:10,965] {processor.py:654} INFO - DAG(s) dict_keys(['example_branch_operator']) retrieved from /home/airflow/.local/lib/python3.8/site-packages/airflow/example_dags/example_branch_operator.py
[2022-11-28 09:00:10,972] {logging_mixin.py:109} INFO - [2022-11-28 09:00:10,972] {dag.py:2398} INFO - Sync 1 DAGs
[2022-11-28 09:00:10,983] {logging_mixin.py:109} INFO - [2022-11-28 09:00:10,983] {dag.py:2937} INFO - Setting next_dagrun for example_branch_operator to 2022-11-27 00:00:00+00:00
[2022-11-28 09:00:10,988] {processor.py:171} INFO - Processing /home/airflow/.local/lib/python3.8/site-packages/airflow/example_dags/example_branch_operator.py took 0.058 seconds
[2022-11-28 09:00:41,357] {processor.py:163} INFO - Started process (PID=931) to work on /home/airflow/.local/lib/python3.8/site-packages/airflow/example_dags/example_branch_operator.py
[2022-11-28 09:00:41,358] {processor.py:642} INFO - Processing file /home/airflow/.local/lib/python3.8/site-packages/airflow/example_dags/example_branch_operator.py for tasks to queue
[2022-11-28 09:00:41,358] {logging_mixin.py:109} INFO - [2022-11-28 09:00:41,358] {dagbag.py:500} INFO - Filling up the DagBag from /home/airflow/.local/lib/python3.8/site-packages/airflow/example_dags/example_branch_operator.py
[2022-11-28 09:00:41,378] {processor.py:654} INFO - DAG(s) dict_keys(['example_branch_operator']) retrieved from /home/airflow/.local/lib/python3.8/site-packages/airflow/example_dags/example_branch_operator.py
[2022-11-28 09:00:41,387] {logging_mixin.py:109} INFO - [2022-11-28 09:00:41,387] {dag.py:2398} INFO - Sync 1 DAGs
[2022-11-28 09:00:41,405] {logging_mixin.py:109} INFO - [2022-11-28 09:00:41,405] {dag.py:2937} INFO - Setting next_dagrun for example_branch_operator to 2022-11-27 00:00:00+00:00
[2022-11-28 09:00:41,412] {processor.py:171} INFO - Processing /home/airflow/.local/lib/python3.8/site-packages/airflow/example_dags/example_branch_operator.py took 0.057 seconds
[2022-11-28 09:01:11,788] {processor.py:163} INFO - Started process (PID=1019) to work on /home/airflow/.local/lib/python3.8/site-packages/airflow/example_dags/example_branch_operator.py
[2022-11-28 09:01:11,790] {processor.py:642} INFO - Processing file /home/airflow/.local/lib/python3.8/site-packages/airflow/example_dags/example_branch_operator.py for tasks to queue
[2022-11-28 09:01:11,792] {logging_mixin.py:109} INFO - [2022-11-28 09:01:11,791] {dagbag.py:500} INFO - Filling up the DagBag from /home/airflow/.local/lib/python3.8/site-packages/airflow/example_dags/example_branch_operator.py
[2022-11-28 09:01:11,824] {processor.py:654} INFO - DAG(s) dict_keys(['example_branch_operator']) retrieved from /home/airflow/.local/lib/python3.8/site-packages/airflow/example_dags/example_branch_operator.py
[2022-11-28 09:01:11,830] {logging_mixin.py:109} INFO - [2022-11-28 09:01:11,830] {dag.py:2398} INFO - Sync 1 DAGs
[2022-11-28 09:01:11,841] {logging_mixin.py:109} INFO - [2022-11-28 09:01:11,841] {dag.py:2937} INFO - Setting next_dagrun for example_branch_operator to 2022-11-27 00:00:00+00:00
[2022-11-28 09:01:11,846] {processor.py:171} INFO - Processing /home/airflow/.local/lib/python3.8/site-packages/airflow/example_dags/example_branch_operator.py took 0.065 seconds
[2022-11-28 09:01:42,209] {processor.py:163} INFO - Started process (PID=1099) to work on /home/airflow/.local/lib/python3.8/site-packages/airflow/example_dags/example_branch_operator.py
[2022-11-28 09:01:42,209] {processor.py:642} INFO - Processing file /home/airflow/.local/lib/python3.8/site-packages/airflow/example_dags/example_branch_operator.py for tasks to queue
[2022-11-28 09:01:42,209] {logging_mixin.py:109} INFO - [2022-11-28 09:01:42,209] {dagbag.py:500} INFO - Filling up the DagBag from /home/airflow/.local/lib/python3.8/site-packages/airflow/example_dags/example_branch_operator.py
[2022-11-28 09:01:42,230] {processor.py:654} INFO - DAG(s) dict_keys(['example_branch_operator']) retrieved from /home/airflow/.local/lib/python3.8/site-packages/airflow/example_dags/example_branch_operator.py
[2022-11-28 09:01:42,237] {logging_mixin.py:109} INFO - [2022-11-28 09:01:42,237] {dag.py:2398} INFO - Sync 1 DAGs
[2022-11-28 09:01:42,249] {logging_mixin.py:109} INFO - [2022-11-28 09:01:42,249] {dag.py:2937} INFO - Setting next_dagrun for example_branch_operator to 2022-11-27 00:00:00+00:00
[2022-11-28 09:01:42,254] {processor.py:171} INFO - Processing /home/airflow/.local/lib/python3.8/site-packages/airflow/example_dags/example_branch_operator.py took 0.047 seconds
