[2022-11-28 08:57:08,303] {processor.py:163} INFO - Started process (PID=284) to work on /home/airflow/.local/lib/python3.8/site-packages/airflow/example_dags/example_latest_only.py
[2022-11-28 08:57:08,304] {processor.py:642} INFO - Processing file /home/airflow/.local/lib/python3.8/site-packages/airflow/example_dags/example_latest_only.py for tasks to queue
[2022-11-28 08:57:08,304] {logging_mixin.py:109} INFO - [2022-11-28 08:57:08,304] {dagbag.py:500} INFO - Filling up the DagBag from /home/airflow/.local/lib/python3.8/site-packages/airflow/example_dags/example_latest_only.py
[2022-11-28 08:57:08,327] {processor.py:654} INFO - DAG(s) dict_keys(['latest_only']) retrieved from /home/airflow/.local/lib/python3.8/site-packages/airflow/example_dags/example_latest_only.py
[2022-11-28 08:57:10,138] {logging_mixin.py:109} INFO - [2022-11-28 08:57:10,138] {manager.py:496} INFO - Created Permission View: can read on DAG:latest_only
[2022-11-28 08:57:10,143] {logging_mixin.py:109} INFO - [2022-11-28 08:57:10,143] {manager.py:496} INFO - Created Permission View: can edit on DAG:latest_only
[2022-11-28 08:57:10,144] {logging_mixin.py:109} INFO - [2022-11-28 08:57:10,144] {dag.py:2398} INFO - Sync 1 DAGs
[2022-11-28 08:57:10,149] {logging_mixin.py:109} INFO - [2022-11-28 08:57:10,148] {dag.py:2417} INFO - Creating ORM DAG for latest_only
[2022-11-28 08:57:10,154] {logging_mixin.py:109} INFO - [2022-11-28 08:57:10,154] {dag.py:2937} INFO - Setting next_dagrun for latest_only to 2022-11-28T04:57:10.154730+00:00
[2022-11-28 08:57:10,163] {processor.py:171} INFO - Processing /home/airflow/.local/lib/python3.8/site-packages/airflow/example_dags/example_latest_only.py took 1.862 seconds
[2022-11-28 08:57:40,529] {processor.py:163} INFO - Started process (PID=428) to work on /home/airflow/.local/lib/python3.8/site-packages/airflow/example_dags/example_latest_only.py
[2022-11-28 08:57:40,532] {processor.py:642} INFO - Processing file /home/airflow/.local/lib/python3.8/site-packages/airflow/example_dags/example_latest_only.py for tasks to queue
[2022-11-28 08:57:40,533] {logging_mixin.py:109} INFO - [2022-11-28 08:57:40,533] {dagbag.py:500} INFO - Filling up the DagBag from /home/airflow/.local/lib/python3.8/site-packages/airflow/example_dags/example_latest_only.py
[2022-11-28 08:57:40,567] {processor.py:654} INFO - DAG(s) dict_keys(['latest_only']) retrieved from /home/airflow/.local/lib/python3.8/site-packages/airflow/example_dags/example_latest_only.py
[2022-11-28 08:57:40,573] {logging_mixin.py:109} INFO - [2022-11-28 08:57:40,573] {dag.py:2398} INFO - Sync 1 DAGs
[2022-11-28 08:57:40,583] {logging_mixin.py:109} INFO - [2022-11-28 08:57:40,582] {dag.py:2937} INFO - Setting next_dagrun for latest_only to 2022-11-28T04:57:40.582717+00:00
[2022-11-28 08:57:40,588] {processor.py:171} INFO - Processing /home/airflow/.local/lib/python3.8/site-packages/airflow/example_dags/example_latest_only.py took 0.067 seconds
[2022-11-28 08:58:10,667] {processor.py:163} INFO - Started process (PID=516) to work on /home/airflow/.local/lib/python3.8/site-packages/airflow/example_dags/example_latest_only.py
[2022-11-28 08:58:10,668] {processor.py:642} INFO - Processing file /home/airflow/.local/lib/python3.8/site-packages/airflow/example_dags/example_latest_only.py for tasks to queue
[2022-11-28 08:58:10,669] {logging_mixin.py:109} INFO - [2022-11-28 08:58:10,669] {dagbag.py:500} INFO - Filling up the DagBag from /home/airflow/.local/lib/python3.8/site-packages/airflow/example_dags/example_latest_only.py
[2022-11-28 08:58:10,693] {processor.py:654} INFO - DAG(s) dict_keys(['latest_only']) retrieved from /home/airflow/.local/lib/python3.8/site-packages/airflow/example_dags/example_latest_only.py
[2022-11-28 08:58:10,698] {logging_mixin.py:109} INFO - [2022-11-28 08:58:10,698] {dag.py:2398} INFO - Sync 1 DAGs
[2022-11-28 08:58:10,707] {logging_mixin.py:109} INFO - [2022-11-28 08:58:10,707] {dag.py:2937} INFO - Setting next_dagrun for latest_only to 2022-11-28T04:58:10.707724+00:00
[2022-11-28 08:58:10,713] {processor.py:171} INFO - Processing /home/airflow/.local/lib/python3.8/site-packages/airflow/example_dags/example_latest_only.py took 0.053 seconds
[2022-11-28 08:58:41,072] {processor.py:163} INFO - Started process (PID=596) to work on /home/airflow/.local/lib/python3.8/site-packages/airflow/example_dags/example_latest_only.py
[2022-11-28 08:58:41,073] {processor.py:642} INFO - Processing file /home/airflow/.local/lib/python3.8/site-packages/airflow/example_dags/example_latest_only.py for tasks to queue
[2022-11-28 08:58:41,074] {logging_mixin.py:109} INFO - [2022-11-28 08:58:41,074] {dagbag.py:500} INFO - Filling up the DagBag from /home/airflow/.local/lib/python3.8/site-packages/airflow/example_dags/example_latest_only.py
[2022-11-28 08:58:41,099] {processor.py:654} INFO - DAG(s) dict_keys(['latest_only']) retrieved from /home/airflow/.local/lib/python3.8/site-packages/airflow/example_dags/example_latest_only.py
[2022-11-28 08:58:41,105] {logging_mixin.py:109} INFO - [2022-11-28 08:58:41,105] {dag.py:2398} INFO - Sync 1 DAGs
[2022-11-28 08:58:41,115] {logging_mixin.py:109} INFO - [2022-11-28 08:58:41,115] {dag.py:2937} INFO - Setting next_dagrun for latest_only to 2022-11-28T04:58:41.114888+00:00
[2022-11-28 08:58:41,120] {processor.py:171} INFO - Processing /home/airflow/.local/lib/python3.8/site-packages/airflow/example_dags/example_latest_only.py took 0.053 seconds
[2022-11-28 08:59:11,311] {processor.py:163} INFO - Started process (PID=685) to work on /home/airflow/.local/lib/python3.8/site-packages/airflow/example_dags/example_latest_only.py
[2022-11-28 08:59:11,313] {processor.py:642} INFO - Processing file /home/airflow/.local/lib/python3.8/site-packages/airflow/example_dags/example_latest_only.py for tasks to queue
[2022-11-28 08:59:11,315] {logging_mixin.py:109} INFO - [2022-11-28 08:59:11,315] {dagbag.py:500} INFO - Filling up the DagBag from /home/airflow/.local/lib/python3.8/site-packages/airflow/example_dags/example_latest_only.py
[2022-11-28 08:59:11,344] {processor.py:654} INFO - DAG(s) dict_keys(['latest_only']) retrieved from /home/airflow/.local/lib/python3.8/site-packages/airflow/example_dags/example_latest_only.py
[2022-11-28 08:59:11,350] {logging_mixin.py:109} INFO - [2022-11-28 08:59:11,350] {dag.py:2398} INFO - Sync 1 DAGs
[2022-11-28 08:59:11,359] {logging_mixin.py:109} INFO - [2022-11-28 08:59:11,359] {dag.py:2937} INFO - Setting next_dagrun for latest_only to 2022-11-28T04:59:11.359459+00:00
[2022-11-28 08:59:11,366] {processor.py:171} INFO - Processing /home/airflow/.local/lib/python3.8/site-packages/airflow/example_dags/example_latest_only.py took 0.061 seconds
[2022-11-28 08:59:41,663] {processor.py:163} INFO - Started process (PID=765) to work on /home/airflow/.local/lib/python3.8/site-packages/airflow/example_dags/example_latest_only.py
[2022-11-28 08:59:41,664] {processor.py:642} INFO - Processing file /home/airflow/.local/lib/python3.8/site-packages/airflow/example_dags/example_latest_only.py for tasks to queue
[2022-11-28 08:59:41,664] {logging_mixin.py:109} INFO - [2022-11-28 08:59:41,664] {dagbag.py:500} INFO - Filling up the DagBag from /home/airflow/.local/lib/python3.8/site-packages/airflow/example_dags/example_latest_only.py
[2022-11-28 08:59:41,685] {processor.py:654} INFO - DAG(s) dict_keys(['latest_only']) retrieved from /home/airflow/.local/lib/python3.8/site-packages/airflow/example_dags/example_latest_only.py
[2022-11-28 08:59:41,691] {logging_mixin.py:109} INFO - [2022-11-28 08:59:41,691] {dag.py:2398} INFO - Sync 1 DAGs
[2022-11-28 08:59:41,701] {logging_mixin.py:109} INFO - [2022-11-28 08:59:41,701] {dag.py:2937} INFO - Setting next_dagrun for latest_only to 2022-11-28T04:59:41.701418+00:00
[2022-11-28 08:59:41,707] {processor.py:171} INFO - Processing /home/airflow/.local/lib/python3.8/site-packages/airflow/example_dags/example_latest_only.py took 0.046 seconds
[2022-11-28 09:00:12,026] {processor.py:163} INFO - Started process (PID=853) to work on /home/airflow/.local/lib/python3.8/site-packages/airflow/example_dags/example_latest_only.py
[2022-11-28 09:00:12,029] {processor.py:642} INFO - Processing file /home/airflow/.local/lib/python3.8/site-packages/airflow/example_dags/example_latest_only.py for tasks to queue
[2022-11-28 09:00:12,030] {logging_mixin.py:109} INFO - [2022-11-28 09:00:12,030] {dagbag.py:500} INFO - Filling up the DagBag from /home/airflow/.local/lib/python3.8/site-packages/airflow/example_dags/example_latest_only.py
[2022-11-28 09:00:12,061] {processor.py:654} INFO - DAG(s) dict_keys(['latest_only']) retrieved from /home/airflow/.local/lib/python3.8/site-packages/airflow/example_dags/example_latest_only.py
[2022-11-28 09:00:12,069] {logging_mixin.py:109} INFO - [2022-11-28 09:00:12,069] {dag.py:2398} INFO - Sync 1 DAGs
[2022-11-28 09:00:12,079] {logging_mixin.py:109} INFO - [2022-11-28 09:00:12,079] {dag.py:2937} INFO - Setting next_dagrun for latest_only to 2022-11-28T05:00:12.079256+00:00
[2022-11-28 09:00:12,085] {processor.py:171} INFO - Processing /home/airflow/.local/lib/python3.8/site-packages/airflow/example_dags/example_latest_only.py took 0.066 seconds
[2022-11-28 09:00:42,445] {processor.py:163} INFO - Started process (PID=933) to work on /home/airflow/.local/lib/python3.8/site-packages/airflow/example_dags/example_latest_only.py
[2022-11-28 09:00:42,446] {processor.py:642} INFO - Processing file /home/airflow/.local/lib/python3.8/site-packages/airflow/example_dags/example_latest_only.py for tasks to queue
[2022-11-28 09:00:42,447] {logging_mixin.py:109} INFO - [2022-11-28 09:00:42,447] {dagbag.py:500} INFO - Filling up the DagBag from /home/airflow/.local/lib/python3.8/site-packages/airflow/example_dags/example_latest_only.py
[2022-11-28 09:00:42,469] {processor.py:654} INFO - DAG(s) dict_keys(['latest_only']) retrieved from /home/airflow/.local/lib/python3.8/site-packages/airflow/example_dags/example_latest_only.py
[2022-11-28 09:00:42,475] {logging_mixin.py:109} INFO - [2022-11-28 09:00:42,475] {dag.py:2398} INFO - Sync 1 DAGs
[2022-11-28 09:00:42,487] {logging_mixin.py:109} INFO - [2022-11-28 09:00:42,487] {dag.py:2937} INFO - Setting next_dagrun for latest_only to 2022-11-28T05:00:42.486891+00:00
[2022-11-28 09:00:42,492] {processor.py:171} INFO - Processing /home/airflow/.local/lib/python3.8/site-packages/airflow/example_dags/example_latest_only.py took 0.052 seconds
[2022-11-28 09:01:12,874] {processor.py:163} INFO - Started process (PID=1021) to work on /home/airflow/.local/lib/python3.8/site-packages/airflow/example_dags/example_latest_only.py
[2022-11-28 09:01:12,875] {processor.py:642} INFO - Processing file /home/airflow/.local/lib/python3.8/site-packages/airflow/example_dags/example_latest_only.py for tasks to queue
[2022-11-28 09:01:12,876] {logging_mixin.py:109} INFO - [2022-11-28 09:01:12,876] {dagbag.py:500} INFO - Filling up the DagBag from /home/airflow/.local/lib/python3.8/site-packages/airflow/example_dags/example_latest_only.py
[2022-11-28 09:01:12,900] {processor.py:654} INFO - DAG(s) dict_keys(['latest_only']) retrieved from /home/airflow/.local/lib/python3.8/site-packages/airflow/example_dags/example_latest_only.py
[2022-11-28 09:01:12,906] {logging_mixin.py:109} INFO - [2022-11-28 09:01:12,906] {dag.py:2398} INFO - Sync 1 DAGs
[2022-11-28 09:01:12,915] {logging_mixin.py:109} INFO - [2022-11-28 09:01:12,915] {dag.py:2937} INFO - Setting next_dagrun for latest_only to 2022-11-28T05:01:12.915734+00:00
[2022-11-28 09:01:12,921] {processor.py:171} INFO - Processing /home/airflow/.local/lib/python3.8/site-packages/airflow/example_dags/example_latest_only.py took 0.049 seconds
[2022-11-28 09:01:43,287] {processor.py:163} INFO - Started process (PID=1101) to work on /home/airflow/.local/lib/python3.8/site-packages/airflow/example_dags/example_latest_only.py
[2022-11-28 09:01:43,289] {processor.py:642} INFO - Processing file /home/airflow/.local/lib/python3.8/site-packages/airflow/example_dags/example_latest_only.py for tasks to queue
[2022-11-28 09:01:43,291] {logging_mixin.py:109} INFO - [2022-11-28 09:01:43,290] {dagbag.py:500} INFO - Filling up the DagBag from /home/airflow/.local/lib/python3.8/site-packages/airflow/example_dags/example_latest_only.py
[2022-11-28 09:01:43,322] {processor.py:654} INFO - DAG(s) dict_keys(['latest_only']) retrieved from /home/airflow/.local/lib/python3.8/site-packages/airflow/example_dags/example_latest_only.py
[2022-11-28 09:01:43,329] {logging_mixin.py:109} INFO - [2022-11-28 09:01:43,329] {dag.py:2398} INFO - Sync 1 DAGs
[2022-11-28 09:01:43,339] {logging_mixin.py:109} INFO - [2022-11-28 09:01:43,339] {dag.py:2937} INFO - Setting next_dagrun for latest_only to 2022-11-28T05:01:43.338946+00:00
[2022-11-28 09:01:43,344] {processor.py:171} INFO - Processing /home/airflow/.local/lib/python3.8/site-packages/airflow/example_dags/example_latest_only.py took 0.063 seconds
