[2022-11-28 08:57:03,769] {processor.py:163} INFO - Started process (PID=222) to work on /home/airflow/.local/lib/python3.8/site-packages/airflow/example_dags/example_latest_only_with_trigger.py
[2022-11-28 08:57:03,769] {processor.py:642} INFO - Processing file /home/airflow/.local/lib/python3.8/site-packages/airflow/example_dags/example_latest_only_with_trigger.py for tasks to queue
[2022-11-28 08:57:03,770] {logging_mixin.py:109} INFO - [2022-11-28 08:57:03,770] {dagbag.py:500} INFO - Filling up the DagBag from /home/airflow/.local/lib/python3.8/site-packages/airflow/example_dags/example_latest_only_with_trigger.py
[2022-11-28 08:57:03,788] {processor.py:654} INFO - DAG(s) dict_keys(['latest_only_with_trigger']) retrieved from /home/airflow/.local/lib/python3.8/site-packages/airflow/example_dags/example_latest_only_with_trigger.py
[2022-11-28 08:57:05,142] {logging_mixin.py:109} INFO - [2022-11-28 08:57:05,142] {manager.py:496} INFO - Created Permission View: can read on DAG:latest_only_with_trigger
[2022-11-28 08:57:05,147] {logging_mixin.py:109} INFO - [2022-11-28 08:57:05,147] {manager.py:496} INFO - Created Permission View: can edit on DAG:latest_only_with_trigger
[2022-11-28 08:57:05,147] {logging_mixin.py:109} INFO - [2022-11-28 08:57:05,147] {dag.py:2398} INFO - Sync 1 DAGs
[2022-11-28 08:57:05,152] {logging_mixin.py:109} INFO - [2022-11-28 08:57:05,151] {dag.py:2417} INFO - Creating ORM DAG for latest_only_with_trigger
[2022-11-28 08:57:05,157] {logging_mixin.py:109} INFO - [2022-11-28 08:57:05,157] {dag.py:2937} INFO - Setting next_dagrun for latest_only_with_trigger to 2022-11-28T04:57:05.156896+00:00
[2022-11-28 08:57:05,164] {processor.py:171} INFO - Processing /home/airflow/.local/lib/python3.8/site-packages/airflow/example_dags/example_latest_only_with_trigger.py took 1.397 seconds
[2022-11-28 08:57:36,052] {processor.py:163} INFO - Started process (PID=422) to work on /home/airflow/.local/lib/python3.8/site-packages/airflow/example_dags/example_latest_only_with_trigger.py
[2022-11-28 08:57:36,056] {processor.py:642} INFO - Processing file /home/airflow/.local/lib/python3.8/site-packages/airflow/example_dags/example_latest_only_with_trigger.py for tasks to queue
[2022-11-28 08:57:36,057] {logging_mixin.py:109} INFO - [2022-11-28 08:57:36,057] {dagbag.py:500} INFO - Filling up the DagBag from /home/airflow/.local/lib/python3.8/site-packages/airflow/example_dags/example_latest_only_with_trigger.py
[2022-11-28 08:57:36,080] {processor.py:654} INFO - DAG(s) dict_keys(['latest_only_with_trigger']) retrieved from /home/airflow/.local/lib/python3.8/site-packages/airflow/example_dags/example_latest_only_with_trigger.py
[2022-11-28 08:57:36,089] {logging_mixin.py:109} INFO - [2022-11-28 08:57:36,089] {dag.py:2398} INFO - Sync 1 DAGs
[2022-11-28 08:57:36,104] {logging_mixin.py:109} INFO - [2022-11-28 08:57:36,104] {dag.py:2937} INFO - Setting next_dagrun for latest_only_with_trigger to 2022-11-28T04:57:36.104180+00:00
[2022-11-28 08:57:36,112] {processor.py:171} INFO - Processing /home/airflow/.local/lib/python3.8/site-packages/airflow/example_dags/example_latest_only_with_trigger.py took 0.062 seconds
[2022-11-28 08:58:06,255] {processor.py:163} INFO - Started process (PID=502) to work on /home/airflow/.local/lib/python3.8/site-packages/airflow/example_dags/example_latest_only_with_trigger.py
[2022-11-28 08:58:06,255] {processor.py:642} INFO - Processing file /home/airflow/.local/lib/python3.8/site-packages/airflow/example_dags/example_latest_only_with_trigger.py for tasks to queue
[2022-11-28 08:58:06,256] {logging_mixin.py:109} INFO - [2022-11-28 08:58:06,255] {dagbag.py:500} INFO - Filling up the DagBag from /home/airflow/.local/lib/python3.8/site-packages/airflow/example_dags/example_latest_only_with_trigger.py
[2022-11-28 08:58:06,274] {processor.py:654} INFO - DAG(s) dict_keys(['latest_only_with_trigger']) retrieved from /home/airflow/.local/lib/python3.8/site-packages/airflow/example_dags/example_latest_only_with_trigger.py
[2022-11-28 08:58:06,280] {logging_mixin.py:109} INFO - [2022-11-28 08:58:06,280] {dag.py:2398} INFO - Sync 1 DAGs
[2022-11-28 08:58:06,289] {logging_mixin.py:109} INFO - [2022-11-28 08:58:06,289] {dag.py:2937} INFO - Setting next_dagrun for latest_only_with_trigger to 2022-11-28T04:58:06.289181+00:00
[2022-11-28 08:58:06,295] {processor.py:171} INFO - Processing /home/airflow/.local/lib/python3.8/site-packages/airflow/example_dags/example_latest_only_with_trigger.py took 0.042 seconds
[2022-11-28 08:58:36,826] {processor.py:163} INFO - Started process (PID=590) to work on /home/airflow/.local/lib/python3.8/site-packages/airflow/example_dags/example_latest_only_with_trigger.py
[2022-11-28 08:58:36,827] {processor.py:642} INFO - Processing file /home/airflow/.local/lib/python3.8/site-packages/airflow/example_dags/example_latest_only_with_trigger.py for tasks to queue
[2022-11-28 08:58:36,827] {logging_mixin.py:109} INFO - [2022-11-28 08:58:36,827] {dagbag.py:500} INFO - Filling up the DagBag from /home/airflow/.local/lib/python3.8/site-packages/airflow/example_dags/example_latest_only_with_trigger.py
[2022-11-28 08:58:36,851] {processor.py:654} INFO - DAG(s) dict_keys(['latest_only_with_trigger']) retrieved from /home/airflow/.local/lib/python3.8/site-packages/airflow/example_dags/example_latest_only_with_trigger.py
[2022-11-28 08:58:36,862] {logging_mixin.py:109} INFO - [2022-11-28 08:58:36,862] {dag.py:2398} INFO - Sync 1 DAGs
[2022-11-28 08:58:36,876] {logging_mixin.py:109} INFO - [2022-11-28 08:58:36,876] {dag.py:2937} INFO - Setting next_dagrun for latest_only_with_trigger to 2022-11-28T04:58:36.875948+00:00
[2022-11-28 08:58:36,884] {processor.py:171} INFO - Processing /home/airflow/.local/lib/python3.8/site-packages/airflow/example_dags/example_latest_only_with_trigger.py took 0.060 seconds
[2022-11-28 08:59:07,134] {processor.py:163} INFO - Started process (PID=670) to work on /home/airflow/.local/lib/python3.8/site-packages/airflow/example_dags/example_latest_only_with_trigger.py
[2022-11-28 08:59:07,136] {processor.py:642} INFO - Processing file /home/airflow/.local/lib/python3.8/site-packages/airflow/example_dags/example_latest_only_with_trigger.py for tasks to queue
[2022-11-28 08:59:07,136] {logging_mixin.py:109} INFO - [2022-11-28 08:59:07,136] {dagbag.py:500} INFO - Filling up the DagBag from /home/airflow/.local/lib/python3.8/site-packages/airflow/example_dags/example_latest_only_with_trigger.py
[2022-11-28 08:59:07,168] {processor.py:654} INFO - DAG(s) dict_keys(['latest_only_with_trigger']) retrieved from /home/airflow/.local/lib/python3.8/site-packages/airflow/example_dags/example_latest_only_with_trigger.py
[2022-11-28 08:59:07,176] {logging_mixin.py:109} INFO - [2022-11-28 08:59:07,176] {dag.py:2398} INFO - Sync 1 DAGs
[2022-11-28 08:59:07,188] {logging_mixin.py:109} INFO - [2022-11-28 08:59:07,188] {dag.py:2937} INFO - Setting next_dagrun for latest_only_with_trigger to 2022-11-28T04:59:07.188532+00:00
[2022-11-28 08:59:07,194] {processor.py:171} INFO - Processing /home/airflow/.local/lib/python3.8/site-packages/airflow/example_dags/example_latest_only_with_trigger.py took 0.064 seconds
[2022-11-28 08:59:37,467] {processor.py:163} INFO - Started process (PID=759) to work on /home/airflow/.local/lib/python3.8/site-packages/airflow/example_dags/example_latest_only_with_trigger.py
[2022-11-28 08:59:37,469] {processor.py:642} INFO - Processing file /home/airflow/.local/lib/python3.8/site-packages/airflow/example_dags/example_latest_only_with_trigger.py for tasks to queue
[2022-11-28 08:59:37,470] {logging_mixin.py:109} INFO - [2022-11-28 08:59:37,470] {dagbag.py:500} INFO - Filling up the DagBag from /home/airflow/.local/lib/python3.8/site-packages/airflow/example_dags/example_latest_only_with_trigger.py
[2022-11-28 08:59:37,500] {processor.py:654} INFO - DAG(s) dict_keys(['latest_only_with_trigger']) retrieved from /home/airflow/.local/lib/python3.8/site-packages/airflow/example_dags/example_latest_only_with_trigger.py
[2022-11-28 08:59:37,507] {logging_mixin.py:109} INFO - [2022-11-28 08:59:37,506] {dag.py:2398} INFO - Sync 1 DAGs
[2022-11-28 08:59:37,517] {logging_mixin.py:109} INFO - [2022-11-28 08:59:37,517] {dag.py:2937} INFO - Setting next_dagrun for latest_only_with_trigger to 2022-11-28T04:59:37.517059+00:00
[2022-11-28 08:59:37,522] {processor.py:171} INFO - Processing /home/airflow/.local/lib/python3.8/site-packages/airflow/example_dags/example_latest_only_with_trigger.py took 0.062 seconds
[2022-11-28 09:00:07,770] {processor.py:163} INFO - Started process (PID=839) to work on /home/airflow/.local/lib/python3.8/site-packages/airflow/example_dags/example_latest_only_with_trigger.py
[2022-11-28 09:00:07,773] {processor.py:642} INFO - Processing file /home/airflow/.local/lib/python3.8/site-packages/airflow/example_dags/example_latest_only_with_trigger.py for tasks to queue
[2022-11-28 09:00:07,774] {logging_mixin.py:109} INFO - [2022-11-28 09:00:07,774] {dagbag.py:500} INFO - Filling up the DagBag from /home/airflow/.local/lib/python3.8/site-packages/airflow/example_dags/example_latest_only_with_trigger.py
[2022-11-28 09:00:07,806] {processor.py:654} INFO - DAG(s) dict_keys(['latest_only_with_trigger']) retrieved from /home/airflow/.local/lib/python3.8/site-packages/airflow/example_dags/example_latest_only_with_trigger.py
[2022-11-28 09:00:07,813] {logging_mixin.py:109} INFO - [2022-11-28 09:00:07,813] {dag.py:2398} INFO - Sync 1 DAGs
[2022-11-28 09:00:07,823] {logging_mixin.py:109} INFO - [2022-11-28 09:00:07,823] {dag.py:2937} INFO - Setting next_dagrun for latest_only_with_trigger to 2022-11-28T05:00:07.823583+00:00
[2022-11-28 09:00:07,829] {processor.py:171} INFO - Processing /home/airflow/.local/lib/python3.8/site-packages/airflow/example_dags/example_latest_only_with_trigger.py took 0.066 seconds
[2022-11-28 09:00:38,272] {processor.py:163} INFO - Started process (PID=927) to work on /home/airflow/.local/lib/python3.8/site-packages/airflow/example_dags/example_latest_only_with_trigger.py
[2022-11-28 09:00:38,273] {processor.py:642} INFO - Processing file /home/airflow/.local/lib/python3.8/site-packages/airflow/example_dags/example_latest_only_with_trigger.py for tasks to queue
[2022-11-28 09:00:38,274] {logging_mixin.py:109} INFO - [2022-11-28 09:00:38,274] {dagbag.py:500} INFO - Filling up the DagBag from /home/airflow/.local/lib/python3.8/site-packages/airflow/example_dags/example_latest_only_with_trigger.py
[2022-11-28 09:00:38,303] {processor.py:654} INFO - DAG(s) dict_keys(['latest_only_with_trigger']) retrieved from /home/airflow/.local/lib/python3.8/site-packages/airflow/example_dags/example_latest_only_with_trigger.py
[2022-11-28 09:00:38,309] {logging_mixin.py:109} INFO - [2022-11-28 09:00:38,309] {dag.py:2398} INFO - Sync 1 DAGs
[2022-11-28 09:00:38,319] {logging_mixin.py:109} INFO - [2022-11-28 09:00:38,319] {dag.py:2937} INFO - Setting next_dagrun for latest_only_with_trigger to 2022-11-28T05:00:38.319328+00:00
[2022-11-28 09:00:38,324] {processor.py:171} INFO - Processing /home/airflow/.local/lib/python3.8/site-packages/airflow/example_dags/example_latest_only_with_trigger.py took 0.057 seconds
[2022-11-28 09:01:08,617] {processor.py:163} INFO - Started process (PID=1007) to work on /home/airflow/.local/lib/python3.8/site-packages/airflow/example_dags/example_latest_only_with_trigger.py
[2022-11-28 09:01:08,618] {processor.py:642} INFO - Processing file /home/airflow/.local/lib/python3.8/site-packages/airflow/example_dags/example_latest_only_with_trigger.py for tasks to queue
[2022-11-28 09:01:08,618] {logging_mixin.py:109} INFO - [2022-11-28 09:01:08,618] {dagbag.py:500} INFO - Filling up the DagBag from /home/airflow/.local/lib/python3.8/site-packages/airflow/example_dags/example_latest_only_with_trigger.py
[2022-11-28 09:01:08,654] {processor.py:654} INFO - DAG(s) dict_keys(['latest_only_with_trigger']) retrieved from /home/airflow/.local/lib/python3.8/site-packages/airflow/example_dags/example_latest_only_with_trigger.py
[2022-11-28 09:01:08,660] {logging_mixin.py:109} INFO - [2022-11-28 09:01:08,660] {dag.py:2398} INFO - Sync 1 DAGs
[2022-11-28 09:01:08,672] {logging_mixin.py:109} INFO - [2022-11-28 09:01:08,672] {dag.py:2937} INFO - Setting next_dagrun for latest_only_with_trigger to 2022-11-28T05:01:08.672348+00:00
[2022-11-28 09:01:08,679] {processor.py:171} INFO - Processing /home/airflow/.local/lib/python3.8/site-packages/airflow/example_dags/example_latest_only_with_trigger.py took 0.064 seconds
[2022-11-28 09:01:40,078] {processor.py:163} INFO - Started process (PID=1095) to work on /home/airflow/.local/lib/python3.8/site-packages/airflow/example_dags/example_latest_only_with_trigger.py
[2022-11-28 09:01:40,079] {processor.py:642} INFO - Processing file /home/airflow/.local/lib/python3.8/site-packages/airflow/example_dags/example_latest_only_with_trigger.py for tasks to queue
[2022-11-28 09:01:40,079] {logging_mixin.py:109} INFO - [2022-11-28 09:01:40,079] {dagbag.py:500} INFO - Filling up the DagBag from /home/airflow/.local/lib/python3.8/site-packages/airflow/example_dags/example_latest_only_with_trigger.py
[2022-11-28 09:01:40,097] {processor.py:654} INFO - DAG(s) dict_keys(['latest_only_with_trigger']) retrieved from /home/airflow/.local/lib/python3.8/site-packages/airflow/example_dags/example_latest_only_with_trigger.py
[2022-11-28 09:01:40,102] {logging_mixin.py:109} INFO - [2022-11-28 09:01:40,102] {dag.py:2398} INFO - Sync 1 DAGs
[2022-11-28 09:01:40,112] {logging_mixin.py:109} INFO - [2022-11-28 09:01:40,112] {dag.py:2937} INFO - Setting next_dagrun for latest_only_with_trigger to 2022-11-28T05:01:40.112413+00:00
[2022-11-28 09:01:40,117] {processor.py:171} INFO - Processing /home/airflow/.local/lib/python3.8/site-packages/airflow/example_dags/example_latest_only_with_trigger.py took 0.040 seconds
