[2022-11-28 08:56:55,885] {processor.py:163} INFO - Started process (PID=132) to work on /home/airflow/.local/lib/python3.8/site-packages/airflow/example_dags/example_sla_dag.py
[2022-11-28 08:56:55,886] {processor.py:642} INFO - Processing file /home/airflow/.local/lib/python3.8/site-packages/airflow/example_dags/example_sla_dag.py for tasks to queue
[2022-11-28 08:56:55,887] {logging_mixin.py:109} INFO - [2022-11-28 08:56:55,887] {dagbag.py:500} INFO - Filling up the DagBag from /home/airflow/.local/lib/python3.8/site-packages/airflow/example_dags/example_sla_dag.py
[2022-11-28 08:56:55,952] {processor.py:654} INFO - DAG(s) dict_keys(['example_sla_dag']) retrieved from /home/airflow/.local/lib/python3.8/site-packages/airflow/example_dags/example_sla_dag.py
[2022-11-28 08:56:57,684] {logging_mixin.py:109} INFO - [2022-11-28 08:56:57,684] {manager.py:496} INFO - Created Permission View: can read on DAG:example_sla_dag
[2022-11-28 08:56:57,689] {logging_mixin.py:109} INFO - [2022-11-28 08:56:57,689] {manager.py:496} INFO - Created Permission View: can edit on DAG:example_sla_dag
[2022-11-28 08:56:57,689] {logging_mixin.py:109} INFO - [2022-11-28 08:56:57,689] {dag.py:2398} INFO - Sync 1 DAGs
[2022-11-28 08:56:57,694] {logging_mixin.py:109} INFO - [2022-11-28 08:56:57,694] {dag.py:2417} INFO - Creating ORM DAG for example_sla_dag
[2022-11-28 08:56:57,702] {logging_mixin.py:109} INFO - [2022-11-28 08:56:57,702] {dag.py:2937} INFO - Setting next_dagrun for example_sla_dag to 2022-11-28T08:54:00+00:00
[2022-11-28 08:56:57,709] {processor.py:171} INFO - Processing /home/airflow/.local/lib/python3.8/site-packages/airflow/example_dags/example_sla_dag.py took 1.836 seconds
[2022-11-28 08:57:28,664] {processor.py:163} INFO - Started process (PID=404) to work on /home/airflow/.local/lib/python3.8/site-packages/airflow/example_dags/example_sla_dag.py
[2022-11-28 08:57:28,666] {processor.py:642} INFO - Processing file /home/airflow/.local/lib/python3.8/site-packages/airflow/example_dags/example_sla_dag.py for tasks to queue
[2022-11-28 08:57:28,668] {logging_mixin.py:109} INFO - [2022-11-28 08:57:28,667] {dagbag.py:500} INFO - Filling up the DagBag from /home/airflow/.local/lib/python3.8/site-packages/airflow/example_dags/example_sla_dag.py
[2022-11-28 08:57:28,700] {processor.py:654} INFO - DAG(s) dict_keys(['example_sla_dag']) retrieved from /home/airflow/.local/lib/python3.8/site-packages/airflow/example_dags/example_sla_dag.py
[2022-11-28 08:57:28,706] {logging_mixin.py:109} INFO - [2022-11-28 08:57:28,706] {dag.py:2398} INFO - Sync 1 DAGs
[2022-11-28 08:57:28,717] {logging_mixin.py:109} INFO - [2022-11-28 08:57:28,717] {dag.py:2937} INFO - Setting next_dagrun for example_sla_dag to 2022-11-28T08:54:00+00:00
[2022-11-28 08:57:28,722] {processor.py:171} INFO - Processing /home/airflow/.local/lib/python3.8/site-packages/airflow/example_dags/example_sla_dag.py took 0.065 seconds
[2022-11-28 08:57:58,947] {processor.py:163} INFO - Started process (PID=492) to work on /home/airflow/.local/lib/python3.8/site-packages/airflow/example_dags/example_sla_dag.py
[2022-11-28 08:57:58,948] {processor.py:642} INFO - Processing file /home/airflow/.local/lib/python3.8/site-packages/airflow/example_dags/example_sla_dag.py for tasks to queue
[2022-11-28 08:57:58,949] {logging_mixin.py:109} INFO - [2022-11-28 08:57:58,949] {dagbag.py:500} INFO - Filling up the DagBag from /home/airflow/.local/lib/python3.8/site-packages/airflow/example_dags/example_sla_dag.py
[2022-11-28 08:57:58,976] {processor.py:654} INFO - DAG(s) dict_keys(['example_sla_dag']) retrieved from /home/airflow/.local/lib/python3.8/site-packages/airflow/example_dags/example_sla_dag.py
[2022-11-28 08:57:58,983] {logging_mixin.py:109} INFO - [2022-11-28 08:57:58,983] {dag.py:2398} INFO - Sync 1 DAGs
[2022-11-28 08:57:58,997] {logging_mixin.py:109} INFO - [2022-11-28 08:57:58,997] {dag.py:2937} INFO - Setting next_dagrun for example_sla_dag to 2022-11-28T08:54:00+00:00
[2022-11-28 08:57:59,003] {processor.py:171} INFO - Processing /home/airflow/.local/lib/python3.8/site-packages/airflow/example_dags/example_sla_dag.py took 0.062 seconds
[2022-11-28 08:58:29,407] {processor.py:163} INFO - Started process (PID=572) to work on /home/airflow/.local/lib/python3.8/site-packages/airflow/example_dags/example_sla_dag.py
[2022-11-28 08:58:29,409] {processor.py:642} INFO - Processing file /home/airflow/.local/lib/python3.8/site-packages/airflow/example_dags/example_sla_dag.py for tasks to queue
[2022-11-28 08:58:29,411] {logging_mixin.py:109} INFO - [2022-11-28 08:58:29,410] {dagbag.py:500} INFO - Filling up the DagBag from /home/airflow/.local/lib/python3.8/site-packages/airflow/example_dags/example_sla_dag.py
[2022-11-28 08:58:29,446] {processor.py:654} INFO - DAG(s) dict_keys(['example_sla_dag']) retrieved from /home/airflow/.local/lib/python3.8/site-packages/airflow/example_dags/example_sla_dag.py
[2022-11-28 08:58:29,451] {logging_mixin.py:109} INFO - [2022-11-28 08:58:29,451] {dag.py:2398} INFO - Sync 1 DAGs
[2022-11-28 08:58:29,463] {logging_mixin.py:109} INFO - [2022-11-28 08:58:29,463] {dag.py:2937} INFO - Setting next_dagrun for example_sla_dag to 2022-11-28T08:56:00+00:00
[2022-11-28 08:58:29,469] {processor.py:171} INFO - Processing /home/airflow/.local/lib/python3.8/site-packages/airflow/example_dags/example_sla_dag.py took 0.069 seconds
[2022-11-28 08:58:59,784] {processor.py:163} INFO - Started process (PID=660) to work on /home/airflow/.local/lib/python3.8/site-packages/airflow/example_dags/example_sla_dag.py
[2022-11-28 08:58:59,786] {processor.py:642} INFO - Processing file /home/airflow/.local/lib/python3.8/site-packages/airflow/example_dags/example_sla_dag.py for tasks to queue
[2022-11-28 08:58:59,788] {logging_mixin.py:109} INFO - [2022-11-28 08:58:59,787] {dagbag.py:500} INFO - Filling up the DagBag from /home/airflow/.local/lib/python3.8/site-packages/airflow/example_dags/example_sla_dag.py
[2022-11-28 08:58:59,820] {processor.py:654} INFO - DAG(s) dict_keys(['example_sla_dag']) retrieved from /home/airflow/.local/lib/python3.8/site-packages/airflow/example_dags/example_sla_dag.py
[2022-11-28 08:58:59,825] {logging_mixin.py:109} INFO - [2022-11-28 08:58:59,825] {dag.py:2398} INFO - Sync 1 DAGs
[2022-11-28 08:58:59,838] {logging_mixin.py:109} INFO - [2022-11-28 08:58:59,838] {dag.py:2937} INFO - Setting next_dagrun for example_sla_dag to 2022-11-28T08:56:00+00:00
[2022-11-28 08:58:59,843] {processor.py:171} INFO - Processing /home/airflow/.local/lib/python3.8/site-packages/airflow/example_dags/example_sla_dag.py took 0.066 seconds
