[2022-11-28 08:56:50,534] {processor.py:163} INFO - Started process (PID=88) to work on /home/airflow/.local/lib/python3.8/site-packages/airflow/example_dags/example_trigger_target_dag.py
[2022-11-28 08:56:50,535] {processor.py:642} INFO - Processing file /home/airflow/.local/lib/python3.8/site-packages/airflow/example_dags/example_trigger_target_dag.py for tasks to queue
[2022-11-28 08:56:50,535] {logging_mixin.py:109} INFO - [2022-11-28 08:56:50,535] {dagbag.py:500} INFO - Filling up the DagBag from /home/airflow/.local/lib/python3.8/site-packages/airflow/example_dags/example_trigger_target_dag.py
[2022-11-28 08:56:50,563] {processor.py:654} INFO - DAG(s) dict_keys(['example_trigger_target_dag']) retrieved from /home/airflow/.local/lib/python3.8/site-packages/airflow/example_dags/example_trigger_target_dag.py
[2022-11-28 08:56:52,887] {logging_mixin.py:109} INFO - [2022-11-28 08:56:52,887] {manager.py:496} INFO - Created Permission View: can read on DAG:example_trigger_target_dag
[2022-11-28 08:56:52,895] {logging_mixin.py:109} INFO - [2022-11-28 08:56:52,894] {manager.py:496} INFO - Created Permission View: can edit on DAG:example_trigger_target_dag
[2022-11-28 08:56:52,895] {logging_mixin.py:109} INFO - [2022-11-28 08:56:52,895] {dag.py:2398} INFO - Sync 1 DAGs
[2022-11-28 08:56:52,907] {logging_mixin.py:109} INFO - [2022-11-28 08:56:52,907] {dag.py:2417} INFO - Creating ORM DAG for example_trigger_target_dag
[2022-11-28 08:56:52,916] {logging_mixin.py:109} INFO - [2022-11-28 08:56:52,915] {dag.py:2937} INFO - Setting next_dagrun for example_trigger_target_dag to None
[2022-11-28 08:56:52,927] {processor.py:171} INFO - Processing /home/airflow/.local/lib/python3.8/site-packages/airflow/example_dags/example_trigger_target_dag.py took 2.395 seconds
[2022-11-28 08:57:23,486] {processor.py:163} INFO - Started process (PID=400) to work on /home/airflow/.local/lib/python3.8/site-packages/airflow/example_dags/example_trigger_target_dag.py
[2022-11-28 08:57:23,487] {processor.py:642} INFO - Processing file /home/airflow/.local/lib/python3.8/site-packages/airflow/example_dags/example_trigger_target_dag.py for tasks to queue
[2022-11-28 08:57:23,487] {logging_mixin.py:109} INFO - [2022-11-28 08:57:23,487] {dagbag.py:500} INFO - Filling up the DagBag from /home/airflow/.local/lib/python3.8/site-packages/airflow/example_dags/example_trigger_target_dag.py
[2022-11-28 08:57:23,506] {processor.py:654} INFO - DAG(s) dict_keys(['example_trigger_target_dag']) retrieved from /home/airflow/.local/lib/python3.8/site-packages/airflow/example_dags/example_trigger_target_dag.py
[2022-11-28 08:57:23,512] {logging_mixin.py:109} INFO - [2022-11-28 08:57:23,512] {dag.py:2398} INFO - Sync 1 DAGs
[2022-11-28 08:57:23,521] {logging_mixin.py:109} INFO - [2022-11-28 08:57:23,521] {dag.py:2937} INFO - Setting next_dagrun for example_trigger_target_dag to None
[2022-11-28 08:57:23,527] {processor.py:171} INFO - Processing /home/airflow/.local/lib/python3.8/site-packages/airflow/example_dags/example_trigger_target_dag.py took 0.043 seconds
[2022-11-28 08:57:53,798] {processor.py:163} INFO - Started process (PID=480) to work on /home/airflow/.local/lib/python3.8/site-packages/airflow/example_dags/example_trigger_target_dag.py
[2022-11-28 08:57:53,800] {processor.py:642} INFO - Processing file /home/airflow/.local/lib/python3.8/site-packages/airflow/example_dags/example_trigger_target_dag.py for tasks to queue
[2022-11-28 08:57:53,800] {logging_mixin.py:109} INFO - [2022-11-28 08:57:53,800] {dagbag.py:500} INFO - Filling up the DagBag from /home/airflow/.local/lib/python3.8/site-packages/airflow/example_dags/example_trigger_target_dag.py
[2022-11-28 08:57:53,832] {processor.py:654} INFO - DAG(s) dict_keys(['example_trigger_target_dag']) retrieved from /home/airflow/.local/lib/python3.8/site-packages/airflow/example_dags/example_trigger_target_dag.py
[2022-11-28 08:57:53,838] {logging_mixin.py:109} INFO - [2022-11-28 08:57:53,838] {dag.py:2398} INFO - Sync 1 DAGs
[2022-11-28 08:57:53,848] {logging_mixin.py:109} INFO - [2022-11-28 08:57:53,848] {dag.py:2937} INFO - Setting next_dagrun for example_trigger_target_dag to None
[2022-11-28 08:57:53,853] {processor.py:171} INFO - Processing /home/airflow/.local/lib/python3.8/site-packages/airflow/example_dags/example_trigger_target_dag.py took 0.059 seconds
[2022-11-28 08:58:25,275] {processor.py:163} INFO - Started process (PID=568) to work on /home/airflow/.local/lib/python3.8/site-packages/airflow/example_dags/example_trigger_target_dag.py
[2022-11-28 08:58:25,275] {processor.py:642} INFO - Processing file /home/airflow/.local/lib/python3.8/site-packages/airflow/example_dags/example_trigger_target_dag.py for tasks to queue
[2022-11-28 08:58:25,276] {logging_mixin.py:109} INFO - [2022-11-28 08:58:25,276] {dagbag.py:500} INFO - Filling up the DagBag from /home/airflow/.local/lib/python3.8/site-packages/airflow/example_dags/example_trigger_target_dag.py
[2022-11-28 08:58:25,296] {processor.py:654} INFO - DAG(s) dict_keys(['example_trigger_target_dag']) retrieved from /home/airflow/.local/lib/python3.8/site-packages/airflow/example_dags/example_trigger_target_dag.py
[2022-11-28 08:58:25,302] {logging_mixin.py:109} INFO - [2022-11-28 08:58:25,302] {dag.py:2398} INFO - Sync 1 DAGs
[2022-11-28 08:58:25,313] {logging_mixin.py:109} INFO - [2022-11-28 08:58:25,313] {dag.py:2937} INFO - Setting next_dagrun for example_trigger_target_dag to None
[2022-11-28 08:58:25,319] {processor.py:171} INFO - Processing /home/airflow/.local/lib/python3.8/site-packages/airflow/example_dags/example_trigger_target_dag.py took 0.046 seconds
[2022-11-28 08:58:57,586] {processor.py:163} INFO - Started process (PID=656) to work on /home/airflow/.local/lib/python3.8/site-packages/airflow/example_dags/example_trigger_target_dag.py
[2022-11-28 08:58:57,587] {processor.py:642} INFO - Processing file /home/airflow/.local/lib/python3.8/site-packages/airflow/example_dags/example_trigger_target_dag.py for tasks to queue
[2022-11-28 08:58:57,587] {logging_mixin.py:109} INFO - [2022-11-28 08:58:57,587] {dagbag.py:500} INFO - Filling up the DagBag from /home/airflow/.local/lib/python3.8/site-packages/airflow/example_dags/example_trigger_target_dag.py
[2022-11-28 08:58:57,608] {processor.py:654} INFO - DAG(s) dict_keys(['example_trigger_target_dag']) retrieved from /home/airflow/.local/lib/python3.8/site-packages/airflow/example_dags/example_trigger_target_dag.py
[2022-11-28 08:58:57,614] {logging_mixin.py:109} INFO - [2022-11-28 08:58:57,614] {dag.py:2398} INFO - Sync 1 DAGs
[2022-11-28 08:58:57,625] {logging_mixin.py:109} INFO - [2022-11-28 08:58:57,625] {dag.py:2937} INFO - Setting next_dagrun for example_trigger_target_dag to None
[2022-11-28 08:58:57,630] {processor.py:171} INFO - Processing /home/airflow/.local/lib/python3.8/site-packages/airflow/example_dags/example_trigger_target_dag.py took 0.046 seconds
[2022-11-28 08:59:29,871] {processor.py:163} INFO - Started process (PID=737) to work on /home/airflow/.local/lib/python3.8/site-packages/airflow/example_dags/example_trigger_target_dag.py
[2022-11-28 08:59:29,872] {processor.py:642} INFO - Processing file /home/airflow/.local/lib/python3.8/site-packages/airflow/example_dags/example_trigger_target_dag.py for tasks to queue
[2022-11-28 08:59:29,872] {logging_mixin.py:109} INFO - [2022-11-28 08:59:29,872] {dagbag.py:500} INFO - Filling up the DagBag from /home/airflow/.local/lib/python3.8/site-packages/airflow/example_dags/example_trigger_target_dag.py
[2022-11-28 08:59:29,892] {processor.py:654} INFO - DAG(s) dict_keys(['example_trigger_target_dag']) retrieved from /home/airflow/.local/lib/python3.8/site-packages/airflow/example_dags/example_trigger_target_dag.py
[2022-11-28 08:59:29,898] {logging_mixin.py:109} INFO - [2022-11-28 08:59:29,898] {dag.py:2398} INFO - Sync 1 DAGs
[2022-11-28 08:59:29,907] {logging_mixin.py:109} INFO - [2022-11-28 08:59:29,907] {dag.py:2937} INFO - Setting next_dagrun for example_trigger_target_dag to None
[2022-11-28 08:59:29,912] {processor.py:171} INFO - Processing /home/airflow/.local/lib/python3.8/site-packages/airflow/example_dags/example_trigger_target_dag.py took 0.043 seconds
[2022-11-28 09:00:02,282] {processor.py:163} INFO - Started process (PID=825) to work on /home/airflow/.local/lib/python3.8/site-packages/airflow/example_dags/example_trigger_target_dag.py
[2022-11-28 09:00:02,283] {processor.py:642} INFO - Processing file /home/airflow/.local/lib/python3.8/site-packages/airflow/example_dags/example_trigger_target_dag.py for tasks to queue
[2022-11-28 09:00:02,283] {logging_mixin.py:109} INFO - [2022-11-28 09:00:02,283] {dagbag.py:500} INFO - Filling up the DagBag from /home/airflow/.local/lib/python3.8/site-packages/airflow/example_dags/example_trigger_target_dag.py
[2022-11-28 09:00:02,304] {processor.py:654} INFO - DAG(s) dict_keys(['example_trigger_target_dag']) retrieved from /home/airflow/.local/lib/python3.8/site-packages/airflow/example_dags/example_trigger_target_dag.py
[2022-11-28 09:00:02,309] {logging_mixin.py:109} INFO - [2022-11-28 09:00:02,309] {dag.py:2398} INFO - Sync 1 DAGs
[2022-11-28 09:00:02,320] {logging_mixin.py:109} INFO - [2022-11-28 09:00:02,320] {dag.py:2937} INFO - Setting next_dagrun for example_trigger_target_dag to None
[2022-11-28 09:00:02,326] {processor.py:171} INFO - Processing /home/airflow/.local/lib/python3.8/site-packages/airflow/example_dags/example_trigger_target_dag.py took 0.046 seconds
[2022-11-28 09:00:34,758] {processor.py:163} INFO - Started process (PID=913) to work on /home/airflow/.local/lib/python3.8/site-packages/airflow/example_dags/example_trigger_target_dag.py
[2022-11-28 09:00:34,758] {processor.py:642} INFO - Processing file /home/airflow/.local/lib/python3.8/site-packages/airflow/example_dags/example_trigger_target_dag.py for tasks to queue
[2022-11-28 09:00:34,759] {logging_mixin.py:109} INFO - [2022-11-28 09:00:34,759] {dagbag.py:500} INFO - Filling up the DagBag from /home/airflow/.local/lib/python3.8/site-packages/airflow/example_dags/example_trigger_target_dag.py
[2022-11-28 09:00:34,780] {processor.py:654} INFO - DAG(s) dict_keys(['example_trigger_target_dag']) retrieved from /home/airflow/.local/lib/python3.8/site-packages/airflow/example_dags/example_trigger_target_dag.py
[2022-11-28 09:00:34,787] {logging_mixin.py:109} INFO - [2022-11-28 09:00:34,787] {dag.py:2398} INFO - Sync 1 DAGs
[2022-11-28 09:00:34,801] {logging_mixin.py:109} INFO - [2022-11-28 09:00:34,801] {dag.py:2937} INFO - Setting next_dagrun for example_trigger_target_dag to None
[2022-11-28 09:00:34,807] {processor.py:171} INFO - Processing /home/airflow/.local/lib/python3.8/site-packages/airflow/example_dags/example_trigger_target_dag.py took 0.051 seconds
[2022-11-28 09:01:07,027] {processor.py:163} INFO - Started process (PID=993) to work on /home/airflow/.local/lib/python3.8/site-packages/airflow/example_dags/example_trigger_target_dag.py
[2022-11-28 09:01:07,028] {processor.py:642} INFO - Processing file /home/airflow/.local/lib/python3.8/site-packages/airflow/example_dags/example_trigger_target_dag.py for tasks to queue
[2022-11-28 09:01:07,028] {logging_mixin.py:109} INFO - [2022-11-28 09:01:07,028] {dagbag.py:500} INFO - Filling up the DagBag from /home/airflow/.local/lib/python3.8/site-packages/airflow/example_dags/example_trigger_target_dag.py
[2022-11-28 09:01:07,053] {processor.py:654} INFO - DAG(s) dict_keys(['example_trigger_target_dag']) retrieved from /home/airflow/.local/lib/python3.8/site-packages/airflow/example_dags/example_trigger_target_dag.py
[2022-11-28 09:01:07,063] {logging_mixin.py:109} INFO - [2022-11-28 09:01:07,063] {dag.py:2398} INFO - Sync 1 DAGs
[2022-11-28 09:01:07,079] {logging_mixin.py:109} INFO - [2022-11-28 09:01:07,079] {dag.py:2937} INFO - Setting next_dagrun for example_trigger_target_dag to None
[2022-11-28 09:01:07,087] {processor.py:171} INFO - Processing /home/airflow/.local/lib/python3.8/site-packages/airflow/example_dags/example_trigger_target_dag.py took 0.063 seconds
[2022-11-28 09:01:39,612] {processor.py:163} INFO - Started process (PID=1081) to work on /home/airflow/.local/lib/python3.8/site-packages/airflow/example_dags/example_trigger_target_dag.py
[2022-11-28 09:01:39,613] {processor.py:642} INFO - Processing file /home/airflow/.local/lib/python3.8/site-packages/airflow/example_dags/example_trigger_target_dag.py for tasks to queue
[2022-11-28 09:01:39,613] {logging_mixin.py:109} INFO - [2022-11-28 09:01:39,613] {dagbag.py:500} INFO - Filling up the DagBag from /home/airflow/.local/lib/python3.8/site-packages/airflow/example_dags/example_trigger_target_dag.py
[2022-11-28 09:01:39,634] {processor.py:654} INFO - DAG(s) dict_keys(['example_trigger_target_dag']) retrieved from /home/airflow/.local/lib/python3.8/site-packages/airflow/example_dags/example_trigger_target_dag.py
[2022-11-28 09:01:39,640] {logging_mixin.py:109} INFO - [2022-11-28 09:01:39,640] {dag.py:2398} INFO - Sync 1 DAGs
[2022-11-28 09:01:39,650] {logging_mixin.py:109} INFO - [2022-11-28 09:01:39,649] {dag.py:2937} INFO - Setting next_dagrun for example_trigger_target_dag to None
[2022-11-28 09:01:39,655] {processor.py:171} INFO - Processing /home/airflow/.local/lib/python3.8/site-packages/airflow/example_dags/example_trigger_target_dag.py took 0.044 seconds
