[2022-11-28 08:57:02,345] {processor.py:163} INFO - Started process (PID=204) to work on /home/airflow/.local/lib/python3.8/site-packages/airflow/example_dags/example_branch_labels.py
[2022-11-28 08:57:02,346] {processor.py:642} INFO - Processing file /home/airflow/.local/lib/python3.8/site-packages/airflow/example_dags/example_branch_labels.py for tasks to queue
[2022-11-28 08:57:02,346] {logging_mixin.py:109} INFO - [2022-11-28 08:57:02,346] {dagbag.py:500} INFO - Filling up the DagBag from /home/airflow/.local/lib/python3.8/site-packages/airflow/example_dags/example_branch_labels.py
[2022-11-28 08:57:02,365] {processor.py:654} INFO - DAG(s) dict_keys(['example_branch_labels']) retrieved from /home/airflow/.local/lib/python3.8/site-packages/airflow/example_dags/example_branch_labels.py
[2022-11-28 08:57:03,728] {logging_mixin.py:109} INFO - [2022-11-28 08:57:03,728] {manager.py:496} INFO - Created Permission View: can read on DAG:example_branch_labels
[2022-11-28 08:57:03,733] {logging_mixin.py:109} INFO - [2022-11-28 08:57:03,733] {manager.py:496} INFO - Created Permission View: can edit on DAG:example_branch_labels
[2022-11-28 08:57:03,733] {logging_mixin.py:109} INFO - [2022-11-28 08:57:03,733] {dag.py:2398} INFO - Sync 1 DAGs
[2022-11-28 08:57:03,738] {logging_mixin.py:109} INFO - [2022-11-28 08:57:03,737] {dag.py:2417} INFO - Creating ORM DAG for example_branch_labels
[2022-11-28 08:57:03,744] {logging_mixin.py:109} INFO - [2022-11-28 08:57:03,744] {dag.py:2937} INFO - Setting next_dagrun for example_branch_labels to 2022-11-27 00:00:00+00:00
[2022-11-28 08:57:03,750] {processor.py:171} INFO - Processing /home/airflow/.local/lib/python3.8/site-packages/airflow/example_dags/example_branch_labels.py took 1.406 seconds
[2022-11-28 08:57:33,991] {processor.py:163} INFO - Started process (PID=420) to work on /home/airflow/.local/lib/python3.8/site-packages/airflow/example_dags/example_branch_labels.py
[2022-11-28 08:57:33,992] {processor.py:642} INFO - Processing file /home/airflow/.local/lib/python3.8/site-packages/airflow/example_dags/example_branch_labels.py for tasks to queue
[2022-11-28 08:57:33,992] {logging_mixin.py:109} INFO - [2022-11-28 08:57:33,992] {dagbag.py:500} INFO - Filling up the DagBag from /home/airflow/.local/lib/python3.8/site-packages/airflow/example_dags/example_branch_labels.py
[2022-11-28 08:57:34,010] {processor.py:654} INFO - DAG(s) dict_keys(['example_branch_labels']) retrieved from /home/airflow/.local/lib/python3.8/site-packages/airflow/example_dags/example_branch_labels.py
[2022-11-28 08:57:34,016] {logging_mixin.py:109} INFO - [2022-11-28 08:57:34,016] {dag.py:2398} INFO - Sync 1 DAGs
[2022-11-28 08:57:34,027] {logging_mixin.py:109} INFO - [2022-11-28 08:57:34,027] {dag.py:2937} INFO - Setting next_dagrun for example_branch_labels to 2022-11-27 00:00:00+00:00
[2022-11-28 08:57:34,033] {processor.py:171} INFO - Processing /home/airflow/.local/lib/python3.8/site-packages/airflow/example_dags/example_branch_labels.py took 0.043 seconds
[2022-11-28 08:58:04,246] {processor.py:163} INFO - Started process (PID=500) to work on /home/airflow/.local/lib/python3.8/site-packages/airflow/example_dags/example_branch_labels.py
[2022-11-28 08:58:04,247] {processor.py:642} INFO - Processing file /home/airflow/.local/lib/python3.8/site-packages/airflow/example_dags/example_branch_labels.py for tasks to queue
[2022-11-28 08:58:04,248] {logging_mixin.py:109} INFO - [2022-11-28 08:58:04,248] {dagbag.py:500} INFO - Filling up the DagBag from /home/airflow/.local/lib/python3.8/site-packages/airflow/example_dags/example_branch_labels.py
[2022-11-28 08:58:04,271] {processor.py:654} INFO - DAG(s) dict_keys(['example_branch_labels']) retrieved from /home/airflow/.local/lib/python3.8/site-packages/airflow/example_dags/example_branch_labels.py
[2022-11-28 08:58:04,276] {logging_mixin.py:109} INFO - [2022-11-28 08:58:04,276] {dag.py:2398} INFO - Sync 1 DAGs
[2022-11-28 08:58:04,287] {logging_mixin.py:109} INFO - [2022-11-28 08:58:04,287] {dag.py:2937} INFO - Setting next_dagrun for example_branch_labels to 2022-11-27 00:00:00+00:00
[2022-11-28 08:58:04,292] {processor.py:171} INFO - Processing /home/airflow/.local/lib/python3.8/site-packages/airflow/example_dags/example_branch_labels.py took 0.049 seconds
[2022-11-28 08:58:34,740] {processor.py:163} INFO - Started process (PID=588) to work on /home/airflow/.local/lib/python3.8/site-packages/airflow/example_dags/example_branch_labels.py
[2022-11-28 08:58:34,741] {processor.py:642} INFO - Processing file /home/airflow/.local/lib/python3.8/site-packages/airflow/example_dags/example_branch_labels.py for tasks to queue
[2022-11-28 08:58:34,741] {logging_mixin.py:109} INFO - [2022-11-28 08:58:34,741] {dagbag.py:500} INFO - Filling up the DagBag from /home/airflow/.local/lib/python3.8/site-packages/airflow/example_dags/example_branch_labels.py
[2022-11-28 08:58:34,759] {processor.py:654} INFO - DAG(s) dict_keys(['example_branch_labels']) retrieved from /home/airflow/.local/lib/python3.8/site-packages/airflow/example_dags/example_branch_labels.py
[2022-11-28 08:58:34,765] {logging_mixin.py:109} INFO - [2022-11-28 08:58:34,765] {dag.py:2398} INFO - Sync 1 DAGs
[2022-11-28 08:58:34,776] {logging_mixin.py:109} INFO - [2022-11-28 08:58:34,776] {dag.py:2937} INFO - Setting next_dagrun for example_branch_labels to 2022-11-27 00:00:00+00:00
[2022-11-28 08:58:34,783] {processor.py:171} INFO - Processing /home/airflow/.local/lib/python3.8/site-packages/airflow/example_dags/example_branch_labels.py took 0.045 seconds
[2022-11-28 08:59:05,050] {processor.py:163} INFO - Started process (PID=668) to work on /home/airflow/.local/lib/python3.8/site-packages/airflow/example_dags/example_branch_labels.py
[2022-11-28 08:59:05,052] {processor.py:642} INFO - Processing file /home/airflow/.local/lib/python3.8/site-packages/airflow/example_dags/example_branch_labels.py for tasks to queue
[2022-11-28 08:59:05,053] {logging_mixin.py:109} INFO - [2022-11-28 08:59:05,052] {dagbag.py:500} INFO - Filling up the DagBag from /home/airflow/.local/lib/python3.8/site-packages/airflow/example_dags/example_branch_labels.py
[2022-11-28 08:59:05,081] {processor.py:654} INFO - DAG(s) dict_keys(['example_branch_labels']) retrieved from /home/airflow/.local/lib/python3.8/site-packages/airflow/example_dags/example_branch_labels.py
[2022-11-28 08:59:05,089] {logging_mixin.py:109} INFO - [2022-11-28 08:59:05,089] {dag.py:2398} INFO - Sync 1 DAGs
[2022-11-28 08:59:05,103] {logging_mixin.py:109} INFO - [2022-11-28 08:59:05,103] {dag.py:2937} INFO - Setting next_dagrun for example_branch_labels to 2022-11-27 00:00:00+00:00
[2022-11-28 08:59:05,110] {processor.py:171} INFO - Processing /home/airflow/.local/lib/python3.8/site-packages/airflow/example_dags/example_branch_labels.py took 0.065 seconds
