[2022-11-28 08:56:55,840] {processor.py:163} INFO - Started process (PID=131) to work on /home/airflow/.local/lib/python3.8/site-packages/airflow/example_dags/example_nested_branch_dag.py
[2022-11-28 08:56:55,841] {processor.py:642} INFO - Processing file /home/airflow/.local/lib/python3.8/site-packages/airflow/example_dags/example_nested_branch_dag.py for tasks to queue
[2022-11-28 08:56:55,841] {logging_mixin.py:109} INFO - [2022-11-28 08:56:55,841] {dagbag.py:500} INFO - Filling up the DagBag from /home/airflow/.local/lib/python3.8/site-packages/airflow/example_dags/example_nested_branch_dag.py
[2022-11-28 08:56:55,918] {processor.py:654} INFO - DAG(s) dict_keys(['example_nested_branch_dag']) retrieved from /home/airflow/.local/lib/python3.8/site-packages/airflow/example_dags/example_nested_branch_dag.py
[2022-11-28 08:56:57,773] {logging_mixin.py:109} INFO - [2022-11-28 08:56:57,773] {manager.py:496} INFO - Created Permission View: can read on DAG:example_nested_branch_dag
[2022-11-28 08:56:57,779] {logging_mixin.py:109} INFO - [2022-11-28 08:56:57,779] {manager.py:496} INFO - Created Permission View: can edit on DAG:example_nested_branch_dag
[2022-11-28 08:56:57,779] {logging_mixin.py:109} INFO - [2022-11-28 08:56:57,779] {dag.py:2398} INFO - Sync 1 DAGs
[2022-11-28 08:56:57,784] {logging_mixin.py:109} INFO - [2022-11-28 08:56:57,784] {dag.py:2417} INFO - Creating ORM DAG for example_nested_branch_dag
[2022-11-28 08:56:57,791] {logging_mixin.py:109} INFO - [2022-11-28 08:56:57,791] {dag.py:2937} INFO - Setting next_dagrun for example_nested_branch_dag to 2022-11-27 00:00:00+00:00
[2022-11-28 08:56:57,798] {processor.py:171} INFO - Processing /home/airflow/.local/lib/python3.8/site-packages/airflow/example_dags/example_nested_branch_dag.py took 1.961 seconds
[2022-11-28 08:57:28,657] {processor.py:163} INFO - Started process (PID=403) to work on /home/airflow/.local/lib/python3.8/site-packages/airflow/example_dags/example_nested_branch_dag.py
[2022-11-28 08:57:28,660] {processor.py:642} INFO - Processing file /home/airflow/.local/lib/python3.8/site-packages/airflow/example_dags/example_nested_branch_dag.py for tasks to queue
[2022-11-28 08:57:28,661] {logging_mixin.py:109} INFO - [2022-11-28 08:57:28,661] {dagbag.py:500} INFO - Filling up the DagBag from /home/airflow/.local/lib/python3.8/site-packages/airflow/example_dags/example_nested_branch_dag.py
[2022-11-28 08:57:28,698] {processor.py:654} INFO - DAG(s) dict_keys(['example_nested_branch_dag']) retrieved from /home/airflow/.local/lib/python3.8/site-packages/airflow/example_dags/example_nested_branch_dag.py
[2022-11-28 08:57:28,705] {logging_mixin.py:109} INFO - [2022-11-28 08:57:28,704] {dag.py:2398} INFO - Sync 1 DAGs
[2022-11-28 08:57:28,715] {logging_mixin.py:109} INFO - [2022-11-28 08:57:28,714] {dag.py:2937} INFO - Setting next_dagrun for example_nested_branch_dag to 2022-11-27 00:00:00+00:00
[2022-11-28 08:57:28,720] {processor.py:171} INFO - Processing /home/airflow/.local/lib/python3.8/site-packages/airflow/example_dags/example_nested_branch_dag.py took 0.070 seconds
[2022-11-28 08:57:58,942] {processor.py:163} INFO - Started process (PID=491) to work on /home/airflow/.local/lib/python3.8/site-packages/airflow/example_dags/example_nested_branch_dag.py
[2022-11-28 08:57:58,945] {processor.py:642} INFO - Processing file /home/airflow/.local/lib/python3.8/site-packages/airflow/example_dags/example_nested_branch_dag.py for tasks to queue
[2022-11-28 08:57:58,946] {logging_mixin.py:109} INFO - [2022-11-28 08:57:58,946] {dagbag.py:500} INFO - Filling up the DagBag from /home/airflow/.local/lib/python3.8/site-packages/airflow/example_dags/example_nested_branch_dag.py
[2022-11-28 08:57:58,977] {processor.py:654} INFO - DAG(s) dict_keys(['example_nested_branch_dag']) retrieved from /home/airflow/.local/lib/python3.8/site-packages/airflow/example_dags/example_nested_branch_dag.py
[2022-11-28 08:57:58,986] {logging_mixin.py:109} INFO - [2022-11-28 08:57:58,986] {dag.py:2398} INFO - Sync 1 DAGs
[2022-11-28 08:57:58,998] {logging_mixin.py:109} INFO - [2022-11-28 08:57:58,998] {dag.py:2937} INFO - Setting next_dagrun for example_nested_branch_dag to 2022-11-27 00:00:00+00:00
[2022-11-28 08:57:59,005] {processor.py:171} INFO - Processing /home/airflow/.local/lib/python3.8/site-packages/airflow/example_dags/example_nested_branch_dag.py took 0.071 seconds
[2022-11-28 08:58:29,402] {processor.py:163} INFO - Started process (PID=571) to work on /home/airflow/.local/lib/python3.8/site-packages/airflow/example_dags/example_nested_branch_dag.py
[2022-11-28 08:58:29,406] {processor.py:642} INFO - Processing file /home/airflow/.local/lib/python3.8/site-packages/airflow/example_dags/example_nested_branch_dag.py for tasks to queue
[2022-11-28 08:58:29,407] {logging_mixin.py:109} INFO - [2022-11-28 08:58:29,407] {dagbag.py:500} INFO - Filling up the DagBag from /home/airflow/.local/lib/python3.8/site-packages/airflow/example_dags/example_nested_branch_dag.py
[2022-11-28 08:58:29,444] {processor.py:654} INFO - DAG(s) dict_keys(['example_nested_branch_dag']) retrieved from /home/airflow/.local/lib/python3.8/site-packages/airflow/example_dags/example_nested_branch_dag.py
[2022-11-28 08:58:29,450] {logging_mixin.py:109} INFO - [2022-11-28 08:58:29,450] {dag.py:2398} INFO - Sync 1 DAGs
[2022-11-28 08:58:29,461] {logging_mixin.py:109} INFO - [2022-11-28 08:58:29,460] {dag.py:2937} INFO - Setting next_dagrun for example_nested_branch_dag to 2022-11-27 00:00:00+00:00
[2022-11-28 08:58:29,467] {processor.py:171} INFO - Processing /home/airflow/.local/lib/python3.8/site-packages/airflow/example_dags/example_nested_branch_dag.py took 0.074 seconds
[2022-11-28 08:58:59,776] {processor.py:163} INFO - Started process (PID=659) to work on /home/airflow/.local/lib/python3.8/site-packages/airflow/example_dags/example_nested_branch_dag.py
[2022-11-28 08:58:59,778] {processor.py:642} INFO - Processing file /home/airflow/.local/lib/python3.8/site-packages/airflow/example_dags/example_nested_branch_dag.py for tasks to queue
[2022-11-28 08:58:59,779] {logging_mixin.py:109} INFO - [2022-11-28 08:58:59,779] {dagbag.py:500} INFO - Filling up the DagBag from /home/airflow/.local/lib/python3.8/site-packages/airflow/example_dags/example_nested_branch_dag.py
[2022-11-28 08:58:59,817] {processor.py:654} INFO - DAG(s) dict_keys(['example_nested_branch_dag']) retrieved from /home/airflow/.local/lib/python3.8/site-packages/airflow/example_dags/example_nested_branch_dag.py
[2022-11-28 08:58:59,824] {logging_mixin.py:109} INFO - [2022-11-28 08:58:59,824] {dag.py:2398} INFO - Sync 1 DAGs
[2022-11-28 08:58:59,834] {logging_mixin.py:109} INFO - [2022-11-28 08:58:59,834] {dag.py:2937} INFO - Setting next_dagrun for example_nested_branch_dag to 2022-11-27 00:00:00+00:00
[2022-11-28 08:58:59,841] {processor.py:171} INFO - Processing /home/airflow/.local/lib/python3.8/site-packages/airflow/example_dags/example_nested_branch_dag.py took 0.072 seconds
[2022-11-28 08:59:29,979] {processor.py:163} INFO - Started process (PID=740) to work on /home/airflow/.local/lib/python3.8/site-packages/airflow/example_dags/example_nested_branch_dag.py
[2022-11-28 08:59:29,979] {processor.py:642} INFO - Processing file /home/airflow/.local/lib/python3.8/site-packages/airflow/example_dags/example_nested_branch_dag.py for tasks to queue
[2022-11-28 08:59:29,980] {logging_mixin.py:109} INFO - [2022-11-28 08:59:29,980] {dagbag.py:500} INFO - Filling up the DagBag from /home/airflow/.local/lib/python3.8/site-packages/airflow/example_dags/example_nested_branch_dag.py
[2022-11-28 08:59:30,003] {processor.py:654} INFO - DAG(s) dict_keys(['example_nested_branch_dag']) retrieved from /home/airflow/.local/lib/python3.8/site-packages/airflow/example_dags/example_nested_branch_dag.py
[2022-11-28 08:59:30,008] {logging_mixin.py:109} INFO - [2022-11-28 08:59:30,008] {dag.py:2398} INFO - Sync 1 DAGs
[2022-11-28 08:59:30,019] {logging_mixin.py:109} INFO - [2022-11-28 08:59:30,019] {dag.py:2937} INFO - Setting next_dagrun for example_nested_branch_dag to 2022-11-27 00:00:00+00:00
[2022-11-28 08:59:30,025] {processor.py:171} INFO - Processing /home/airflow/.local/lib/python3.8/site-packages/airflow/example_dags/example_nested_branch_dag.py took 0.048 seconds
[2022-11-28 09:00:02,389] {processor.py:163} INFO - Started process (PID=828) to work on /home/airflow/.local/lib/python3.8/site-packages/airflow/example_dags/example_nested_branch_dag.py
[2022-11-28 09:00:02,393] {processor.py:642} INFO - Processing file /home/airflow/.local/lib/python3.8/site-packages/airflow/example_dags/example_nested_branch_dag.py for tasks to queue
[2022-11-28 09:00:02,393] {logging_mixin.py:109} INFO - [2022-11-28 09:00:02,393] {dagbag.py:500} INFO - Filling up the DagBag from /home/airflow/.local/lib/python3.8/site-packages/airflow/example_dags/example_nested_branch_dag.py
[2022-11-28 09:00:02,413] {processor.py:654} INFO - DAG(s) dict_keys(['example_nested_branch_dag']) retrieved from /home/airflow/.local/lib/python3.8/site-packages/airflow/example_dags/example_nested_branch_dag.py
[2022-11-28 09:00:02,419] {logging_mixin.py:109} INFO - [2022-11-28 09:00:02,419] {dag.py:2398} INFO - Sync 1 DAGs
[2022-11-28 09:00:02,430] {logging_mixin.py:109} INFO - [2022-11-28 09:00:02,430] {dag.py:2937} INFO - Setting next_dagrun for example_nested_branch_dag to 2022-11-27 00:00:00+00:00
[2022-11-28 09:00:02,436] {processor.py:171} INFO - Processing /home/airflow/.local/lib/python3.8/site-packages/airflow/example_dags/example_nested_branch_dag.py took 0.049 seconds
[2022-11-28 09:00:34,884] {processor.py:163} INFO - Started process (PID=916) to work on /home/airflow/.local/lib/python3.8/site-packages/airflow/example_dags/example_nested_branch_dag.py
[2022-11-28 09:00:34,885] {processor.py:642} INFO - Processing file /home/airflow/.local/lib/python3.8/site-packages/airflow/example_dags/example_nested_branch_dag.py for tasks to queue
[2022-11-28 09:00:34,885] {logging_mixin.py:109} INFO - [2022-11-28 09:00:34,885] {dagbag.py:500} INFO - Filling up the DagBag from /home/airflow/.local/lib/python3.8/site-packages/airflow/example_dags/example_nested_branch_dag.py
[2022-11-28 09:00:34,904] {processor.py:654} INFO - DAG(s) dict_keys(['example_nested_branch_dag']) retrieved from /home/airflow/.local/lib/python3.8/site-packages/airflow/example_dags/example_nested_branch_dag.py
[2022-11-28 09:00:34,910] {logging_mixin.py:109} INFO - [2022-11-28 09:00:34,910] {dag.py:2398} INFO - Sync 1 DAGs
[2022-11-28 09:00:34,921] {logging_mixin.py:109} INFO - [2022-11-28 09:00:34,921] {dag.py:2937} INFO - Setting next_dagrun for example_nested_branch_dag to 2022-11-27 00:00:00+00:00
[2022-11-28 09:00:34,939] {processor.py:171} INFO - Processing /home/airflow/.local/lib/python3.8/site-packages/airflow/example_dags/example_nested_branch_dag.py took 0.057 seconds
[2022-11-28 09:01:07,207] {processor.py:163} INFO - Started process (PID=996) to work on /home/airflow/.local/lib/python3.8/site-packages/airflow/example_dags/example_nested_branch_dag.py
[2022-11-28 09:01:07,209] {processor.py:642} INFO - Processing file /home/airflow/.local/lib/python3.8/site-packages/airflow/example_dags/example_nested_branch_dag.py for tasks to queue
[2022-11-28 09:01:07,210] {logging_mixin.py:109} INFO - [2022-11-28 09:01:07,210] {dagbag.py:500} INFO - Filling up the DagBag from /home/airflow/.local/lib/python3.8/site-packages/airflow/example_dags/example_nested_branch_dag.py
[2022-11-28 09:01:07,230] {processor.py:654} INFO - DAG(s) dict_keys(['example_nested_branch_dag']) retrieved from /home/airflow/.local/lib/python3.8/site-packages/airflow/example_dags/example_nested_branch_dag.py
[2022-11-28 09:01:07,237] {logging_mixin.py:109} INFO - [2022-11-28 09:01:07,237] {dag.py:2398} INFO - Sync 1 DAGs
[2022-11-28 09:01:07,249] {logging_mixin.py:109} INFO - [2022-11-28 09:01:07,249] {dag.py:2937} INFO - Setting next_dagrun for example_nested_branch_dag to 2022-11-27 00:00:00+00:00
[2022-11-28 09:01:07,254] {processor.py:171} INFO - Processing /home/airflow/.local/lib/python3.8/site-packages/airflow/example_dags/example_nested_branch_dag.py took 0.049 seconds
[2022-11-28 09:01:39,672] {processor.py:163} INFO - Started process (PID=1084) to work on /home/airflow/.local/lib/python3.8/site-packages/airflow/example_dags/example_nested_branch_dag.py
[2022-11-28 09:01:39,673] {processor.py:642} INFO - Processing file /home/airflow/.local/lib/python3.8/site-packages/airflow/example_dags/example_nested_branch_dag.py for tasks to queue
[2022-11-28 09:01:39,673] {logging_mixin.py:109} INFO - [2022-11-28 09:01:39,673] {dagbag.py:500} INFO - Filling up the DagBag from /home/airflow/.local/lib/python3.8/site-packages/airflow/example_dags/example_nested_branch_dag.py
[2022-11-28 09:01:39,692] {processor.py:654} INFO - DAG(s) dict_keys(['example_nested_branch_dag']) retrieved from /home/airflow/.local/lib/python3.8/site-packages/airflow/example_dags/example_nested_branch_dag.py
[2022-11-28 09:01:39,698] {logging_mixin.py:109} INFO - [2022-11-28 09:01:39,698] {dag.py:2398} INFO - Sync 1 DAGs
[2022-11-28 09:01:39,708] {logging_mixin.py:109} INFO - [2022-11-28 09:01:39,708] {dag.py:2937} INFO - Setting next_dagrun for example_nested_branch_dag to 2022-11-27 00:00:00+00:00
[2022-11-28 09:01:39,714] {processor.py:171} INFO - Processing /home/airflow/.local/lib/python3.8/site-packages/airflow/example_dags/example_nested_branch_dag.py took 0.043 seconds
