[2022-11-28 08:57:00,714] {processor.py:163} INFO - Started process (PID=185) to work on /home/airflow/.local/lib/python3.8/site-packages/airflow/example_dags/tutorial.py
[2022-11-28 08:57:00,715] {processor.py:642} INFO - Processing file /home/airflow/.local/lib/python3.8/site-packages/airflow/example_dags/tutorial.py for tasks to queue
[2022-11-28 08:57:00,715] {logging_mixin.py:109} INFO - [2022-11-28 08:57:00,715] {dagbag.py:500} INFO - Filling up the DagBag from /home/airflow/.local/lib/python3.8/site-packages/airflow/example_dags/tutorial.py
[2022-11-28 08:57:00,734] {processor.py:654} INFO - DAG(s) dict_keys(['tutorial']) retrieved from /home/airflow/.local/lib/python3.8/site-packages/airflow/example_dags/tutorial.py
[2022-11-28 08:57:02,111] {logging_mixin.py:109} INFO - [2022-11-28 08:57:02,111] {manager.py:496} INFO - Created Permission View: can read on DAG:tutorial
[2022-11-28 08:57:02,115] {logging_mixin.py:109} INFO - [2022-11-28 08:57:02,115] {manager.py:496} INFO - Created Permission View: can edit on DAG:tutorial
[2022-11-28 08:57:02,116] {logging_mixin.py:109} INFO - [2022-11-28 08:57:02,115] {dag.py:2398} INFO - Sync 1 DAGs
[2022-11-28 08:57:02,120] {logging_mixin.py:109} INFO - [2022-11-28 08:57:02,119] {dag.py:2417} INFO - Creating ORM DAG for tutorial
[2022-11-28 08:57:02,129] {logging_mixin.py:109} INFO - [2022-11-28 08:57:02,129] {dag.py:2937} INFO - Setting next_dagrun for tutorial to 2022-11-27T08:57:02.129116+00:00
[2022-11-28 08:57:02,137] {processor.py:171} INFO - Processing /home/airflow/.local/lib/python3.8/site-packages/airflow/example_dags/tutorial.py took 1.424 seconds
[2022-11-28 08:57:32,926] {processor.py:163} INFO - Started process (PID=417) to work on /home/airflow/.local/lib/python3.8/site-packages/airflow/example_dags/tutorial.py
[2022-11-28 08:57:32,926] {processor.py:642} INFO - Processing file /home/airflow/.local/lib/python3.8/site-packages/airflow/example_dags/tutorial.py for tasks to queue
[2022-11-28 08:57:32,927] {logging_mixin.py:109} INFO - [2022-11-28 08:57:32,927] {dagbag.py:500} INFO - Filling up the DagBag from /home/airflow/.local/lib/python3.8/site-packages/airflow/example_dags/tutorial.py
[2022-11-28 08:57:32,947] {processor.py:654} INFO - DAG(s) dict_keys(['tutorial']) retrieved from /home/airflow/.local/lib/python3.8/site-packages/airflow/example_dags/tutorial.py
[2022-11-28 08:57:32,956] {logging_mixin.py:109} INFO - [2022-11-28 08:57:32,956] {dag.py:2398} INFO - Sync 1 DAGs
[2022-11-28 08:57:32,969] {logging_mixin.py:109} INFO - [2022-11-28 08:57:32,969] {dag.py:2937} INFO - Setting next_dagrun for tutorial to 2022-11-27T08:57:32.969321+00:00
[2022-11-28 08:57:32,976] {processor.py:171} INFO - Processing /home/airflow/.local/lib/python3.8/site-packages/airflow/example_dags/tutorial.py took 0.052 seconds
[2022-11-28 08:58:03,135] {processor.py:163} INFO - Started process (PID=497) to work on /home/airflow/.local/lib/python3.8/site-packages/airflow/example_dags/tutorial.py
[2022-11-28 08:58:03,136] {processor.py:642} INFO - Processing file /home/airflow/.local/lib/python3.8/site-packages/airflow/example_dags/tutorial.py for tasks to queue
[2022-11-28 08:58:03,137] {logging_mixin.py:109} INFO - [2022-11-28 08:58:03,137] {dagbag.py:500} INFO - Filling up the DagBag from /home/airflow/.local/lib/python3.8/site-packages/airflow/example_dags/tutorial.py
[2022-11-28 08:58:03,176] {processor.py:654} INFO - DAG(s) dict_keys(['tutorial']) retrieved from /home/airflow/.local/lib/python3.8/site-packages/airflow/example_dags/tutorial.py
[2022-11-28 08:58:03,182] {logging_mixin.py:109} INFO - [2022-11-28 08:58:03,182] {dag.py:2398} INFO - Sync 1 DAGs
[2022-11-28 08:58:03,191] {logging_mixin.py:109} INFO - [2022-11-28 08:58:03,191] {dag.py:2937} INFO - Setting next_dagrun for tutorial to 2022-11-27T08:58:03.191392+00:00
[2022-11-28 08:58:03,197] {processor.py:171} INFO - Processing /home/airflow/.local/lib/python3.8/site-packages/airflow/example_dags/tutorial.py took 0.067 seconds
[2022-11-28 08:58:33,665] {processor.py:163} INFO - Started process (PID=585) to work on /home/airflow/.local/lib/python3.8/site-packages/airflow/example_dags/tutorial.py
[2022-11-28 08:58:33,667] {processor.py:642} INFO - Processing file /home/airflow/.local/lib/python3.8/site-packages/airflow/example_dags/tutorial.py for tasks to queue
[2022-11-28 08:58:33,667] {logging_mixin.py:109} INFO - [2022-11-28 08:58:33,667] {dagbag.py:500} INFO - Filling up the DagBag from /home/airflow/.local/lib/python3.8/site-packages/airflow/example_dags/tutorial.py
[2022-11-28 08:58:33,691] {processor.py:654} INFO - DAG(s) dict_keys(['tutorial']) retrieved from /home/airflow/.local/lib/python3.8/site-packages/airflow/example_dags/tutorial.py
[2022-11-28 08:58:33,702] {logging_mixin.py:109} INFO - [2022-11-28 08:58:33,701] {dag.py:2398} INFO - Sync 1 DAGs
[2022-11-28 08:58:33,717] {logging_mixin.py:109} INFO - [2022-11-28 08:58:33,717] {dag.py:2937} INFO - Setting next_dagrun for tutorial to 2022-11-27T08:58:33.716768+00:00
[2022-11-28 08:58:33,724] {processor.py:171} INFO - Processing /home/airflow/.local/lib/python3.8/site-packages/airflow/example_dags/tutorial.py took 0.060 seconds
[2022-11-28 08:59:03,970] {processor.py:163} INFO - Started process (PID=665) to work on /home/airflow/.local/lib/python3.8/site-packages/airflow/example_dags/tutorial.py
[2022-11-28 08:59:03,971] {processor.py:642} INFO - Processing file /home/airflow/.local/lib/python3.8/site-packages/airflow/example_dags/tutorial.py for tasks to queue
[2022-11-28 08:59:03,971] {logging_mixin.py:109} INFO - [2022-11-28 08:59:03,971] {dagbag.py:500} INFO - Filling up the DagBag from /home/airflow/.local/lib/python3.8/site-packages/airflow/example_dags/tutorial.py
[2022-11-28 08:59:03,993] {processor.py:654} INFO - DAG(s) dict_keys(['tutorial']) retrieved from /home/airflow/.local/lib/python3.8/site-packages/airflow/example_dags/tutorial.py
[2022-11-28 08:59:03,998] {logging_mixin.py:109} INFO - [2022-11-28 08:59:03,998] {dag.py:2398} INFO - Sync 1 DAGs
[2022-11-28 08:59:04,008] {logging_mixin.py:109} INFO - [2022-11-28 08:59:04,008] {dag.py:2937} INFO - Setting next_dagrun for tutorial to 2022-11-27T08:59:04.008200+00:00
[2022-11-28 08:59:04,013] {processor.py:171} INFO - Processing /home/airflow/.local/lib/python3.8/site-packages/airflow/example_dags/tutorial.py took 0.045 seconds
[2022-11-28 08:59:34,222] {processor.py:163} INFO - Started process (PID=754) to work on /home/airflow/.local/lib/python3.8/site-packages/airflow/example_dags/tutorial.py
[2022-11-28 08:59:34,226] {processor.py:642} INFO - Processing file /home/airflow/.local/lib/python3.8/site-packages/airflow/example_dags/tutorial.py for tasks to queue
[2022-11-28 08:59:34,226] {logging_mixin.py:109} INFO - [2022-11-28 08:59:34,226] {dagbag.py:500} INFO - Filling up the DagBag from /home/airflow/.local/lib/python3.8/site-packages/airflow/example_dags/tutorial.py
[2022-11-28 08:59:34,245] {processor.py:654} INFO - DAG(s) dict_keys(['tutorial']) retrieved from /home/airflow/.local/lib/python3.8/site-packages/airflow/example_dags/tutorial.py
[2022-11-28 08:59:34,251] {logging_mixin.py:109} INFO - [2022-11-28 08:59:34,251] {dag.py:2398} INFO - Sync 1 DAGs
[2022-11-28 08:59:34,261] {logging_mixin.py:109} INFO - [2022-11-28 08:59:34,261] {dag.py:2937} INFO - Setting next_dagrun for tutorial to 2022-11-27T08:59:34.261191+00:00
[2022-11-28 08:59:34,268] {processor.py:171} INFO - Processing /home/airflow/.local/lib/python3.8/site-packages/airflow/example_dags/tutorial.py took 0.048 seconds
[2022-11-28 09:00:04,647] {processor.py:163} INFO - Started process (PID=834) to work on /home/airflow/.local/lib/python3.8/site-packages/airflow/example_dags/tutorial.py
[2022-11-28 09:00:04,650] {processor.py:642} INFO - Processing file /home/airflow/.local/lib/python3.8/site-packages/airflow/example_dags/tutorial.py for tasks to queue
[2022-11-28 09:00:04,651] {logging_mixin.py:109} INFO - [2022-11-28 09:00:04,650] {dagbag.py:500} INFO - Filling up the DagBag from /home/airflow/.local/lib/python3.8/site-packages/airflow/example_dags/tutorial.py
[2022-11-28 09:00:04,683] {processor.py:654} INFO - DAG(s) dict_keys(['tutorial']) retrieved from /home/airflow/.local/lib/python3.8/site-packages/airflow/example_dags/tutorial.py
[2022-11-28 09:00:04,690] {logging_mixin.py:109} INFO - [2022-11-28 09:00:04,689] {dag.py:2398} INFO - Sync 1 DAGs
[2022-11-28 09:00:04,700] {logging_mixin.py:109} INFO - [2022-11-28 09:00:04,700] {dag.py:2937} INFO - Setting next_dagrun for tutorial to 2022-11-27T09:00:04.700108+00:00
[2022-11-28 09:00:04,706] {processor.py:171} INFO - Processing /home/airflow/.local/lib/python3.8/site-packages/airflow/example_dags/tutorial.py took 0.064 seconds
[2022-11-28 09:00:35,140] {processor.py:163} INFO - Started process (PID=922) to work on /home/airflow/.local/lib/python3.8/site-packages/airflow/example_dags/tutorial.py
[2022-11-28 09:00:35,140] {processor.py:642} INFO - Processing file /home/airflow/.local/lib/python3.8/site-packages/airflow/example_dags/tutorial.py for tasks to queue
[2022-11-28 09:00:35,141] {logging_mixin.py:109} INFO - [2022-11-28 09:00:35,141] {dagbag.py:500} INFO - Filling up the DagBag from /home/airflow/.local/lib/python3.8/site-packages/airflow/example_dags/tutorial.py
[2022-11-28 09:00:35,159] {processor.py:654} INFO - DAG(s) dict_keys(['tutorial']) retrieved from /home/airflow/.local/lib/python3.8/site-packages/airflow/example_dags/tutorial.py
[2022-11-28 09:00:35,165] {logging_mixin.py:109} INFO - [2022-11-28 09:00:35,165] {dag.py:2398} INFO - Sync 1 DAGs
[2022-11-28 09:00:35,175] {logging_mixin.py:109} INFO - [2022-11-28 09:00:35,174] {dag.py:2937} INFO - Setting next_dagrun for tutorial to 2022-11-27T09:00:35.174772+00:00
[2022-11-28 09:00:35,180] {processor.py:171} INFO - Processing /home/airflow/.local/lib/python3.8/site-packages/airflow/example_dags/tutorial.py took 0.042 seconds
[2022-11-28 09:01:07,381] {processor.py:163} INFO - Started process (PID=1002) to work on /home/airflow/.local/lib/python3.8/site-packages/airflow/example_dags/tutorial.py
[2022-11-28 09:01:07,382] {processor.py:642} INFO - Processing file /home/airflow/.local/lib/python3.8/site-packages/airflow/example_dags/tutorial.py for tasks to queue
[2022-11-28 09:01:07,382] {logging_mixin.py:109} INFO - [2022-11-28 09:01:07,382] {dagbag.py:500} INFO - Filling up the DagBag from /home/airflow/.local/lib/python3.8/site-packages/airflow/example_dags/tutorial.py
[2022-11-28 09:01:07,401] {processor.py:654} INFO - DAG(s) dict_keys(['tutorial']) retrieved from /home/airflow/.local/lib/python3.8/site-packages/airflow/example_dags/tutorial.py
[2022-11-28 09:01:07,407] {logging_mixin.py:109} INFO - [2022-11-28 09:01:07,407] {dag.py:2398} INFO - Sync 1 DAGs
[2022-11-28 09:01:07,418] {logging_mixin.py:109} INFO - [2022-11-28 09:01:07,418] {dag.py:2937} INFO - Setting next_dagrun for tutorial to 2022-11-27T09:01:07.418447+00:00
[2022-11-28 09:01:07,425] {processor.py:171} INFO - Processing /home/airflow/.local/lib/python3.8/site-packages/airflow/example_dags/tutorial.py took 0.046 seconds
[2022-11-28 09:01:39,922] {processor.py:163} INFO - Started process (PID=1090) to work on /home/airflow/.local/lib/python3.8/site-packages/airflow/example_dags/tutorial.py
[2022-11-28 09:01:39,923] {processor.py:642} INFO - Processing file /home/airflow/.local/lib/python3.8/site-packages/airflow/example_dags/tutorial.py for tasks to queue
[2022-11-28 09:01:39,923] {logging_mixin.py:109} INFO - [2022-11-28 09:01:39,923] {dagbag.py:500} INFO - Filling up the DagBag from /home/airflow/.local/lib/python3.8/site-packages/airflow/example_dags/tutorial.py
[2022-11-28 09:01:39,941] {processor.py:654} INFO - DAG(s) dict_keys(['tutorial']) retrieved from /home/airflow/.local/lib/python3.8/site-packages/airflow/example_dags/tutorial.py
[2022-11-28 09:01:39,947] {logging_mixin.py:109} INFO - [2022-11-28 09:01:39,946] {dag.py:2398} INFO - Sync 1 DAGs
[2022-11-28 09:01:39,957] {logging_mixin.py:109} INFO - [2022-11-28 09:01:39,956] {dag.py:2937} INFO - Setting next_dagrun for tutorial to 2022-11-27T09:01:39.956734+00:00
[2022-11-28 09:01:39,962] {processor.py:171} INFO - Processing /home/airflow/.local/lib/python3.8/site-packages/airflow/example_dags/tutorial.py took 0.041 seconds
