[2022-11-28 08:57:11,758] {processor.py:163} INFO - Started process (PID=319) to work on /home/airflow/.local/lib/python3.8/site-packages/airflow/example_dags/tutorial_taskflow_api_etl_virtualenv.py
[2022-11-28 08:57:11,758] {processor.py:642} INFO - Processing file /home/airflow/.local/lib/python3.8/site-packages/airflow/example_dags/tutorial_taskflow_api_etl_virtualenv.py for tasks to queue
[2022-11-28 08:57:11,758] {logging_mixin.py:109} INFO - [2022-11-28 08:57:11,758] {dagbag.py:500} INFO - Filling up the DagBag from /home/airflow/.local/lib/python3.8/site-packages/airflow/example_dags/tutorial_taskflow_api_etl_virtualenv.py
[2022-11-28 08:57:11,783] {processor.py:654} INFO - DAG(s) dict_keys(['tutorial_taskflow_api_etl_virtualenv']) retrieved from /home/airflow/.local/lib/python3.8/site-packages/airflow/example_dags/tutorial_taskflow_api_etl_virtualenv.py
[2022-11-28 08:57:13,257] {logging_mixin.py:109} INFO - [2022-11-28 08:57:13,257] {manager.py:496} INFO - Created Permission View: can read on DAG:tutorial_taskflow_api_etl_virtualenv
[2022-11-28 08:57:13,262] {logging_mixin.py:109} INFO - [2022-11-28 08:57:13,262] {manager.py:496} INFO - Created Permission View: can edit on DAG:tutorial_taskflow_api_etl_virtualenv
[2022-11-28 08:57:13,262] {logging_mixin.py:109} INFO - [2022-11-28 08:57:13,262] {dag.py:2398} INFO - Sync 1 DAGs
[2022-11-28 08:57:13,266] {logging_mixin.py:109} INFO - [2022-11-28 08:57:13,266] {dag.py:2417} INFO - Creating ORM DAG for tutorial_taskflow_api_etl_virtualenv
[2022-11-28 08:57:13,270] {logging_mixin.py:109} INFO - [2022-11-28 08:57:13,270] {dag.py:2937} INFO - Setting next_dagrun for tutorial_taskflow_api_etl_virtualenv to None
[2022-11-28 08:57:13,277] {processor.py:171} INFO - Processing /home/airflow/.local/lib/python3.8/site-packages/airflow/example_dags/tutorial_taskflow_api_etl_virtualenv.py took 1.521 seconds
[2022-11-28 08:57:43,723] {processor.py:163} INFO - Started process (PID=431) to work on /home/airflow/.local/lib/python3.8/site-packages/airflow/example_dags/tutorial_taskflow_api_etl_virtualenv.py
[2022-11-28 08:57:43,725] {processor.py:642} INFO - Processing file /home/airflow/.local/lib/python3.8/site-packages/airflow/example_dags/tutorial_taskflow_api_etl_virtualenv.py for tasks to queue
[2022-11-28 08:57:43,726] {logging_mixin.py:109} INFO - [2022-11-28 08:57:43,726] {dagbag.py:500} INFO - Filling up the DagBag from /home/airflow/.local/lib/python3.8/site-packages/airflow/example_dags/tutorial_taskflow_api_etl_virtualenv.py
[2022-11-28 08:57:43,756] {processor.py:654} INFO - DAG(s) dict_keys(['tutorial_taskflow_api_etl_virtualenv']) retrieved from /home/airflow/.local/lib/python3.8/site-packages/airflow/example_dags/tutorial_taskflow_api_etl_virtualenv.py
[2022-11-28 08:57:43,968] {logging_mixin.py:109} INFO - [2022-11-28 08:57:43,968] {dag.py:2398} INFO - Sync 1 DAGs
[2022-11-28 08:57:43,976] {logging_mixin.py:109} INFO - [2022-11-28 08:57:43,975] {dag.py:2937} INFO - Setting next_dagrun for tutorial_taskflow_api_etl_virtualenv to None
[2022-11-28 08:57:43,981] {processor.py:171} INFO - Processing /home/airflow/.local/lib/python3.8/site-packages/airflow/example_dags/tutorial_taskflow_api_etl_virtualenv.py took 0.262 seconds
[2022-11-28 08:58:14,817] {processor.py:163} INFO - Started process (PID=519) to work on /home/airflow/.local/lib/python3.8/site-packages/airflow/example_dags/tutorial_taskflow_api_etl_virtualenv.py
[2022-11-28 08:58:14,819] {processor.py:642} INFO - Processing file /home/airflow/.local/lib/python3.8/site-packages/airflow/example_dags/tutorial_taskflow_api_etl_virtualenv.py for tasks to queue
[2022-11-28 08:58:14,820] {logging_mixin.py:109} INFO - [2022-11-28 08:58:14,820] {dagbag.py:500} INFO - Filling up the DagBag from /home/airflow/.local/lib/python3.8/site-packages/airflow/example_dags/tutorial_taskflow_api_etl_virtualenv.py
[2022-11-28 08:58:14,849] {processor.py:654} INFO - DAG(s) dict_keys(['tutorial_taskflow_api_etl_virtualenv']) retrieved from /home/airflow/.local/lib/python3.8/site-packages/airflow/example_dags/tutorial_taskflow_api_etl_virtualenv.py
[2022-11-28 08:58:15,055] {logging_mixin.py:109} INFO - [2022-11-28 08:58:15,055] {dag.py:2398} INFO - Sync 1 DAGs
[2022-11-28 08:58:15,063] {logging_mixin.py:109} INFO - [2022-11-28 08:58:15,063] {dag.py:2937} INFO - Setting next_dagrun for tutorial_taskflow_api_etl_virtualenv to None
[2022-11-28 08:58:15,071] {processor.py:171} INFO - Processing /home/airflow/.local/lib/python3.8/site-packages/airflow/example_dags/tutorial_taskflow_api_etl_virtualenv.py took 0.258 seconds
[2022-11-28 08:58:45,226] {processor.py:163} INFO - Started process (PID=607) to work on /home/airflow/.local/lib/python3.8/site-packages/airflow/example_dags/tutorial_taskflow_api_etl_virtualenv.py
[2022-11-28 08:58:45,227] {processor.py:642} INFO - Processing file /home/airflow/.local/lib/python3.8/site-packages/airflow/example_dags/tutorial_taskflow_api_etl_virtualenv.py for tasks to queue
[2022-11-28 08:58:45,227] {logging_mixin.py:109} INFO - [2022-11-28 08:58:45,227] {dagbag.py:500} INFO - Filling up the DagBag from /home/airflow/.local/lib/python3.8/site-packages/airflow/example_dags/tutorial_taskflow_api_etl_virtualenv.py
[2022-11-28 08:58:45,251] {processor.py:654} INFO - DAG(s) dict_keys(['tutorial_taskflow_api_etl_virtualenv']) retrieved from /home/airflow/.local/lib/python3.8/site-packages/airflow/example_dags/tutorial_taskflow_api_etl_virtualenv.py
[2022-11-28 08:58:45,467] {logging_mixin.py:109} INFO - [2022-11-28 08:58:45,467] {dag.py:2398} INFO - Sync 1 DAGs
[2022-11-28 08:58:45,477] {logging_mixin.py:109} INFO - [2022-11-28 08:58:45,477] {dag.py:2937} INFO - Setting next_dagrun for tutorial_taskflow_api_etl_virtualenv to None
[2022-11-28 08:58:45,485] {processor.py:171} INFO - Processing /home/airflow/.local/lib/python3.8/site-packages/airflow/example_dags/tutorial_taskflow_api_etl_virtualenv.py took 0.262 seconds
[2022-11-28 08:59:15,649] {processor.py:163} INFO - Started process (PID=688) to work on /home/airflow/.local/lib/python3.8/site-packages/airflow/example_dags/tutorial_taskflow_api_etl_virtualenv.py
[2022-11-28 08:59:15,649] {processor.py:642} INFO - Processing file /home/airflow/.local/lib/python3.8/site-packages/airflow/example_dags/tutorial_taskflow_api_etl_virtualenv.py for tasks to queue
[2022-11-28 08:59:15,650] {logging_mixin.py:109} INFO - [2022-11-28 08:59:15,649] {dagbag.py:500} INFO - Filling up the DagBag from /home/airflow/.local/lib/python3.8/site-packages/airflow/example_dags/tutorial_taskflow_api_etl_virtualenv.py
[2022-11-28 08:59:15,671] {processor.py:654} INFO - DAG(s) dict_keys(['tutorial_taskflow_api_etl_virtualenv']) retrieved from /home/airflow/.local/lib/python3.8/site-packages/airflow/example_dags/tutorial_taskflow_api_etl_virtualenv.py
[2022-11-28 08:59:15,880] {logging_mixin.py:109} INFO - [2022-11-28 08:59:15,880] {dag.py:2398} INFO - Sync 1 DAGs
[2022-11-28 08:59:15,888] {logging_mixin.py:109} INFO - [2022-11-28 08:59:15,888] {dag.py:2937} INFO - Setting next_dagrun for tutorial_taskflow_api_etl_virtualenv to None
[2022-11-28 08:59:15,894] {processor.py:171} INFO - Processing /home/airflow/.local/lib/python3.8/site-packages/airflow/example_dags/tutorial_taskflow_api_etl_virtualenv.py took 0.247 seconds
