[2022-11-28 08:56:57,819] {processor.py:163} INFO - Started process (PID=150) to work on /home/airflow/.local/lib/python3.8/site-packages/airflow/example_dags/tutorial_etl_dag.py
[2022-11-28 08:56:57,820] {processor.py:642} INFO - Processing file /home/airflow/.local/lib/python3.8/site-packages/airflow/example_dags/tutorial_etl_dag.py for tasks to queue
[2022-11-28 08:56:57,820] {logging_mixin.py:109} INFO - [2022-11-28 08:56:57,820] {dagbag.py:500} INFO - Filling up the DagBag from /home/airflow/.local/lib/python3.8/site-packages/airflow/example_dags/tutorial_etl_dag.py
[2022-11-28 08:56:57,841] {processor.py:654} INFO - DAG(s) dict_keys(['tutorial_etl_dag']) retrieved from /home/airflow/.local/lib/python3.8/site-packages/airflow/example_dags/tutorial_etl_dag.py
[2022-11-28 08:56:59,343] {logging_mixin.py:109} INFO - [2022-11-28 08:56:59,343] {manager.py:496} INFO - Created Permission View: can read on DAG:tutorial_etl_dag
[2022-11-28 08:56:59,348] {logging_mixin.py:109} INFO - [2022-11-28 08:56:59,348] {manager.py:496} INFO - Created Permission View: can edit on DAG:tutorial_etl_dag
[2022-11-28 08:56:59,348] {logging_mixin.py:109} INFO - [2022-11-28 08:56:59,348] {dag.py:2398} INFO - Sync 1 DAGs
[2022-11-28 08:56:59,352] {logging_mixin.py:109} INFO - [2022-11-28 08:56:59,352] {dag.py:2417} INFO - Creating ORM DAG for tutorial_etl_dag
[2022-11-28 08:56:59,357] {logging_mixin.py:109} INFO - [2022-11-28 08:56:59,357] {dag.py:2937} INFO - Setting next_dagrun for tutorial_etl_dag to None
[2022-11-28 08:56:59,365] {processor.py:171} INFO - Processing /home/airflow/.local/lib/python3.8/site-packages/airflow/example_dags/tutorial_etl_dag.py took 1.547 seconds
[2022-11-28 08:57:29,757] {processor.py:163} INFO - Started process (PID=406) to work on /home/airflow/.local/lib/python3.8/site-packages/airflow/example_dags/tutorial_etl_dag.py
[2022-11-28 08:57:29,760] {processor.py:642} INFO - Processing file /home/airflow/.local/lib/python3.8/site-packages/airflow/example_dags/tutorial_etl_dag.py for tasks to queue
[2022-11-28 08:57:29,761] {logging_mixin.py:109} INFO - [2022-11-28 08:57:29,761] {dagbag.py:500} INFO - Filling up the DagBag from /home/airflow/.local/lib/python3.8/site-packages/airflow/example_dags/tutorial_etl_dag.py
[2022-11-28 08:57:29,792] {processor.py:654} INFO - DAG(s) dict_keys(['tutorial_etl_dag']) retrieved from /home/airflow/.local/lib/python3.8/site-packages/airflow/example_dags/tutorial_etl_dag.py
[2022-11-28 08:57:29,801] {logging_mixin.py:109} INFO - [2022-11-28 08:57:29,801] {dag.py:2398} INFO - Sync 1 DAGs
[2022-11-28 08:57:29,815] {logging_mixin.py:109} INFO - [2022-11-28 08:57:29,814] {dag.py:2937} INFO - Setting next_dagrun for tutorial_etl_dag to None
[2022-11-28 08:57:29,821] {processor.py:171} INFO - Processing /home/airflow/.local/lib/python3.8/site-packages/airflow/example_dags/tutorial_etl_dag.py took 0.072 seconds
[2022-11-28 08:58:00,015] {processor.py:163} INFO - Started process (PID=493) to work on /home/airflow/.local/lib/python3.8/site-packages/airflow/example_dags/tutorial_etl_dag.py
[2022-11-28 08:58:00,016] {processor.py:642} INFO - Processing file /home/airflow/.local/lib/python3.8/site-packages/airflow/example_dags/tutorial_etl_dag.py for tasks to queue
[2022-11-28 08:58:00,016] {logging_mixin.py:109} INFO - [2022-11-28 08:58:00,016] {dagbag.py:500} INFO - Filling up the DagBag from /home/airflow/.local/lib/python3.8/site-packages/airflow/example_dags/tutorial_etl_dag.py
[2022-11-28 08:58:00,034] {processor.py:654} INFO - DAG(s) dict_keys(['tutorial_etl_dag']) retrieved from /home/airflow/.local/lib/python3.8/site-packages/airflow/example_dags/tutorial_etl_dag.py
[2022-11-28 08:58:00,040] {logging_mixin.py:109} INFO - [2022-11-28 08:58:00,039] {dag.py:2398} INFO - Sync 1 DAGs
[2022-11-28 08:58:00,049] {logging_mixin.py:109} INFO - [2022-11-28 08:58:00,049] {dag.py:2937} INFO - Setting next_dagrun for tutorial_etl_dag to None
[2022-11-28 08:58:00,054] {processor.py:171} INFO - Processing /home/airflow/.local/lib/python3.8/site-packages/airflow/example_dags/tutorial_etl_dag.py took 0.041 seconds
[2022-11-28 08:58:30,508] {processor.py:163} INFO - Started process (PID=574) to work on /home/airflow/.local/lib/python3.8/site-packages/airflow/example_dags/tutorial_etl_dag.py
[2022-11-28 08:58:30,510] {processor.py:642} INFO - Processing file /home/airflow/.local/lib/python3.8/site-packages/airflow/example_dags/tutorial_etl_dag.py for tasks to queue
[2022-11-28 08:58:30,512] {logging_mixin.py:109} INFO - [2022-11-28 08:58:30,512] {dagbag.py:500} INFO - Filling up the DagBag from /home/airflow/.local/lib/python3.8/site-packages/airflow/example_dags/tutorial_etl_dag.py
[2022-11-28 08:58:30,559] {processor.py:654} INFO - DAG(s) dict_keys(['tutorial_etl_dag']) retrieved from /home/airflow/.local/lib/python3.8/site-packages/airflow/example_dags/tutorial_etl_dag.py
[2022-11-28 08:58:30,566] {logging_mixin.py:109} INFO - [2022-11-28 08:58:30,566] {dag.py:2398} INFO - Sync 1 DAGs
[2022-11-28 08:58:30,577] {logging_mixin.py:109} INFO - [2022-11-28 08:58:30,577] {dag.py:2937} INFO - Setting next_dagrun for tutorial_etl_dag to None
[2022-11-28 08:58:30,585] {processor.py:171} INFO - Processing /home/airflow/.local/lib/python3.8/site-packages/airflow/example_dags/tutorial_etl_dag.py took 0.084 seconds
[2022-11-28 08:59:00,857] {processor.py:163} INFO - Started process (PID=662) to work on /home/airflow/.local/lib/python3.8/site-packages/airflow/example_dags/tutorial_etl_dag.py
[2022-11-28 08:59:00,857] {processor.py:642} INFO - Processing file /home/airflow/.local/lib/python3.8/site-packages/airflow/example_dags/tutorial_etl_dag.py for tasks to queue
[2022-11-28 08:59:00,858] {logging_mixin.py:109} INFO - [2022-11-28 08:59:00,857] {dagbag.py:500} INFO - Filling up the DagBag from /home/airflow/.local/lib/python3.8/site-packages/airflow/example_dags/tutorial_etl_dag.py
[2022-11-28 08:59:00,875] {processor.py:654} INFO - DAG(s) dict_keys(['tutorial_etl_dag']) retrieved from /home/airflow/.local/lib/python3.8/site-packages/airflow/example_dags/tutorial_etl_dag.py
[2022-11-28 08:59:00,881] {logging_mixin.py:109} INFO - [2022-11-28 08:59:00,880] {dag.py:2398} INFO - Sync 1 DAGs
[2022-11-28 08:59:00,893] {logging_mixin.py:109} INFO - [2022-11-28 08:59:00,893] {dag.py:2937} INFO - Setting next_dagrun for tutorial_etl_dag to None
[2022-11-28 08:59:00,899] {processor.py:171} INFO - Processing /home/airflow/.local/lib/python3.8/site-packages/airflow/example_dags/tutorial_etl_dag.py took 0.044 seconds
