[2022-11-28 08:57:11,828] {processor.py:163} INFO - Started process (PID=320) to work on /home/airflow/.local/lib/python3.8/site-packages/airflow/example_dags/tutorial_taskflow_api_etl.py
[2022-11-28 08:57:11,828] {processor.py:642} INFO - Processing file /home/airflow/.local/lib/python3.8/site-packages/airflow/example_dags/tutorial_taskflow_api_etl.py for tasks to queue
[2022-11-28 08:57:11,829] {logging_mixin.py:109} INFO - [2022-11-28 08:57:11,829] {dagbag.py:500} INFO - Filling up the DagBag from /home/airflow/.local/lib/python3.8/site-packages/airflow/example_dags/tutorial_taskflow_api_etl.py
[2022-11-28 08:57:11,852] {processor.py:654} INFO - DAG(s) dict_keys(['tutorial_taskflow_api_etl']) retrieved from /home/airflow/.local/lib/python3.8/site-packages/airflow/example_dags/tutorial_taskflow_api_etl.py
[2022-11-28 08:57:13,320] {logging_mixin.py:109} INFO - [2022-11-28 08:57:13,320] {manager.py:496} INFO - Created Permission View: can read on DAG:tutorial_taskflow_api_etl
[2022-11-28 08:57:13,325] {logging_mixin.py:109} INFO - [2022-11-28 08:57:13,325] {manager.py:496} INFO - Created Permission View: can edit on DAG:tutorial_taskflow_api_etl
[2022-11-28 08:57:13,325] {logging_mixin.py:109} INFO - [2022-11-28 08:57:13,325] {dag.py:2398} INFO - Sync 1 DAGs
[2022-11-28 08:57:13,330] {logging_mixin.py:109} INFO - [2022-11-28 08:57:13,329] {dag.py:2417} INFO - Creating ORM DAG for tutorial_taskflow_api_etl
[2022-11-28 08:57:13,334] {logging_mixin.py:109} INFO - [2022-11-28 08:57:13,334] {dag.py:2937} INFO - Setting next_dagrun for tutorial_taskflow_api_etl to None
[2022-11-28 08:57:13,340] {processor.py:171} INFO - Processing /home/airflow/.local/lib/python3.8/site-packages/airflow/example_dags/tutorial_taskflow_api_etl.py took 1.514 seconds
[2022-11-28 08:57:43,727] {processor.py:163} INFO - Started process (PID=432) to work on /home/airflow/.local/lib/python3.8/site-packages/airflow/example_dags/tutorial_taskflow_api_etl.py
[2022-11-28 08:57:43,728] {processor.py:642} INFO - Processing file /home/airflow/.local/lib/python3.8/site-packages/airflow/example_dags/tutorial_taskflow_api_etl.py for tasks to queue
[2022-11-28 08:57:43,729] {logging_mixin.py:109} INFO - [2022-11-28 08:57:43,729] {dagbag.py:500} INFO - Filling up the DagBag from /home/airflow/.local/lib/python3.8/site-packages/airflow/example_dags/tutorial_taskflow_api_etl.py
[2022-11-28 08:57:43,760] {processor.py:654} INFO - DAG(s) dict_keys(['tutorial_taskflow_api_etl']) retrieved from /home/airflow/.local/lib/python3.8/site-packages/airflow/example_dags/tutorial_taskflow_api_etl.py
[2022-11-28 08:57:43,974] {logging_mixin.py:109} INFO - [2022-11-28 08:57:43,974] {dag.py:2398} INFO - Sync 1 DAGs
[2022-11-28 08:57:43,982] {logging_mixin.py:109} INFO - [2022-11-28 08:57:43,982] {dag.py:2937} INFO - Setting next_dagrun for tutorial_taskflow_api_etl to None
[2022-11-28 08:57:43,988] {processor.py:171} INFO - Processing /home/airflow/.local/lib/python3.8/site-packages/airflow/example_dags/tutorial_taskflow_api_etl.py took 0.264 seconds
[2022-11-28 08:58:14,821] {processor.py:163} INFO - Started process (PID=520) to work on /home/airflow/.local/lib/python3.8/site-packages/airflow/example_dags/tutorial_taskflow_api_etl.py
[2022-11-28 08:58:14,822] {processor.py:642} INFO - Processing file /home/airflow/.local/lib/python3.8/site-packages/airflow/example_dags/tutorial_taskflow_api_etl.py for tasks to queue
[2022-11-28 08:58:14,823] {logging_mixin.py:109} INFO - [2022-11-28 08:58:14,823] {dagbag.py:500} INFO - Filling up the DagBag from /home/airflow/.local/lib/python3.8/site-packages/airflow/example_dags/tutorial_taskflow_api_etl.py
[2022-11-28 08:58:14,850] {processor.py:654} INFO - DAG(s) dict_keys(['tutorial_taskflow_api_etl']) retrieved from /home/airflow/.local/lib/python3.8/site-packages/airflow/example_dags/tutorial_taskflow_api_etl.py
[2022-11-28 08:58:15,055] {logging_mixin.py:109} INFO - [2022-11-28 08:58:15,055] {dag.py:2398} INFO - Sync 1 DAGs
[2022-11-28 08:58:15,063] {logging_mixin.py:109} INFO - [2022-11-28 08:58:15,062] {dag.py:2937} INFO - Setting next_dagrun for tutorial_taskflow_api_etl to None
[2022-11-28 08:58:15,070] {processor.py:171} INFO - Processing /home/airflow/.local/lib/python3.8/site-packages/airflow/example_dags/tutorial_taskflow_api_etl.py took 0.252 seconds
[2022-11-28 08:58:45,230] {processor.py:163} INFO - Started process (PID=608) to work on /home/airflow/.local/lib/python3.8/site-packages/airflow/example_dags/tutorial_taskflow_api_etl.py
[2022-11-28 08:58:45,231] {processor.py:642} INFO - Processing file /home/airflow/.local/lib/python3.8/site-packages/airflow/example_dags/tutorial_taskflow_api_etl.py for tasks to queue
[2022-11-28 08:58:45,231] {logging_mixin.py:109} INFO - [2022-11-28 08:58:45,231] {dagbag.py:500} INFO - Filling up the DagBag from /home/airflow/.local/lib/python3.8/site-packages/airflow/example_dags/tutorial_taskflow_api_etl.py
[2022-11-28 08:58:45,254] {processor.py:654} INFO - DAG(s) dict_keys(['tutorial_taskflow_api_etl']) retrieved from /home/airflow/.local/lib/python3.8/site-packages/airflow/example_dags/tutorial_taskflow_api_etl.py
[2022-11-28 08:58:45,468] {logging_mixin.py:109} INFO - [2022-11-28 08:58:45,468] {dag.py:2398} INFO - Sync 1 DAGs
[2022-11-28 08:58:45,477] {logging_mixin.py:109} INFO - [2022-11-28 08:58:45,477] {dag.py:2937} INFO - Setting next_dagrun for tutorial_taskflow_api_etl to None
[2022-11-28 08:58:45,484] {processor.py:171} INFO - Processing /home/airflow/.local/lib/python3.8/site-packages/airflow/example_dags/tutorial_taskflow_api_etl.py took 0.256 seconds
[2022-11-28 08:59:15,651] {processor.py:163} INFO - Started process (PID=689) to work on /home/airflow/.local/lib/python3.8/site-packages/airflow/example_dags/tutorial_taskflow_api_etl.py
[2022-11-28 08:59:15,652] {processor.py:642} INFO - Processing file /home/airflow/.local/lib/python3.8/site-packages/airflow/example_dags/tutorial_taskflow_api_etl.py for tasks to queue
[2022-11-28 08:59:15,652] {logging_mixin.py:109} INFO - [2022-11-28 08:59:15,652] {dagbag.py:500} INFO - Filling up the DagBag from /home/airflow/.local/lib/python3.8/site-packages/airflow/example_dags/tutorial_taskflow_api_etl.py
[2022-11-28 08:59:15,673] {processor.py:654} INFO - DAG(s) dict_keys(['tutorial_taskflow_api_etl']) retrieved from /home/airflow/.local/lib/python3.8/site-packages/airflow/example_dags/tutorial_taskflow_api_etl.py
[2022-11-28 08:59:15,883] {logging_mixin.py:109} INFO - [2022-11-28 08:59:15,883] {dag.py:2398} INFO - Sync 1 DAGs
[2022-11-28 08:59:15,891] {logging_mixin.py:109} INFO - [2022-11-28 08:59:15,891] {dag.py:2937} INFO - Setting next_dagrun for tutorial_taskflow_api_etl to None
[2022-11-28 08:59:15,898] {processor.py:171} INFO - Processing /home/airflow/.local/lib/python3.8/site-packages/airflow/example_dags/tutorial_taskflow_api_etl.py took 0.249 seconds
