[2022-11-28 08:56:41,204] {manager.py:514} INFO - Processing files using up to 2 processes at a time 
[2022-11-28 08:56:41,205] {manager.py:515} INFO - Process each file at most once every 30 seconds
[2022-11-28 08:56:41,205] {manager.py:516} INFO - Checking for new files in /opt/airflow/dags every 300 seconds
[2022-11-28 08:56:41,205] {manager.py:663} INFO - Searching for files in /opt/airflow/dags
[2022-11-28 08:56:41,214] {manager.py:666} INFO - There are 34 files in /opt/airflow/dags
[2022-11-28 08:56:41,258] {manager.py:1065} INFO - Finding 'running' jobs without a recent heartbeat
[2022-11-28 08:56:41,258] {manager.py:1069} INFO - Failing jobs without heartbeat after 2022-11-28 08:51:41.258794+00:00
[2022-11-28 08:56:41,286] {manager.py:784} INFO - 
================================================================================
DAG File Processing Stats

File Path                                                                                                           PID  Runtime      # DAGs    # Errors  Last Runtime    Last Run
----------------------------------------------------------------------------------------------------------------  -----  ---------  --------  ----------  --------------  ----------
/opt/airflow/dags/dag_etl_aircraft_data.py                                                                           33  0.03s             0           0
/opt/airflow/dags/dag_etl_flight_data.py                                                                             34  0.03s             0           0
/home/airflow/.local/lib/python3.8/site-packages/airflow/example_dags/example_xcomargs.py                                                  0           0
/home/airflow/.local/lib/python3.8/site-packages/airflow/example_dags/example_time_delta_sensor_async.py                                   0           0
/home/airflow/.local/lib/python3.8/site-packages/airflow/example_dags/example_complex.py                                                   0           0
/home/airflow/.local/lib/python3.8/site-packages/airflow/example_dags/example_trigger_target_dag.py                                        0           0
/home/airflow/.local/lib/python3.8/site-packages/airflow/example_dags/example_trigger_controller_dag.py                                    0           0
/home/airflow/.local/lib/python3.8/site-packages/airflow/example_dags/example_short_circuit_operator.py                                    0           0
/home/airflow/.local/lib/python3.8/site-packages/airflow/example_dags/example_nested_branch_dag.py                                         0           0
/home/airflow/.local/lib/python3.8/site-packages/airflow/example_dags/example_sla_dag.py                                                   0           0
/home/airflow/.local/lib/python3.8/site-packages/airflow/example_dags/example_task_group_decorator.py                                      0           0
/home/airflow/.local/lib/python3.8/site-packages/airflow/example_dags/tutorial_etl_dag.py                                                  0           0
/home/airflow/.local/lib/python3.8/site-packages/airflow/example_dags/example_branch_datetime_operator.py                                  0           0
/home/airflow/.local/lib/python3.8/site-packages/airflow/example_dags/example_external_task_marker_dag.py                                  0           0
/home/airflow/.local/lib/python3.8/site-packages/airflow/example_dags/tutorial.py                                                          0           0
/home/airflow/.local/lib/python3.8/site-packages/airflow/example_dags/example_kubernetes_executor.py                                       0           0
/home/airflow/.local/lib/python3.8/site-packages/airflow/example_dags/example_skip_dag.py                                                  0           0
/home/airflow/.local/lib/python3.8/site-packages/airflow/example_dags/example_branch_labels.py                                             0           0
/home/airflow/.local/lib/python3.8/site-packages/airflow/example_dags/example_subdag_operator.py                                           0           0
/home/airflow/.local/lib/python3.8/site-packages/airflow/example_dags/example_latest_only_with_trigger.py                                  0           0
/home/airflow/.local/lib/python3.8/site-packages/airflow/example_dags/example_branch_python_dop_operator_3.py                              0           0
/home/airflow/.local/lib/python3.8/site-packages/airflow/example_dags/example_python_operator.py                                           0           0
/home/airflow/.local/lib/python3.8/site-packages/airflow/example_dags/example_xcom.py                                                      0           0
/home/airflow/.local/lib/python3.8/site-packages/airflow/example_dags/example_branch_operator.py                                           0           0
/home/airflow/.local/lib/python3.8/site-packages/airflow/example_dags/example_passing_params_via_test_command.py                           0           0
/home/airflow/.local/lib/python3.8/site-packages/airflow/example_dags/example_latest_only.py                                               0           0
/home/airflow/.local/lib/python3.8/site-packages/airflow/example_dags/example_dag_decorator.py                                             0           0
/home/airflow/.local/lib/python3.8/site-packages/airflow/example_dags/example_bash_operator.py                                             0           0
/home/airflow/.local/lib/python3.8/site-packages/airflow/example_dags/tutorial_taskflow_api_etl_virtualenv.py                              0           0
/home/airflow/.local/lib/python3.8/site-packages/airflow/example_dags/tutorial_taskflow_api_etl.py                                         0           0
/home/airflow/.local/lib/python3.8/site-packages/airflow/example_dags/example_task_group.py                                                0           0
/home/airflow/.local/lib/python3.8/site-packages/airflow/example_dags/example_branch_day_of_week_operator.py                               0           0
/home/airflow/.local/lib/python3.8/site-packages/airflow/example_dags/subdags/subdag.py                                                    0           0
/home/airflow/.local/lib/python3.8/site-packages/airflow/example_dags/plugins/workday.py                                                   0           0
================================================================================
[2022-11-28 08:56:51,441] {manager.py:1065} INFO - Finding 'running' jobs without a recent heartbeat
[2022-11-28 08:56:51,446] {manager.py:1069} INFO - Failing jobs without heartbeat after 2022-11-28 08:51:51.446930+00:00
[2022-11-28 08:57:01,711] {manager.py:1065} INFO - Finding 'running' jobs without a recent heartbeat
[2022-11-28 08:57:01,711] {manager.py:1069} INFO - Failing jobs without heartbeat after 2022-11-28 08:52:01.711930+00:00
[2022-11-28 08:57:11,743] {manager.py:1065} INFO - Finding 'running' jobs without a recent heartbeat
[2022-11-28 08:57:11,743] {manager.py:1069} INFO - Failing jobs without heartbeat after 2022-11-28 08:52:11.743478+00:00
[2022-11-28 08:57:11,762] {manager.py:784} INFO - 
================================================================================
DAG File Processing Stats

File Path                                                                                                           PID  Runtime      # DAGs    # Errors  Last Runtime    Last Run
----------------------------------------------------------------------------------------------------------------  -----  ---------  --------  ----------  --------------  -------------------
/home/airflow/.local/lib/python3.8/site-packages/airflow/example_dags/example_bash_operator.py                      302  1.58s             0           0
/home/airflow/.local/lib/python3.8/site-packages/airflow/example_dags/tutorial_taskflow_api_etl_virtualenv.py       319  0.00s             0           0
/home/airflow/.local/lib/python3.8/site-packages/airflow/example_dags/tutorial_taskflow_api_etl.py                                         0           0
/home/airflow/.local/lib/python3.8/site-packages/airflow/example_dags/example_task_group.py                                                0           0
/home/airflow/.local/lib/python3.8/site-packages/airflow/example_dags/example_branch_day_of_week_operator.py                               0           0
/home/airflow/.local/lib/python3.8/site-packages/airflow/example_dags/subdags/subdag.py                                                    0           0
/home/airflow/.local/lib/python3.8/site-packages/airflow/example_dags/plugins/workday.py                                                   0           0
/opt/airflow/dags/dag_etl_aircraft_data.py                                                                                                 1           0  7.04s           2022-11-28T08:56:48
/opt/airflow/dags/dag_etl_flight_data.py                                                                                                   1           0  7.05s           2022-11-28T08:56:48
/home/airflow/.local/lib/python3.8/site-packages/airflow/example_dags/example_time_delta_sensor_async.py                                   1           0  2.13s           2022-11-28T08:56:50
/home/airflow/.local/lib/python3.8/site-packages/airflow/example_dags/example_complex.py                                                   1           0  2.34s           2022-11-28T08:56:52
/home/airflow/.local/lib/python3.8/site-packages/airflow/example_dags/example_trigger_target_dag.py                                        1           0  2.43s           2022-11-28T08:56:52
/home/airflow/.local/lib/python3.8/site-packages/airflow/example_dags/example_trigger_controller_dag.py                                    1           0  3.05s           2022-11-28T08:56:55
/home/airflow/.local/lib/python3.8/site-packages/airflow/example_dags/example_short_circuit_operator.py                                    1           0  2.90s           2022-11-28T08:56:55
/home/airflow/.local/lib/python3.8/site-packages/airflow/example_dags/example_nested_branch_dag.py                                         1           0  1.98s           2022-11-28T08:56:57
/home/airflow/.local/lib/python3.8/site-packages/airflow/example_dags/example_sla_dag.py                                                   1           0  1.87s           2022-11-28T08:56:57
/home/airflow/.local/lib/python3.8/site-packages/airflow/example_dags/example_task_group_decorator.py                                      1           0  1.53s           2022-11-28T08:56:59
/home/airflow/.local/lib/python3.8/site-packages/airflow/example_dags/tutorial_etl_dag.py                                                  1           0  1.57s           2022-11-28T08:56:59
/home/airflow/.local/lib/python3.8/site-packages/airflow/example_dags/example_branch_datetime_operator.py                                  1           0  1.45s           2022-11-28T08:57:00
/home/airflow/.local/lib/python3.8/site-packages/airflow/example_dags/tutorial.py                                                          1           0  1.44s           2022-11-28T08:57:02
/home/airflow/.local/lib/python3.8/site-packages/airflow/example_dags/example_kubernetes_executor.py                                       1           0  1.50s           2022-11-28T08:57:02
/home/airflow/.local/lib/python3.8/site-packages/airflow/example_dags/example_skip_dag.py                                                  1           0  1.46s           2022-11-28T08:57:03
/home/airflow/.local/lib/python3.8/site-packages/airflow/example_dags/example_branch_labels.py                                             1           0  1.42s           2022-11-28T08:57:03
/home/airflow/.local/lib/python3.8/site-packages/airflow/example_dags/example_latest_only_with_trigger.py                                  1           0  1.41s           2022-11-28T08:57:05
/home/airflow/.local/lib/python3.8/site-packages/airflow/example_dags/example_branch_python_dop_operator_3.py                              1           0  1.48s           2022-11-28T08:57:06
/home/airflow/.local/lib/python3.8/site-packages/airflow/example_dags/example_python_operator.py                                           1           0  1.49s           2022-11-28T08:57:06
/home/airflow/.local/lib/python3.8/site-packages/airflow/example_dags/example_xcom.py                                                      1           0  1.68s           2022-11-28T08:57:08
/home/airflow/.local/lib/python3.8/site-packages/airflow/example_dags/example_branch_operator.py                                           1           0  1.63s           2022-11-28T08:57:08
/home/airflow/.local/lib/python3.8/site-packages/airflow/example_dags/example_passing_params_via_test_command.py                           1           0  1.88s           2022-11-28T08:57:10
/home/airflow/.local/lib/python3.8/site-packages/airflow/example_dags/example_latest_only.py                                               1           0  1.88s           2022-11-28T08:57:10
/home/airflow/.local/lib/python3.8/site-packages/airflow/example_dags/example_dag_decorator.py                                             1           0  1.65s           2022-11-28T08:57:11
/home/airflow/.local/lib/python3.8/site-packages/airflow/example_dags/example_xcomargs.py                                                  2           0  2.24s           2022-11-28T08:56:50
/home/airflow/.local/lib/python3.8/site-packages/airflow/example_dags/example_external_task_marker_dag.py                                  2           0  1.46s           2022-11-28T08:57:00
/home/airflow/.local/lib/python3.8/site-packages/airflow/example_dags/example_subdag_operator.py                                           3           0  1.44s           2022-11-28T08:57:05
================================================================================
[2022-11-28 08:57:22,468] {manager.py:1065} INFO - Finding 'running' jobs without a recent heartbeat
[2022-11-28 08:57:22,468] {manager.py:1069} INFO - Failing jobs without heartbeat after 2022-11-28 08:52:22.468900+00:00
[2022-11-28 08:57:32,914] {manager.py:1065} INFO - Finding 'running' jobs without a recent heartbeat
[2022-11-28 08:57:32,914] {manager.py:1069} INFO - Failing jobs without heartbeat after 2022-11-28 08:52:32.914841+00:00
[2022-11-28 08:57:42,627] {manager.py:784} INFO - 
================================================================================
DAG File Processing Stats

File Path                                                                                                           PID  Runtime      # DAGs    # Errors  Last Runtime    Last Run
----------------------------------------------------------------------------------------------------------------  -----  ---------  --------  ----------  --------------  -------------------
/home/airflow/.local/lib/python3.8/site-packages/airflow/example_dags/subdags/subdag.py                                                    0           0  0.02s           2022-11-28T08:57:14
/home/airflow/.local/lib/python3.8/site-packages/airflow/example_dags/plugins/workday.py                                                   0           0  0.02s           2022-11-28T08:57:14
/opt/airflow/dags/dag_etl_aircraft_data.py                                                                                                 1           0  1.63s           2022-11-28T08:57:20
/opt/airflow/dags/dag_etl_flight_data.py                                                                                                   1           0  1.66s           2022-11-28T08:57:20
/home/airflow/.local/lib/python3.8/site-packages/airflow/example_dags/example_time_delta_sensor_async.py                                   1           0  0.06s           2022-11-28T08:57:21
/home/airflow/.local/lib/python3.8/site-packages/airflow/example_dags/example_complex.py                                                   1           0  0.06s           2022-11-28T08:57:23
/home/airflow/.local/lib/python3.8/site-packages/airflow/example_dags/example_trigger_target_dag.py                                        1           0  0.05s           2022-11-28T08:57:23
/home/airflow/.local/lib/python3.8/site-packages/airflow/example_dags/example_trigger_controller_dag.py                                    1           0  0.09s           2022-11-28T08:57:26
/home/airflow/.local/lib/python3.8/site-packages/airflow/example_dags/example_short_circuit_operator.py                                    1           0  0.08s           2022-11-28T08:57:26
/home/airflow/.local/lib/python3.8/site-packages/airflow/example_dags/example_nested_branch_dag.py                                         1           0  0.09s           2022-11-28T08:57:28
/home/airflow/.local/lib/python3.8/site-packages/airflow/example_dags/example_sla_dag.py                                                   1           0  0.08s           2022-11-28T08:57:28
/home/airflow/.local/lib/python3.8/site-packages/airflow/example_dags/example_task_group_decorator.py                                      1           0  0.30s           2022-11-28T08:57:30
/home/airflow/.local/lib/python3.8/site-packages/airflow/example_dags/tutorial_etl_dag.py                                                  1           0  0.09s           2022-11-28T08:57:29
/home/airflow/.local/lib/python3.8/site-packages/airflow/example_dags/example_branch_datetime_operator.py                                  1           0  0.08s           2022-11-28T08:57:30
/home/airflow/.local/lib/python3.8/site-packages/airflow/example_dags/tutorial.py                                                          1           0  0.06s           2022-11-28T08:57:32
/home/airflow/.local/lib/python3.8/site-packages/airflow/example_dags/example_kubernetes_executor.py                                       1           0  0.06s           2022-11-28T08:57:32
/home/airflow/.local/lib/python3.8/site-packages/airflow/example_dags/example_skip_dag.py                                                  1           0  0.05s           2022-11-28T08:57:34
/home/airflow/.local/lib/python3.8/site-packages/airflow/example_dags/example_branch_labels.py                                             1           0  0.05s           2022-11-28T08:57:34
/home/airflow/.local/lib/python3.8/site-packages/airflow/example_dags/example_latest_only_with_trigger.py                                  1           0  0.07s           2022-11-28T08:57:36
/home/airflow/.local/lib/python3.8/site-packages/airflow/example_dags/example_branch_python_dop_operator_3.py                              1           0  0.09s           2022-11-28T08:57:37
/home/airflow/.local/lib/python3.8/site-packages/airflow/example_dags/example_python_operator.py                                           1           0  0.09s           2022-11-28T08:57:37
/home/airflow/.local/lib/python3.8/site-packages/airflow/example_dags/example_xcom.py                                                      1           0  0.27s           2022-11-28T08:57:38
/home/airflow/.local/lib/python3.8/site-packages/airflow/example_dags/example_branch_operator.py                                           1           0  0.05s           2022-11-28T08:57:38
/home/airflow/.local/lib/python3.8/site-packages/airflow/example_dags/example_passing_params_via_test_command.py                           1           0  0.10s           2022-11-28T08:57:40
/home/airflow/.local/lib/python3.8/site-packages/airflow/example_dags/example_latest_only.py                                               1           0  0.08s           2022-11-28T08:57:40
/home/airflow/.local/lib/python3.8/site-packages/airflow/example_dags/example_dag_decorator.py                      429  0.02s             1           0  1.65s           2022-11-28T08:57:11
/home/airflow/.local/lib/python3.8/site-packages/airflow/example_dags/example_bash_operator.py                      430  0.01s             1           0  1.64s           2022-11-28T08:57:11
/home/airflow/.local/lib/python3.8/site-packages/airflow/example_dags/tutorial_taskflow_api_etl_virtualenv.py                              1           0  1.54s           2022-11-28T08:57:13
/home/airflow/.local/lib/python3.8/site-packages/airflow/example_dags/tutorial_taskflow_api_etl.py                                         1           0  1.53s           2022-11-28T08:57:13
/home/airflow/.local/lib/python3.8/site-packages/airflow/example_dags/example_task_group.py                                                1           0  1.42s           2022-11-28T08:57:14
/home/airflow/.local/lib/python3.8/site-packages/airflow/example_dags/example_branch_day_of_week_operator.py                               1           0  1.44s           2022-11-28T08:57:14
/home/airflow/.local/lib/python3.8/site-packages/airflow/example_dags/example_xcomargs.py                                                  2           0  0.26s           2022-11-28T08:57:21
/home/airflow/.local/lib/python3.8/site-packages/airflow/example_dags/example_external_task_marker_dag.py                                  2           0  0.05s           2022-11-28T08:57:30
/home/airflow/.local/lib/python3.8/site-packages/airflow/example_dags/example_subdag_operator.py                                           3           0  0.10s           2022-11-28T08:57:36
================================================================================
[2022-11-28 08:57:43,683] {manager.py:1065} INFO - Finding 'running' jobs without a recent heartbeat
[2022-11-28 08:57:43,683] {manager.py:1069} INFO - Failing jobs without heartbeat after 2022-11-28 08:52:43.683657+00:00
[2022-11-28 08:57:53,755] {manager.py:1065} INFO - Finding 'running' jobs without a recent heartbeat
[2022-11-28 08:57:53,756] {manager.py:1069} INFO - Failing jobs without heartbeat after 2022-11-28 08:52:53.756495+00:00
[2022-11-28 08:58:04,203] {manager.py:1065} INFO - Finding 'running' jobs without a recent heartbeat
[2022-11-28 08:58:04,204] {manager.py:1069} INFO - Failing jobs without heartbeat after 2022-11-28 08:53:04.204219+00:00
[2022-11-28 08:58:12,727] {manager.py:784} INFO - 
================================================================================
DAG File Processing Stats

File Path                                                                                                           PID  Runtime      # DAGs    # Errors  Last Runtime    Last Run
----------------------------------------------------------------------------------------------------------------  -----  ---------  --------  ----------  --------------  -------------------
/home/airflow/.local/lib/python3.8/site-packages/airflow/example_dags/subdags/subdag.py                                                    0           0  0.02s           2022-11-28T08:57:45
/home/airflow/.local/lib/python3.8/site-packages/airflow/example_dags/plugins/workday.py                                                   0           0  0.02s           2022-11-28T08:57:45
/opt/airflow/dags/dag_etl_aircraft_data.py                                                                                                 1           0  1.60s           2022-11-28T08:57:52
/opt/airflow/dags/dag_etl_flight_data.py                                                                                                   1           0  1.61s           2022-11-28T08:57:52
/home/airflow/.local/lib/python3.8/site-packages/airflow/example_dags/example_time_delta_sensor_async.py                                   1           0  0.05s           2022-11-28T08:57:52
/home/airflow/.local/lib/python3.8/site-packages/airflow/example_dags/example_complex.py                                                   1           0  0.08s           2022-11-28T08:57:53
/home/airflow/.local/lib/python3.8/site-packages/airflow/example_dags/example_trigger_target_dag.py                                        1           0  0.07s           2022-11-28T08:57:53
/home/airflow/.local/lib/python3.8/site-packages/airflow/example_dags/example_trigger_controller_dag.py                                    1           0  0.05s           2022-11-28T08:57:56
/home/airflow/.local/lib/python3.8/site-packages/airflow/example_dags/example_short_circuit_operator.py                                    1           0  0.06s           2022-11-28T08:57:56
/home/airflow/.local/lib/python3.8/site-packages/airflow/example_dags/example_nested_branch_dag.py                                         1           0  0.09s           2022-11-28T08:57:59
/home/airflow/.local/lib/python3.8/site-packages/airflow/example_dags/example_sla_dag.py                                                   1           0  0.08s           2022-11-28T08:57:59
/home/airflow/.local/lib/python3.8/site-packages/airflow/example_dags/example_task_group_decorator.py                                      1           0  0.27s           2022-11-28T08:58:00
/home/airflow/.local/lib/python3.8/site-packages/airflow/example_dags/tutorial_etl_dag.py                                                  1           0  0.05s           2022-11-28T08:58:00
/home/airflow/.local/lib/python3.8/site-packages/airflow/example_dags/example_branch_datetime_operator.py                                  1           0  0.05s           2022-11-28T08:58:01
/home/airflow/.local/lib/python3.8/site-packages/airflow/example_dags/tutorial.py                                                          1           0  0.08s           2022-11-28T08:58:03
/home/airflow/.local/lib/python3.8/site-packages/airflow/example_dags/example_kubernetes_executor.py                                       1           0  0.08s           2022-11-28T08:58:03
/home/airflow/.local/lib/python3.8/site-packages/airflow/example_dags/example_skip_dag.py                                                  1           0  0.07s           2022-11-28T08:58:04
/home/airflow/.local/lib/python3.8/site-packages/airflow/example_dags/example_branch_labels.py                                             1           0  0.06s           2022-11-28T08:58:04
/home/airflow/.local/lib/python3.8/site-packages/airflow/example_dags/example_latest_only_with_trigger.py                                  1           0  0.05s           2022-11-28T08:58:06
/home/airflow/.local/lib/python3.8/site-packages/airflow/example_dags/example_branch_python_dop_operator_3.py                              1           0  0.07s           2022-11-28T08:58:07
/home/airflow/.local/lib/python3.8/site-packages/airflow/example_dags/example_python_operator.py                                           1           0  0.06s           2022-11-28T08:58:07
/home/airflow/.local/lib/python3.8/site-packages/airflow/example_dags/example_xcom.py                                                      1           0  0.26s           2022-11-28T08:58:09
/home/airflow/.local/lib/python3.8/site-packages/airflow/example_dags/example_branch_operator.py                                           1           0  0.07s           2022-11-28T08:58:09
/home/airflow/.local/lib/python3.8/site-packages/airflow/example_dags/example_passing_params_via_test_command.py                           1           0  0.09s           2022-11-28T08:58:10
/home/airflow/.local/lib/python3.8/site-packages/airflow/example_dags/example_latest_only.py                                               1           0  0.07s           2022-11-28T08:58:10
/home/airflow/.local/lib/python3.8/site-packages/airflow/example_dags/example_dag_decorator.py                                             1           0  0.27s           2022-11-28T08:57:42
/home/airflow/.local/lib/python3.8/site-packages/airflow/example_dags/example_bash_operator.py                      517  0.00s             1           0  0.07s           2022-11-28T08:57:42
/home/airflow/.local/lib/python3.8/site-packages/airflow/example_dags/tutorial_taskflow_api_etl_virtualenv.py                              1           0  0.28s           2022-11-28T08:57:43
/home/airflow/.local/lib/python3.8/site-packages/airflow/example_dags/tutorial_taskflow_api_etl.py                                         1           0  0.28s           2022-11-28T08:57:43
/home/airflow/.local/lib/python3.8/site-packages/airflow/example_dags/example_task_group.py                                                1           0  0.06s           2022-11-28T08:57:45
/home/airflow/.local/lib/python3.8/site-packages/airflow/example_dags/example_branch_day_of_week_operator.py                               1           0  0.06s           2022-11-28T08:57:45
/home/airflow/.local/lib/python3.8/site-packages/airflow/example_dags/example_xcomargs.py                                                  2           0  0.25s           2022-11-28T08:57:52
/home/airflow/.local/lib/python3.8/site-packages/airflow/example_dags/example_external_task_marker_dag.py                                  2           0  0.06s           2022-11-28T08:58:01
/home/airflow/.local/lib/python3.8/site-packages/airflow/example_dags/example_subdag_operator.py                                           3           0  0.06s           2022-11-28T08:58:06
================================================================================
[2022-11-28 08:58:14,777] {manager.py:1065} INFO - Finding 'running' jobs without a recent heartbeat
[2022-11-28 08:58:14,778] {manager.py:1069} INFO - Failing jobs without heartbeat after 2022-11-28 08:53:14.778371+00:00
[2022-11-28 08:58:24,965] {manager.py:1065} INFO - Finding 'running' jobs without a recent heartbeat
[2022-11-28 08:58:24,965] {manager.py:1069} INFO - Failing jobs without heartbeat after 2022-11-28 08:53:24.965818+00:00
[2022-11-28 08:58:35,791] {manager.py:1065} INFO - Finding 'running' jobs without a recent heartbeat
[2022-11-28 08:58:35,792] {manager.py:1069} INFO - Failing jobs without heartbeat after 2022-11-28 08:53:35.792622+00:00
[2022-11-28 08:58:43,154] {manager.py:784} INFO - 
================================================================================
DAG File Processing Stats

File Path                                                                                                           PID  Runtime      # DAGs    # Errors  Last Runtime    Last Run
----------------------------------------------------------------------------------------------------------------  -----  ---------  --------  ----------  --------------  -------------------
/home/airflow/.local/lib/python3.8/site-packages/airflow/example_dags/subdags/subdag.py                                                    0           0  0.02s           2022-11-28T08:58:15
/home/airflow/.local/lib/python3.8/site-packages/airflow/example_dags/plugins/workday.py                                                   0           0  0.02s           2022-11-28T08:58:15
/opt/airflow/dags/dag_etl_aircraft_data.py                                                                                                 1           0  1.76s           2022-11-28T08:58:24
/opt/airflow/dags/dag_etl_flight_data.py                                                                                                   1           0  1.76s           2022-11-28T08:58:24
/home/airflow/.local/lib/python3.8/site-packages/airflow/example_dags/example_time_delta_sensor_async.py                                   1           0  0.05s           2022-11-28T08:58:25
/home/airflow/.local/lib/python3.8/site-packages/airflow/example_dags/example_complex.py                                                   1           0  0.08s           2022-11-28T08:58:25
/home/airflow/.local/lib/python3.8/site-packages/airflow/example_dags/example_trigger_target_dag.py                                        1           0  0.05s           2022-11-28T08:58:25
/home/airflow/.local/lib/python3.8/site-packages/airflow/example_dags/example_trigger_controller_dag.py                                    1           0  0.06s           2022-11-28T08:58:27
/home/airflow/.local/lib/python3.8/site-packages/airflow/example_dags/example_short_circuit_operator.py                                    1           0  0.06s           2022-11-28T08:58:27
/home/airflow/.local/lib/python3.8/site-packages/airflow/example_dags/example_nested_branch_dag.py                                         1           0  0.09s           2022-11-28T08:58:29
/home/airflow/.local/lib/python3.8/site-packages/airflow/example_dags/example_sla_dag.py                                                   1           0  0.09s           2022-11-28T08:58:29
/home/airflow/.local/lib/python3.8/site-packages/airflow/example_dags/example_task_group_decorator.py                                      1           0  0.33s           2022-11-28T08:58:30
/home/airflow/.local/lib/python3.8/site-packages/airflow/example_dags/tutorial_etl_dag.py                                                  1           0  0.11s           2022-11-28T08:58:30
/home/airflow/.local/lib/python3.8/site-packages/airflow/example_dags/example_branch_datetime_operator.py                                  1           0  0.06s           2022-11-28T08:58:31
/home/airflow/.local/lib/python3.8/site-packages/airflow/example_dags/tutorial.py                                                          1           0  0.07s           2022-11-28T08:58:33
/home/airflow/.local/lib/python3.8/site-packages/airflow/example_dags/example_kubernetes_executor.py                                       1           0  0.07s           2022-11-28T08:58:33
/home/airflow/.local/lib/python3.8/site-packages/airflow/example_dags/example_skip_dag.py                                                  1           0  0.06s           2022-11-28T08:58:34
/home/airflow/.local/lib/python3.8/site-packages/airflow/example_dags/example_branch_labels.py                                             1           0  0.05s           2022-11-28T08:58:34
/home/airflow/.local/lib/python3.8/site-packages/airflow/example_dags/example_latest_only_with_trigger.py                                  1           0  0.07s           2022-11-28T08:58:36
/home/airflow/.local/lib/python3.8/site-packages/airflow/example_dags/example_branch_python_dop_operator_3.py                              1           0  0.06s           2022-11-28T08:58:37
/home/airflow/.local/lib/python3.8/site-packages/airflow/example_dags/example_python_operator.py                                           1           0  0.06s           2022-11-28T08:58:37
/home/airflow/.local/lib/python3.8/site-packages/airflow/example_dags/example_xcom.py                                                      1           0  0.34s           2022-11-28T08:58:40
/home/airflow/.local/lib/python3.8/site-packages/airflow/example_dags/example_branch_operator.py                                           1           0  0.13s           2022-11-28T08:58:40
/home/airflow/.local/lib/python3.8/site-packages/airflow/example_dags/example_passing_params_via_test_command.py                           1           0  0.08s           2022-11-28T08:58:41
/home/airflow/.local/lib/python3.8/site-packages/airflow/example_dags/example_latest_only.py                                               1           0  0.07s           2022-11-28T08:58:41
/home/airflow/.local/lib/python3.8/site-packages/airflow/example_dags/example_dag_decorator.py                                             1           0  0.24s           2022-11-28T08:58:13
/home/airflow/.local/lib/python3.8/site-packages/airflow/example_dags/example_bash_operator.py                      597  0.01s             1           0  0.05s           2022-11-28T08:58:12
/home/airflow/.local/lib/python3.8/site-packages/airflow/example_dags/tutorial_taskflow_api_etl_virtualenv.py                              1           0  0.28s           2022-11-28T08:58:15
/home/airflow/.local/lib/python3.8/site-packages/airflow/example_dags/tutorial_taskflow_api_etl.py                                         1           0  0.27s           2022-11-28T08:58:15
/home/airflow/.local/lib/python3.8/site-packages/airflow/example_dags/example_task_group.py                                                1           0  0.05s           2022-11-28T08:58:15
/home/airflow/.local/lib/python3.8/site-packages/airflow/example_dags/example_branch_day_of_week_operator.py                               1           0  0.05s           2022-11-28T08:58:15
/home/airflow/.local/lib/python3.8/site-packages/airflow/example_dags/example_xcomargs.py                                                  2           0  0.25s           2022-11-28T08:58:25
/home/airflow/.local/lib/python3.8/site-packages/airflow/example_dags/example_external_task_marker_dag.py                                  2           0  0.06s           2022-11-28T08:58:31
/home/airflow/.local/lib/python3.8/site-packages/airflow/example_dags/example_subdag_operator.py                                           3           0  0.08s           2022-11-28T08:58:36
================================================================================
[2022-11-28 08:58:46,579] {manager.py:1065} INFO - Finding 'running' jobs without a recent heartbeat
[2022-11-28 08:58:46,580] {manager.py:1069} INFO - Failing jobs without heartbeat after 2022-11-28 08:53:46.580436+00:00
[2022-11-28 08:58:56,652] {manager.py:1065} INFO - Finding 'running' jobs without a recent heartbeat
[2022-11-28 08:58:56,653] {manager.py:1069} INFO - Failing jobs without heartbeat after 2022-11-28 08:53:56.652984+00:00
[2022-11-28 08:59:07,109] {manager.py:1065} INFO - Finding 'running' jobs without a recent heartbeat
[2022-11-28 08:59:07,109] {manager.py:1069} INFO - Failing jobs without heartbeat after 2022-11-28 08:54:07.109962+00:00
[2022-11-28 08:59:13,382] {manager.py:784} INFO - 
================================================================================
DAG File Processing Stats

File Path                                                                                                           PID  Runtime      # DAGs    # Errors  Last Runtime    Last Run
----------------------------------------------------------------------------------------------------------------  -----  ---------  --------  ----------  --------------  -------------------
/home/airflow/.local/lib/python3.8/site-packages/airflow/example_dags/subdags/subdag.py                                                    0           0  0.02s           2022-11-28T08:58:45
/home/airflow/.local/lib/python3.8/site-packages/airflow/example_dags/plugins/workday.py                                                   0           0  0.02s           2022-11-28T08:58:45
/opt/airflow/dags/dag_etl_aircraft_data.py                                                                                                 1           0  1.79s           2022-11-28T08:58:57
/opt/airflow/dags/dag_etl_flight_data.py                                                                                                   1           0  1.83s           2022-11-28T08:58:57
/home/airflow/.local/lib/python3.8/site-packages/airflow/example_dags/example_time_delta_sensor_async.py                                   1           0  0.05s           2022-11-28T08:58:57
/home/airflow/.local/lib/python3.8/site-packages/airflow/example_dags/example_complex.py                                                   1           0  0.06s           2022-11-28T08:58:57
/home/airflow/.local/lib/python3.8/site-packages/airflow/example_dags/example_trigger_target_dag.py                                        1           0  0.05s           2022-11-28T08:58:57
/home/airflow/.local/lib/python3.8/site-packages/airflow/example_dags/example_trigger_controller_dag.py                                    1           0  0.05s           2022-11-28T08:58:57
/home/airflow/.local/lib/python3.8/site-packages/airflow/example_dags/example_short_circuit_operator.py                                    1           0  0.06s           2022-11-28T08:58:57
/home/airflow/.local/lib/python3.8/site-packages/airflow/example_dags/example_nested_branch_dag.py                                         1           0  0.09s           2022-11-28T08:58:59
/home/airflow/.local/lib/python3.8/site-packages/airflow/example_dags/example_sla_dag.py                                                   1           0  0.08s           2022-11-28T08:58:59
/home/airflow/.local/lib/python3.8/site-packages/airflow/example_dags/example_task_group_decorator.py                                      1           0  0.26s           2022-11-28T08:59:01
/home/airflow/.local/lib/python3.8/site-packages/airflow/example_dags/tutorial_etl_dag.py                                                  1           0  0.05s           2022-11-28T08:59:00
/home/airflow/.local/lib/python3.8/site-packages/airflow/example_dags/example_branch_datetime_operator.py                                  1           0  0.05s           2022-11-28T08:59:01
/home/airflow/.local/lib/python3.8/site-packages/airflow/example_dags/tutorial.py                                                          1           0  0.05s           2022-11-28T08:59:04
/home/airflow/.local/lib/python3.8/site-packages/airflow/example_dags/example_kubernetes_executor.py                                       1           0  0.06s           2022-11-28T08:59:04
/home/airflow/.local/lib/python3.8/site-packages/airflow/example_dags/example_skip_dag.py                                                  1           0  0.08s           2022-11-28T08:59:05
/home/airflow/.local/lib/python3.8/site-packages/airflow/example_dags/example_branch_labels.py                                             1           0  0.08s           2022-11-28T08:59:05
/home/airflow/.local/lib/python3.8/site-packages/airflow/example_dags/example_latest_only_with_trigger.py                                  1           0  0.08s           2022-11-28T08:59:07
/home/airflow/.local/lib/python3.8/site-packages/airflow/example_dags/example_branch_python_dop_operator_3.py                              1           0  0.07s           2022-11-28T08:59:08
/home/airflow/.local/lib/python3.8/site-packages/airflow/example_dags/example_python_operator.py                                           1           0  0.06s           2022-11-28T08:59:08
/home/airflow/.local/lib/python3.8/site-packages/airflow/example_dags/example_xcom.py                                                      1           0  0.25s           2022-11-28T08:59:10
/home/airflow/.local/lib/python3.8/site-packages/airflow/example_dags/example_branch_operator.py                                           1           0  0.06s           2022-11-28T08:59:10
/home/airflow/.local/lib/python3.8/site-packages/airflow/example_dags/example_passing_params_via_test_command.py                           1           0  0.09s           2022-11-28T08:59:11
/home/airflow/.local/lib/python3.8/site-packages/airflow/example_dags/example_latest_only.py                                               1           0  0.08s           2022-11-28T08:59:11
/home/airflow/.local/lib/python3.8/site-packages/airflow/example_dags/example_dag_decorator.py                                             1           0  0.29s           2022-11-28T08:58:44
/home/airflow/.local/lib/python3.8/site-packages/airflow/example_dags/example_bash_operator.py                      686  0.00s             1           0  0.08s           2022-11-28T08:58:43
/home/airflow/.local/lib/python3.8/site-packages/airflow/example_dags/tutorial_taskflow_api_etl_virtualenv.py                              1           0  0.28s           2022-11-28T08:58:45
/home/airflow/.local/lib/python3.8/site-packages/airflow/example_dags/tutorial_taskflow_api_etl.py                                         1           0  0.27s           2022-11-28T08:58:45
/home/airflow/.local/lib/python3.8/site-packages/airflow/example_dags/example_task_group.py                                                1           0  0.06s           2022-11-28T08:58:45
/home/airflow/.local/lib/python3.8/site-packages/airflow/example_dags/example_branch_day_of_week_operator.py                               1           0  0.05s           2022-11-28T08:58:45
/home/airflow/.local/lib/python3.8/site-packages/airflow/example_dags/example_xcomargs.py                                                  2           0  0.35s           2022-11-28T08:58:57
/home/airflow/.local/lib/python3.8/site-packages/airflow/example_dags/example_external_task_marker_dag.py                                  2           0  0.06s           2022-11-28T08:59:01
/home/airflow/.local/lib/python3.8/site-packages/airflow/example_dags/example_subdag_operator.py                                           3           0  0.09s           2022-11-28T08:59:07
================================================================================
[2022-11-28 08:59:18,004] {manager.py:1065} INFO - Finding 'running' jobs without a recent heartbeat
[2022-11-28 08:59:18,005] {manager.py:1069} INFO - Failing jobs without heartbeat after 2022-11-28 08:54:18.005509+00:00
[2022-11-28 08:59:28,042] {manager.py:1065} INFO - Finding 'running' jobs without a recent heartbeat
[2022-11-28 08:59:28,043] {manager.py:1069} INFO - Failing jobs without heartbeat after 2022-11-28 08:54:28.042969+00:00
[2022-11-28 08:59:38,528] {manager.py:1065} INFO - Finding 'running' jobs without a recent heartbeat
[2022-11-28 08:59:38,528] {manager.py:1069} INFO - Failing jobs without heartbeat after 2022-11-28 08:54:38.528837+00:00
[2022-11-28 08:59:43,744] {manager.py:784} INFO - 
================================================================================
DAG File Processing Stats

File Path                                                                                                           PID  Runtime      # DAGs    # Errors  Last Runtime    Last Run
----------------------------------------------------------------------------------------------------------------  -----  ---------  --------  ----------  --------------  -------------------
/home/airflow/.local/lib/python3.8/site-packages/airflow/example_dags/subdags/subdag.py                                                    0           0  0.02s           2022-11-28T08:59:15
/home/airflow/.local/lib/python3.8/site-packages/airflow/example_dags/plugins/workday.py                                                   0           0  0.02s           2022-11-28T08:59:16
/opt/airflow/dags/dag_etl_aircraft_data.py                                                                                                 1           0  1.66s           2022-11-28T08:59:29
/opt/airflow/dags/dag_etl_flight_data.py                                                                                                   1           0  1.69s           2022-11-28T08:59:29
/home/airflow/.local/lib/python3.8/site-packages/airflow/example_dags/example_time_delta_sensor_async.py                                   1           0  0.05s           2022-11-28T08:59:29
/home/airflow/.local/lib/python3.8/site-packages/airflow/example_dags/example_complex.py                                                   1           0  0.06s           2022-11-28T08:59:29
/home/airflow/.local/lib/python3.8/site-packages/airflow/example_dags/example_trigger_target_dag.py                                        1           0  0.05s           2022-11-28T08:59:29
/home/airflow/.local/lib/python3.8/site-packages/airflow/example_dags/example_trigger_controller_dag.py                                    1           0  0.05s           2022-11-28T08:59:29
/home/airflow/.local/lib/python3.8/site-packages/airflow/example_dags/example_short_circuit_operator.py                                    1           0  0.05s           2022-11-28T08:59:30
/home/airflow/.local/lib/python3.8/site-packages/airflow/example_dags/example_nested_branch_dag.py                                         1           0  0.06s           2022-11-28T08:59:30
/home/airflow/.local/lib/python3.8/site-packages/airflow/example_dags/example_sla_dag.py                                                   1           0  0.05s           2022-11-28T08:59:30
/home/airflow/.local/lib/python3.8/site-packages/airflow/example_dags/example_task_group_decorator.py                                      1           0  0.24s           2022-11-28T08:59:31
/home/airflow/.local/lib/python3.8/site-packages/airflow/example_dags/tutorial_etl_dag.py                                                  1           0  0.09s           2022-11-28T08:59:31
/home/airflow/.local/lib/python3.8/site-packages/airflow/example_dags/example_branch_datetime_operator.py                                  1           0  0.08s           2022-11-28T08:59:32
/home/airflow/.local/lib/python3.8/site-packages/airflow/example_dags/tutorial.py                                                          1           0  0.06s           2022-11-28T08:59:34
/home/airflow/.local/lib/python3.8/site-packages/airflow/example_dags/example_kubernetes_executor.py                                       1           0  0.06s           2022-11-28T08:59:34
/home/airflow/.local/lib/python3.8/site-packages/airflow/example_dags/example_skip_dag.py                                                  1           0  0.16s           2022-11-28T08:59:35
/home/airflow/.local/lib/python3.8/site-packages/airflow/example_dags/example_branch_labels.py                                             1           0  0.15s           2022-11-28T08:59:35
/home/airflow/.local/lib/python3.8/site-packages/airflow/example_dags/example_latest_only_with_trigger.py                                  1           0  0.08s           2022-11-28T08:59:37
/home/airflow/.local/lib/python3.8/site-packages/airflow/example_dags/example_branch_python_dop_operator_3.py                              1           0  0.07s           2022-11-28T08:59:38
/home/airflow/.local/lib/python3.8/site-packages/airflow/example_dags/example_python_operator.py                                           1           0  0.05s           2022-11-28T08:59:38
/home/airflow/.local/lib/python3.8/site-packages/airflow/example_dags/example_xcom.py                                                      1           0  0.25s           2022-11-28T08:59:40
/home/airflow/.local/lib/python3.8/site-packages/airflow/example_dags/example_branch_operator.py                                           1           0  0.06s           2022-11-28T08:59:40
/home/airflow/.local/lib/python3.8/site-packages/airflow/example_dags/example_passing_params_via_test_command.py                           1           0  0.06s           2022-11-28T08:59:41
/home/airflow/.local/lib/python3.8/site-packages/airflow/example_dags/example_latest_only.py                                               1           0  0.05s           2022-11-28T08:59:41
/home/airflow/.local/lib/python3.8/site-packages/airflow/example_dags/example_dag_decorator.py                                             1           0  0.26s           2022-11-28T08:59:15
/home/airflow/.local/lib/python3.8/site-packages/airflow/example_dags/example_bash_operator.py                      766  0.01s             1           0  0.05s           2022-11-28T08:59:13
/home/airflow/.local/lib/python3.8/site-packages/airflow/example_dags/tutorial_taskflow_api_etl_virtualenv.py                              1           0  0.26s           2022-11-28T08:59:15
/home/airflow/.local/lib/python3.8/site-packages/airflow/example_dags/tutorial_taskflow_api_etl.py                                         1           0  0.26s           2022-11-28T08:59:15
/home/airflow/.local/lib/python3.8/site-packages/airflow/example_dags/example_task_group.py                                                1           0  0.07s           2022-11-28T08:59:15
/home/airflow/.local/lib/python3.8/site-packages/airflow/example_dags/example_branch_day_of_week_operator.py                               1           0  0.07s           2022-11-28T08:59:15
/home/airflow/.local/lib/python3.8/site-packages/airflow/example_dags/example_xcomargs.py                                                  2           0  0.25s           2022-11-28T08:59:29
/home/airflow/.local/lib/python3.8/site-packages/airflow/example_dags/example_external_task_marker_dag.py                                  2           0  0.08s           2022-11-28T08:59:32
/home/airflow/.local/lib/python3.8/site-packages/airflow/example_dags/example_subdag_operator.py                                           3           0  0.10s           2022-11-28T08:59:37
================================================================================
[2022-11-28 08:59:49,370] {manager.py:1065} INFO - Finding 'running' jobs without a recent heartbeat
[2022-11-28 08:59:49,371] {manager.py:1069} INFO - Failing jobs without heartbeat after 2022-11-28 08:54:49.371123+00:00
[2022-11-28 08:59:59,403] {manager.py:1065} INFO - Finding 'running' jobs without a recent heartbeat
[2022-11-28 08:59:59,404] {manager.py:1069} INFO - Failing jobs without heartbeat after 2022-11-28 08:54:59.404200+00:00
[2022-11-28 09:00:09,895] {manager.py:1065} INFO - Finding 'running' jobs without a recent heartbeat
[2022-11-28 09:00:09,895] {manager.py:1069} INFO - Failing jobs without heartbeat after 2022-11-28 08:55:09.895930+00:00
[2022-11-28 09:00:14,120] {manager.py:784} INFO - 
================================================================================
DAG File Processing Stats

File Path                                                                                                           PID  Runtime      # DAGs    # Errors  Last Runtime    Last Run
----------------------------------------------------------------------------------------------------------------  -----  ---------  --------  ----------  --------------  -------------------
/home/airflow/.local/lib/python3.8/site-packages/airflow/example_dags/subdags/subdag.py                                                    0           0  0.03s           2022-11-28T08:59:46
/home/airflow/.local/lib/python3.8/site-packages/airflow/example_dags/plugins/workday.py                                                   0           0  0.02s           2022-11-28T08:59:46
/opt/airflow/dags/dag_etl_aircraft_data.py                                                                                                 1           0  1.65s           2022-11-28T09:00:02
/opt/airflow/dags/dag_etl_flight_data.py                                                                                                   1           0  1.72s           2022-11-28T09:00:02
/home/airflow/.local/lib/python3.8/site-packages/airflow/example_dags/example_time_delta_sensor_async.py                                   1           0  0.05s           2022-11-28T09:00:02
/home/airflow/.local/lib/python3.8/site-packages/airflow/example_dags/example_complex.py                                                   1           0  0.07s           2022-11-28T09:00:02
/home/airflow/.local/lib/python3.8/site-packages/airflow/example_dags/example_trigger_target_dag.py                                        1           0  0.05s           2022-11-28T09:00:02
/home/airflow/.local/lib/python3.8/site-packages/airflow/example_dags/example_trigger_controller_dag.py                                    1           0  0.05s           2022-11-28T09:00:02
/home/airflow/.local/lib/python3.8/site-packages/airflow/example_dags/example_short_circuit_operator.py                                    1           0  0.05s           2022-11-28T09:00:02
/home/airflow/.local/lib/python3.8/site-packages/airflow/example_dags/example_nested_branch_dag.py                                         1           0  0.06s           2022-11-28T09:00:02
/home/airflow/.local/lib/python3.8/site-packages/airflow/example_dags/example_sla_dag.py                                                   1           0  0.05s           2022-11-28T09:00:02
/home/airflow/.local/lib/python3.8/site-packages/airflow/example_dags/example_task_group_decorator.py                                      1           0  0.27s           2022-11-28T09:00:02
/home/airflow/.local/lib/python3.8/site-packages/airflow/example_dags/tutorial_etl_dag.py                                                  1           0  0.06s           2022-11-28T09:00:02
/home/airflow/.local/lib/python3.8/site-packages/airflow/example_dags/example_branch_datetime_operator.py                                  1           0  0.06s           2022-11-28T09:00:02
/home/airflow/.local/lib/python3.8/site-packages/airflow/example_dags/tutorial.py                                                          1           0  0.08s           2022-11-28T09:00:04
/home/airflow/.local/lib/python3.8/site-packages/airflow/example_dags/example_kubernetes_executor.py                                       1           0  0.08s           2022-11-28T09:00:04
/home/airflow/.local/lib/python3.8/site-packages/airflow/example_dags/example_skip_dag.py                                                  1           0  0.09s           2022-11-28T09:00:05
/home/airflow/.local/lib/python3.8/site-packages/airflow/example_dags/example_branch_labels.py                                             1           0  0.08s           2022-11-28T09:00:05
/home/airflow/.local/lib/python3.8/site-packages/airflow/example_dags/example_latest_only_with_trigger.py                                  1           0  0.08s           2022-11-28T09:00:07
/home/airflow/.local/lib/python3.8/site-packages/airflow/example_dags/example_branch_python_dop_operator_3.py                              1           0  0.07s           2022-11-28T09:00:08
/home/airflow/.local/lib/python3.8/site-packages/airflow/example_dags/example_python_operator.py                                           1           0  0.06s           2022-11-28T09:00:08
/home/airflow/.local/lib/python3.8/site-packages/airflow/example_dags/example_xcom.py                                                      1           0  0.29s           2022-11-28T09:00:11
/home/airflow/.local/lib/python3.8/site-packages/airflow/example_dags/example_branch_operator.py                                           1           0  0.08s           2022-11-28T09:00:10
/home/airflow/.local/lib/python3.8/site-packages/airflow/example_dags/example_passing_params_via_test_command.py                           1           0  0.10s           2022-11-28T09:00:12
/home/airflow/.local/lib/python3.8/site-packages/airflow/example_dags/example_latest_only.py                                               1           0  0.08s           2022-11-28T09:00:12
/home/airflow/.local/lib/python3.8/site-packages/airflow/example_dags/example_dag_decorator.py                                             1           0  0.26s           2022-11-28T08:59:46
/home/airflow/.local/lib/python3.8/site-packages/airflow/example_dags/example_bash_operator.py                      854  0.01s             1           0  0.08s           2022-11-28T08:59:43
/home/airflow/.local/lib/python3.8/site-packages/airflow/example_dags/tutorial_taskflow_api_etl_virtualenv.py                              1           0  0.27s           2022-11-28T08:59:46
/home/airflow/.local/lib/python3.8/site-packages/airflow/example_dags/tutorial_taskflow_api_etl.py                                         1           0  0.27s           2022-11-28T08:59:46
/home/airflow/.local/lib/python3.8/site-packages/airflow/example_dags/example_task_group.py                                                1           0  0.06s           2022-11-28T08:59:46
/home/airflow/.local/lib/python3.8/site-packages/airflow/example_dags/example_branch_day_of_week_operator.py                               1           0  0.06s           2022-11-28T08:59:46
/home/airflow/.local/lib/python3.8/site-packages/airflow/example_dags/example_xcomargs.py                                                  2           0  0.27s           2022-11-28T09:00:02
/home/airflow/.local/lib/python3.8/site-packages/airflow/example_dags/example_external_task_marker_dag.py                                  2           0  0.06s           2022-11-28T09:00:02
/home/airflow/.local/lib/python3.8/site-packages/airflow/example_dags/example_subdag_operator.py                                           3           0  0.11s           2022-11-28T09:00:07
================================================================================
[2022-11-28 09:00:20,742] {manager.py:1065} INFO - Finding 'running' jobs without a recent heartbeat
[2022-11-28 09:00:20,742] {manager.py:1069} INFO - Failing jobs without heartbeat after 2022-11-28 08:55:20.742800+00:00
[2022-11-28 09:00:30,773] {manager.py:1065} INFO - Finding 'running' jobs without a recent heartbeat
[2022-11-28 09:00:30,774] {manager.py:1069} INFO - Failing jobs without heartbeat after 2022-11-28 08:55:30.773999+00:00
[2022-11-28 09:00:41,343] {manager.py:1065} INFO - Finding 'running' jobs without a recent heartbeat
[2022-11-28 09:00:41,343] {manager.py:1069} INFO - Failing jobs without heartbeat after 2022-11-28 08:55:41.343861+00:00
[2022-11-28 09:00:44,523] {manager.py:784} INFO - 
================================================================================
DAG File Processing Stats

File Path                                                                                                           PID  Runtime      # DAGs    # Errors  Last Runtime    Last Run
----------------------------------------------------------------------------------------------------------------  -----  ---------  --------  ----------  --------------  -------------------
/home/airflow/.local/lib/python3.8/site-packages/airflow/example_dags/subdags/subdag.py                                                    0           0  0.02s           2022-11-28T09:00:16
/home/airflow/.local/lib/python3.8/site-packages/airflow/example_dags/plugins/workday.py                                                   0           0  0.02s           2022-11-28T09:00:16
/opt/airflow/dags/dag_etl_aircraft_data.py                                                                                                 1           0  1.78s           2022-11-28T09:00:34
/opt/airflow/dags/dag_etl_flight_data.py                                                                                                   1           0  1.86s           2022-11-28T09:00:34
/home/airflow/.local/lib/python3.8/site-packages/airflow/example_dags/example_time_delta_sensor_async.py                                   1           0  0.05s           2022-11-28T09:00:34
/home/airflow/.local/lib/python3.8/site-packages/airflow/example_dags/example_complex.py                                                   1           0  0.05s           2022-11-28T09:00:34
/home/airflow/.local/lib/python3.8/site-packages/airflow/example_dags/example_trigger_target_dag.py                                        1           0  0.06s           2022-11-28T09:00:34
/home/airflow/.local/lib/python3.8/site-packages/airflow/example_dags/example_trigger_controller_dag.py                                    1           0  0.07s           2022-11-28T09:00:34
/home/airflow/.local/lib/python3.8/site-packages/airflow/example_dags/example_short_circuit_operator.py                                    1           0  0.06s           2022-11-28T09:00:34
/home/airflow/.local/lib/python3.8/site-packages/airflow/example_dags/example_nested_branch_dag.py                                         1           0  0.06s           2022-11-28T09:00:34
/home/airflow/.local/lib/python3.8/site-packages/airflow/example_dags/example_sla_dag.py                                                   1           0  0.06s           2022-11-28T09:00:34
/home/airflow/.local/lib/python3.8/site-packages/airflow/example_dags/example_task_group_decorator.py                                      1           0  0.28s           2022-11-28T09:00:35
/home/airflow/.local/lib/python3.8/site-packages/airflow/example_dags/tutorial_etl_dag.py                                                  1           0  0.05s           2022-11-28T09:00:35
/home/airflow/.local/lib/python3.8/site-packages/airflow/example_dags/example_branch_datetime_operator.py                                  1           0  0.05s           2022-11-28T09:00:35
/home/airflow/.local/lib/python3.8/site-packages/airflow/example_dags/tutorial.py                                                          1           0  0.05s           2022-11-28T09:00:35
/home/airflow/.local/lib/python3.8/site-packages/airflow/example_dags/example_kubernetes_executor.py                                       1           0  0.06s           2022-11-28T09:00:35
/home/airflow/.local/lib/python3.8/site-packages/airflow/example_dags/example_skip_dag.py                                                  1           0  0.09s           2022-11-28T09:00:36
/home/airflow/.local/lib/python3.8/site-packages/airflow/example_dags/example_branch_labels.py                                             1           0  0.08s           2022-11-28T09:00:36
/home/airflow/.local/lib/python3.8/site-packages/airflow/example_dags/example_latest_only_with_trigger.py                                  1           0  0.07s           2022-11-28T09:00:38
/home/airflow/.local/lib/python3.8/site-packages/airflow/example_dags/example_branch_python_dop_operator_3.py                              1           0  0.06s           2022-11-28T09:00:39
/home/airflow/.local/lib/python3.8/site-packages/airflow/example_dags/example_python_operator.py                                           1           0  0.05s           2022-11-28T09:00:39
/home/airflow/.local/lib/python3.8/site-packages/airflow/example_dags/example_xcom.py                                                      1           0  0.26s           2022-11-28T09:00:41
/home/airflow/.local/lib/python3.8/site-packages/airflow/example_dags/example_branch_operator.py                                           1           0  0.06s           2022-11-28T09:00:41
/home/airflow/.local/lib/python3.8/site-packages/airflow/example_dags/example_passing_params_via_test_command.py                           1           0  0.08s           2022-11-28T09:00:42
/home/airflow/.local/lib/python3.8/site-packages/airflow/example_dags/example_latest_only.py                                               1           0  0.07s           2022-11-28T09:00:42
/home/airflow/.local/lib/python3.8/site-packages/airflow/example_dags/example_dag_decorator.py                                             1           0  0.25s           2022-11-28T09:00:16
/home/airflow/.local/lib/python3.8/site-packages/airflow/example_dags/example_bash_operator.py                      934  0.00s             1           0  0.08s           2022-11-28T09:00:14
/home/airflow/.local/lib/python3.8/site-packages/airflow/example_dags/tutorial_taskflow_api_etl_virtualenv.py                              1           0  0.27s           2022-11-28T09:00:16
/home/airflow/.local/lib/python3.8/site-packages/airflow/example_dags/tutorial_taskflow_api_etl.py                                         1           0  0.26s           2022-11-28T09:00:16
/home/airflow/.local/lib/python3.8/site-packages/airflow/example_dags/example_task_group.py                                                1           0  0.06s           2022-11-28T09:00:16
/home/airflow/.local/lib/python3.8/site-packages/airflow/example_dags/example_branch_day_of_week_operator.py                               1           0  0.06s           2022-11-28T09:00:16
/home/airflow/.local/lib/python3.8/site-packages/airflow/example_dags/example_xcomargs.py                                                  2           0  0.28s           2022-11-28T09:00:34
/home/airflow/.local/lib/python3.8/site-packages/airflow/example_dags/example_external_task_marker_dag.py                                  2           0  0.05s           2022-11-28T09:00:35
/home/airflow/.local/lib/python3.8/site-packages/airflow/example_dags/example_subdag_operator.py                                           3           0  0.08s           2022-11-28T09:00:38
================================================================================
[2022-11-28 09:00:52,132] {manager.py:1065} INFO - Finding 'running' jobs without a recent heartbeat
[2022-11-28 09:00:52,132] {manager.py:1069} INFO - Failing jobs without heartbeat after 2022-11-28 08:55:52.132799+00:00
[2022-11-28 09:01:02,165] {manager.py:1065} INFO - Finding 'running' jobs without a recent heartbeat
[2022-11-28 09:01:02,165] {manager.py:1069} INFO - Failing jobs without heartbeat after 2022-11-28 08:56:02.165866+00:00
[2022-11-28 09:01:12,851] {manager.py:1065} INFO - Finding 'running' jobs without a recent heartbeat
[2022-11-28 09:01:12,852] {manager.py:1069} INFO - Failing jobs without heartbeat after 2022-11-28 08:56:12.852048+00:00
[2022-11-28 09:01:14,956] {manager.py:784} INFO - 
================================================================================
DAG File Processing Stats

File Path                                                                                                           PID  Runtime      # DAGs    # Errors  Last Runtime    Last Run
----------------------------------------------------------------------------------------------------------------  -----  ---------  --------  ----------  --------------  -------------------
/home/airflow/.local/lib/python3.8/site-packages/airflow/example_dags/subdags/subdag.py                                                    0           0  0.02s           2022-11-28T09:00:47
/home/airflow/.local/lib/python3.8/site-packages/airflow/example_dags/plugins/workday.py                                                   0           0  0.02s           2022-11-28T09:00:47
/opt/airflow/dags/dag_etl_aircraft_data.py                                                                                                 1           0  1.70s           2022-11-28T09:01:06
/opt/airflow/dags/dag_etl_flight_data.py                                                                                                   1           0  1.71s           2022-11-28T09:01:06
/home/airflow/.local/lib/python3.8/site-packages/airflow/example_dags/example_time_delta_sensor_async.py                                   1           0  0.05s           2022-11-28T09:01:06
/home/airflow/.local/lib/python3.8/site-packages/airflow/example_dags/example_complex.py                                                   1           0  0.07s           2022-11-28T09:01:07
/home/airflow/.local/lib/python3.8/site-packages/airflow/example_dags/example_trigger_target_dag.py                                        1           0  0.07s           2022-11-28T09:01:07
/home/airflow/.local/lib/python3.8/site-packages/airflow/example_dags/example_trigger_controller_dag.py                                    1           0  0.06s           2022-11-28T09:01:07
/home/airflow/.local/lib/python3.8/site-packages/airflow/example_dags/example_short_circuit_operator.py                                    1           0  0.06s           2022-11-28T09:01:07
/home/airflow/.local/lib/python3.8/site-packages/airflow/example_dags/example_nested_branch_dag.py                                         1           0  0.06s           2022-11-28T09:01:07
/home/airflow/.local/lib/python3.8/site-packages/airflow/example_dags/example_sla_dag.py                                                   1           0  0.06s           2022-11-28T09:01:07
/home/airflow/.local/lib/python3.8/site-packages/airflow/example_dags/example_task_group_decorator.py                                      1           0  0.28s           2022-11-28T09:01:07
/home/airflow/.local/lib/python3.8/site-packages/airflow/example_dags/tutorial_etl_dag.py                                                  1           0  0.06s           2022-11-28T09:01:07
/home/airflow/.local/lib/python3.8/site-packages/airflow/example_dags/example_branch_datetime_operator.py                                  1           0  0.06s           2022-11-28T09:01:07
/home/airflow/.local/lib/python3.8/site-packages/airflow/example_dags/tutorial.py                                                          1           0  0.05s           2022-11-28T09:01:07
/home/airflow/.local/lib/python3.8/site-packages/airflow/example_dags/example_kubernetes_executor.py                                       1           0  0.06s           2022-11-28T09:01:07
/home/airflow/.local/lib/python3.8/site-packages/airflow/example_dags/example_skip_dag.py                                                  1           0  0.05s           2022-11-28T09:01:07
/home/airflow/.local/lib/python3.8/site-packages/airflow/example_dags/example_branch_labels.py                                             1           0  0.06s           2022-11-28T09:01:07
/home/airflow/.local/lib/python3.8/site-packages/airflow/example_dags/example_latest_only_with_trigger.py                                  1           0  0.07s           2022-11-28T09:01:08
/home/airflow/.local/lib/python3.8/site-packages/airflow/example_dags/example_branch_python_dop_operator_3.py                              1           0  0.07s           2022-11-28T09:01:09
/home/airflow/.local/lib/python3.8/site-packages/airflow/example_dags/example_python_operator.py                                           1           0  0.06s           2022-11-28T09:01:09
/home/airflow/.local/lib/python3.8/site-packages/airflow/example_dags/example_xcom.py                                                      1           0  0.28s           2022-11-28T09:01:12
/home/airflow/.local/lib/python3.8/site-packages/airflow/example_dags/example_branch_operator.py                                           1           0  0.08s           2022-11-28T09:01:11
/home/airflow/.local/lib/python3.8/site-packages/airflow/example_dags/example_passing_params_via_test_command.py                           1           0  0.07s           2022-11-28T09:01:12
/home/airflow/.local/lib/python3.8/site-packages/airflow/example_dags/example_latest_only.py                                               1           0  0.06s           2022-11-28T09:01:12
/home/airflow/.local/lib/python3.8/site-packages/airflow/example_dags/example_dag_decorator.py                                             1           0  0.25s           2022-11-28T09:00:46
/home/airflow/.local/lib/python3.8/site-packages/airflow/example_dags/example_bash_operator.py                     1022  0.01s             1           0  0.09s           2022-11-28T09:00:44
/home/airflow/.local/lib/python3.8/site-packages/airflow/example_dags/tutorial_taskflow_api_etl_virtualenv.py                              1           0  0.25s           2022-11-28T09:00:47
/home/airflow/.local/lib/python3.8/site-packages/airflow/example_dags/tutorial_taskflow_api_etl.py                                         1           0  0.25s           2022-11-28T09:00:47
/home/airflow/.local/lib/python3.8/site-packages/airflow/example_dags/example_task_group.py                                                1           0  0.06s           2022-11-28T09:00:47
/home/airflow/.local/lib/python3.8/site-packages/airflow/example_dags/example_branch_day_of_week_operator.py                               1           0  0.06s           2022-11-28T09:00:47
/home/airflow/.local/lib/python3.8/site-packages/airflow/example_dags/example_xcomargs.py                                                  2           0  0.32s           2022-11-28T09:01:07
/home/airflow/.local/lib/python3.8/site-packages/airflow/example_dags/example_external_task_marker_dag.py                                  2           0  0.06s           2022-11-28T09:01:07
/home/airflow/.local/lib/python3.8/site-packages/airflow/example_dags/example_subdag_operator.py                                           3           0  0.09s           2022-11-28T09:01:08
================================================================================
[2022-11-28 09:01:23,576] {manager.py:1065} INFO - Finding 'running' jobs without a recent heartbeat
[2022-11-28 09:01:23,577] {manager.py:1069} INFO - Failing jobs without heartbeat after 2022-11-28 08:56:23.577466+00:00
[2022-11-28 09:01:33,628] {manager.py:1065} INFO - Finding 'running' jobs without a recent heartbeat
[2022-11-28 09:01:33,628] {manager.py:1069} INFO - Failing jobs without heartbeat after 2022-11-28 08:56:33.628409+00:00
[2022-11-28 09:01:42,181] {manager.py:663} INFO - Searching for files in /opt/airflow/dags
[2022-11-28 09:01:42,188] {manager.py:666} INFO - There are 34 files in /opt/airflow/dags
[2022-11-28 09:01:44,349] {manager.py:1065} INFO - Finding 'running' jobs without a recent heartbeat
[2022-11-28 09:01:44,350] {manager.py:1069} INFO - Failing jobs without heartbeat after 2022-11-28 08:56:44.350594+00:00
[2022-11-28 09:01:45,379] {manager.py:784} INFO - 
================================================================================
DAG File Processing Stats

File Path                                                                                                           PID  Runtime      # DAGs    # Errors  Last Runtime    Last Run
----------------------------------------------------------------------------------------------------------------  -----  ---------  --------  ----------  --------------  -------------------
/home/airflow/.local/lib/python3.8/site-packages/airflow/example_dags/subdags/subdag.py                                                    0           0  0.02s           2022-11-28T09:01:17
/home/airflow/.local/lib/python3.8/site-packages/airflow/example_dags/plugins/workday.py                                                   0           0  0.02s           2022-11-28T09:01:17
/opt/airflow/dags/dag_etl_aircraft_data.py                                                                                                 1           0  1.67s           2022-11-28T09:01:39
/opt/airflow/dags/dag_etl_flight_data.py                                                                                                   1           0  1.66s           2022-11-28T09:01:39
/home/airflow/.local/lib/python3.8/site-packages/airflow/example_dags/example_time_delta_sensor_async.py                                   1           0  0.05s           2022-11-28T09:01:39
/home/airflow/.local/lib/python3.8/site-packages/airflow/example_dags/example_complex.py                                                   1           0  0.05s           2022-11-28T09:01:39
/home/airflow/.local/lib/python3.8/site-packages/airflow/example_dags/example_trigger_target_dag.py                                        1           0  0.05s           2022-11-28T09:01:39
/home/airflow/.local/lib/python3.8/site-packages/airflow/example_dags/example_trigger_controller_dag.py                                    1           0  0.05s           2022-11-28T09:01:39
/home/airflow/.local/lib/python3.8/site-packages/airflow/example_dags/example_short_circuit_operator.py                                    1           0  0.05s           2022-11-28T09:01:39
/home/airflow/.local/lib/python3.8/site-packages/airflow/example_dags/example_nested_branch_dag.py                                         1           0  0.05s           2022-11-28T09:01:39
/home/airflow/.local/lib/python3.8/site-packages/airflow/example_dags/example_sla_dag.py                                                   1           0  0.05s           2022-11-28T09:01:39
/home/airflow/.local/lib/python3.8/site-packages/airflow/example_dags/example_task_group_decorator.py                                      1           0  0.25s           2022-11-28T09:01:39
/home/airflow/.local/lib/python3.8/site-packages/airflow/example_dags/tutorial_etl_dag.py                                                  1           0  0.05s           2022-11-28T09:01:39
/home/airflow/.local/lib/python3.8/site-packages/airflow/example_dags/example_branch_datetime_operator.py                                  1           0  0.05s           2022-11-28T09:01:39
/home/airflow/.local/lib/python3.8/site-packages/airflow/example_dags/tutorial.py                                                          1           0  0.05s           2022-11-28T09:01:39
/home/airflow/.local/lib/python3.8/site-packages/airflow/example_dags/example_kubernetes_executor.py                                       1           0  0.06s           2022-11-28T09:01:40
/home/airflow/.local/lib/python3.8/site-packages/airflow/example_dags/example_skip_dag.py                                                  1           0  0.05s           2022-11-28T09:01:40
/home/airflow/.local/lib/python3.8/site-packages/airflow/example_dags/example_branch_labels.py                                             1           0  0.05s           2022-11-28T09:01:40
/home/airflow/.local/lib/python3.8/site-packages/airflow/example_dags/example_latest_only_with_trigger.py                                  1           0  0.05s           2022-11-28T09:01:40
/home/airflow/.local/lib/python3.8/site-packages/airflow/example_dags/example_branch_python_dop_operator_3.py                              1           0  0.06s           2022-11-28T09:01:40
/home/airflow/.local/lib/python3.8/site-packages/airflow/example_dags/example_python_operator.py                                           1           0  0.05s           2022-11-28T09:01:40
/home/airflow/.local/lib/python3.8/site-packages/airflow/example_dags/example_xcom.py                                                      1           0  0.25s           2022-11-28T09:01:42
/home/airflow/.local/lib/python3.8/site-packages/airflow/example_dags/example_branch_operator.py                                           1           0  0.05s           2022-11-28T09:01:42
/home/airflow/.local/lib/python3.8/site-packages/airflow/example_dags/example_passing_params_via_test_command.py                           1           0  0.09s           2022-11-28T09:01:43
/home/airflow/.local/lib/python3.8/site-packages/airflow/example_dags/example_latest_only.py                                               1           0  0.08s           2022-11-28T09:01:43
/home/airflow/.local/lib/python3.8/site-packages/airflow/example_dags/example_dag_decorator.py                                             1           0  0.25s           2022-11-28T09:01:17
/home/airflow/.local/lib/python3.8/site-packages/airflow/example_dags/example_bash_operator.py                     1110  0.00s             1           0  0.08s           2022-11-28T09:01:15
/home/airflow/.local/lib/python3.8/site-packages/airflow/example_dags/tutorial_taskflow_api_etl_virtualenv.py                              1           0  0.28s           2022-11-28T09:01:17
/home/airflow/.local/lib/python3.8/site-packages/airflow/example_dags/tutorial_taskflow_api_etl.py                                         1           0  0.27s           2022-11-28T09:01:17
/home/airflow/.local/lib/python3.8/site-packages/airflow/example_dags/example_task_group.py                                                1           0  0.05s           2022-11-28T09:01:17
/home/airflow/.local/lib/python3.8/site-packages/airflow/example_dags/example_branch_day_of_week_operator.py                               1           0  0.05s           2022-11-28T09:01:17
/home/airflow/.local/lib/python3.8/site-packages/airflow/example_dags/example_xcomargs.py                                                  2           0  0.24s           2022-11-28T09:01:39
/home/airflow/.local/lib/python3.8/site-packages/airflow/example_dags/example_external_task_marker_dag.py                                  2           0  0.05s           2022-11-28T09:01:39
/home/airflow/.local/lib/python3.8/site-packages/airflow/example_dags/example_subdag_operator.py                                           3           0  0.06s           2022-11-28T09:01:40
================================================================================
[2022-11-28 09:01:53,105] {manager.py:495} INFO - Exiting gracefully upon receiving signal 15
