[2022-11-28 08:56:41,265] {processor.py:163} INFO - Started process (PID=34) to work on /opt/airflow/dags/dag_etl_flight_data.py
[2022-11-28 08:56:41,266] {processor.py:642} INFO - Processing file /opt/airflow/dags/dag_etl_flight_data.py for tasks to queue
[2022-11-28 08:56:41,266] {logging_mixin.py:109} INFO - [2022-11-28 08:56:41,266] {dagbag.py:500} INFO - Filling up the DagBag from /opt/airflow/dags/dag_etl_flight_data.py
[2022-11-28 08:56:44,188] {logging_mixin.py:109} INFO - [2022-11-28 08:56:44,188] {font_manager.py:1633} INFO - generated new fontManager
[2022-11-28 08:56:44,430] {logging_mixin.py:109} INFO - [2022-11-28 08:56:44,430] {__init__.py:103} INFO - Selected plugins: set()
[2022-11-28 08:56:45,539] {processor.py:654} INFO - DAG(s) dict_keys(['dag_etl_flight_data']) retrieved from /opt/airflow/dags/dag_etl_flight_data.py
[2022-11-28 08:56:47,262] {logging_mixin.py:109} WARNING - /home/airflow/.local/lib/python3.8/site-packages/azure/storage/common/_connection.py:82 SyntaxWarning: "is" with a literal. Did you mean "=="?
[2022-11-28 08:56:48,102] {logging_mixin.py:109} INFO - [2022-11-28 08:56:48,102] {manager.py:496} INFO - Created Permission View: can read on DAG:dag_etl_flight_data
[2022-11-28 08:56:48,113] {logging_mixin.py:109} INFO - [2022-11-28 08:56:48,113] {manager.py:496} INFO - Created Permission View: can edit on DAG:dag_etl_flight_data
[2022-11-28 08:56:48,114] {logging_mixin.py:109} INFO - [2022-11-28 08:56:48,113] {dag.py:2398} INFO - Sync 1 DAGs
[2022-11-28 08:56:48,263] {logging_mixin.py:109} INFO - [2022-11-28 08:56:48,263] {dag.py:2417} INFO - Creating ORM DAG for dag_etl_flight_data
[2022-11-28 08:56:48,271] {logging_mixin.py:109} INFO - [2022-11-28 08:56:48,271] {dag.py:2937} INFO - Setting next_dagrun for dag_etl_flight_data to 2022-11-26T14:00:00+00:00
[2022-11-28 08:56:48,279] {processor.py:171} INFO - Processing /opt/airflow/dags/dag_etl_flight_data.py took 7.018 seconds
[2022-11-28 08:57:18,797] {processor.py:163} INFO - Started process (PID=358) to work on /opt/airflow/dags/dag_etl_flight_data.py
[2022-11-28 08:57:18,800] {processor.py:642} INFO - Processing file /opt/airflow/dags/dag_etl_flight_data.py for tasks to queue
[2022-11-28 08:57:18,801] {logging_mixin.py:109} INFO - [2022-11-28 08:57:18,801] {dagbag.py:500} INFO - Filling up the DagBag from /opt/airflow/dags/dag_etl_flight_data.py
[2022-11-28 08:57:19,570] {logging_mixin.py:109} INFO - [2022-11-28 08:57:19,570] {__init__.py:103} INFO - Selected plugins: set()
[2022-11-28 08:57:20,404] {processor.py:654} INFO - DAG(s) dict_keys(['dag_etl_flight_data']) retrieved from /opt/airflow/dags/dag_etl_flight_data.py
[2022-11-28 08:57:20,409] {logging_mixin.py:109} INFO - [2022-11-28 08:57:20,409] {dag.py:2398} INFO - Sync 1 DAGs
[2022-11-28 08:57:20,418] {logging_mixin.py:109} INFO - [2022-11-28 08:57:20,417] {dag.py:2937} INFO - Setting next_dagrun for dag_etl_flight_data to 2022-11-26T14:00:00+00:00
[2022-11-28 08:57:20,422] {processor.py:171} INFO - Processing /opt/airflow/dags/dag_etl_flight_data.py took 1.632 seconds
[2022-11-28 08:57:51,115] {processor.py:163} INFO - Started process (PID=446) to work on /opt/airflow/dags/dag_etl_flight_data.py
[2022-11-28 08:57:51,116] {processor.py:642} INFO - Processing file /opt/airflow/dags/dag_etl_flight_data.py for tasks to queue
[2022-11-28 08:57:51,117] {logging_mixin.py:109} INFO - [2022-11-28 08:57:51,116] {dagbag.py:500} INFO - Filling up the DagBag from /opt/airflow/dags/dag_etl_flight_data.py
[2022-11-28 08:57:51,915] {logging_mixin.py:109} INFO - [2022-11-28 08:57:51,915] {__init__.py:103} INFO - Selected plugins: set()
[2022-11-28 08:57:52,671] {processor.py:654} INFO - DAG(s) dict_keys(['dag_etl_flight_data']) retrieved from /opt/airflow/dags/dag_etl_flight_data.py
[2022-11-28 08:57:52,677] {logging_mixin.py:109} INFO - [2022-11-28 08:57:52,676] {dag.py:2398} INFO - Sync 1 DAGs
[2022-11-28 08:57:52,685] {logging_mixin.py:109} INFO - [2022-11-28 08:57:52,685] {dag.py:2937} INFO - Setting next_dagrun for dag_etl_flight_data to 2022-11-26T14:00:00+00:00
[2022-11-28 08:57:52,690] {processor.py:171} INFO - Processing /opt/airflow/dags/dag_etl_flight_data.py took 1.579 seconds
[2022-11-28 08:58:23,229] {processor.py:163} INFO - Started process (PID=534) to work on /opt/airflow/dags/dag_etl_flight_data.py
[2022-11-28 08:58:23,231] {processor.py:642} INFO - Processing file /opt/airflow/dags/dag_etl_flight_data.py for tasks to queue
[2022-11-28 08:58:23,232] {logging_mixin.py:109} INFO - [2022-11-28 08:58:23,232] {dagbag.py:500} INFO - Filling up the DagBag from /opt/airflow/dags/dag_etl_flight_data.py
[2022-11-28 08:58:24,120] {logging_mixin.py:109} INFO - [2022-11-28 08:58:24,120] {__init__.py:103} INFO - Selected plugins: set()
[2022-11-28 08:58:24,932] {processor.py:654} INFO - DAG(s) dict_keys(['dag_etl_flight_data']) retrieved from /opt/airflow/dags/dag_etl_flight_data.py
[2022-11-28 08:58:24,939] {logging_mixin.py:109} INFO - [2022-11-28 08:58:24,939] {dag.py:2398} INFO - Sync 1 DAGs
[2022-11-28 08:58:24,949] {logging_mixin.py:109} INFO - [2022-11-28 08:58:24,949] {dag.py:2937} INFO - Setting next_dagrun for dag_etl_flight_data to 2022-11-26T14:00:00+00:00
[2022-11-28 08:58:24,954] {processor.py:171} INFO - Processing /opt/airflow/dags/dag_etl_flight_data.py took 1.732 seconds
[2022-11-28 08:58:55,664] {processor.py:163} INFO - Started process (PID=614) to work on /opt/airflow/dags/dag_etl_flight_data.py
[2022-11-28 08:58:55,666] {processor.py:642} INFO - Processing file /opt/airflow/dags/dag_etl_flight_data.py for tasks to queue
[2022-11-28 08:58:55,667] {logging_mixin.py:109} INFO - [2022-11-28 08:58:55,667] {dagbag.py:500} INFO - Filling up the DagBag from /opt/airflow/dags/dag_etl_flight_data.py
[2022-11-28 08:58:56,518] {logging_mixin.py:109} INFO - [2022-11-28 08:58:56,517] {__init__.py:103} INFO - Selected plugins: set()
[2022-11-28 08:58:57,422] {processor.py:654} INFO - DAG(s) dict_keys(['dag_etl_flight_data']) retrieved from /opt/airflow/dags/dag_etl_flight_data.py
[2022-11-28 08:58:57,431] {logging_mixin.py:109} INFO - [2022-11-28 08:58:57,431] {dag.py:2398} INFO - Sync 1 DAGs
[2022-11-28 08:58:57,445] {logging_mixin.py:109} INFO - [2022-11-28 08:58:57,445] {dag.py:2937} INFO - Setting next_dagrun for dag_etl_flight_data to 2022-11-26T14:00:00+00:00
[2022-11-28 08:58:57,452] {processor.py:171} INFO - Processing /opt/airflow/dags/dag_etl_flight_data.py took 1.795 seconds
[2022-11-28 08:59:28,087] {processor.py:163} INFO - Started process (PID=703) to work on /opt/airflow/dags/dag_etl_flight_data.py
[2022-11-28 08:59:28,088] {processor.py:642} INFO - Processing file /opt/airflow/dags/dag_etl_flight_data.py for tasks to queue
[2022-11-28 08:59:28,089] {logging_mixin.py:109} INFO - [2022-11-28 08:59:28,089] {dagbag.py:500} INFO - Filling up the DagBag from /opt/airflow/dags/dag_etl_flight_data.py
[2022-11-28 08:59:28,883] {logging_mixin.py:109} INFO - [2022-11-28 08:59:28,883] {__init__.py:103} INFO - Selected plugins: set()
[2022-11-28 08:59:29,713] {processor.py:654} INFO - DAG(s) dict_keys(['dag_etl_flight_data']) retrieved from /opt/airflow/dags/dag_etl_flight_data.py
[2022-11-28 08:59:29,719] {logging_mixin.py:109} INFO - [2022-11-28 08:59:29,718] {dag.py:2398} INFO - Sync 1 DAGs
[2022-11-28 08:59:29,728] {logging_mixin.py:109} INFO - [2022-11-28 08:59:29,728] {dag.py:2937} INFO - Setting next_dagrun for dag_etl_flight_data to 2022-11-26T14:00:00+00:00
[2022-11-28 08:59:29,747] {processor.py:171} INFO - Processing /opt/airflow/dags/dag_etl_flight_data.py took 1.667 seconds
[2022-11-28 09:00:00,454] {processor.py:163} INFO - Started process (PID=791) to work on /opt/airflow/dags/dag_etl_flight_data.py
[2022-11-28 09:00:00,456] {processor.py:642} INFO - Processing file /opt/airflow/dags/dag_etl_flight_data.py for tasks to queue
[2022-11-28 09:00:00,457] {logging_mixin.py:109} INFO - [2022-11-28 09:00:00,457] {dagbag.py:500} INFO - Filling up the DagBag from /opt/airflow/dags/dag_etl_flight_data.py
[2022-11-28 09:00:01,304] {logging_mixin.py:109} INFO - [2022-11-28 09:00:01,304] {__init__.py:103} INFO - Selected plugins: set()
[2022-11-28 09:00:02,118] {processor.py:654} INFO - DAG(s) dict_keys(['dag_etl_flight_data']) retrieved from /opt/airflow/dags/dag_etl_flight_data.py
[2022-11-28 09:00:02,123] {logging_mixin.py:109} INFO - [2022-11-28 09:00:02,123] {dag.py:2398} INFO - Sync 1 DAGs
[2022-11-28 09:00:02,131] {logging_mixin.py:109} INFO - [2022-11-28 09:00:02,131] {dag.py:2937} INFO - Setting next_dagrun for dag_etl_flight_data to 2022-11-26T14:00:00+00:00
[2022-11-28 09:00:02,136] {processor.py:171} INFO - Processing /opt/airflow/dags/dag_etl_flight_data.py took 1.689 seconds
[2022-11-28 09:00:32,793] {processor.py:163} INFO - Started process (PID=879) to work on /opt/airflow/dags/dag_etl_flight_data.py
[2022-11-28 09:00:32,794] {processor.py:642} INFO - Processing file /opt/airflow/dags/dag_etl_flight_data.py for tasks to queue
[2022-11-28 09:00:32,794] {logging_mixin.py:109} INFO - [2022-11-28 09:00:32,794] {dagbag.py:500} INFO - Filling up the DagBag from /opt/airflow/dags/dag_etl_flight_data.py
[2022-11-28 09:00:33,663] {logging_mixin.py:109} INFO - [2022-11-28 09:00:33,663] {__init__.py:103} INFO - Selected plugins: set()
[2022-11-28 09:00:34,607] {processor.py:654} INFO - DAG(s) dict_keys(['dag_etl_flight_data']) retrieved from /opt/airflow/dags/dag_etl_flight_data.py
[2022-11-28 09:00:34,613] {logging_mixin.py:109} INFO - [2022-11-28 09:00:34,613] {dag.py:2398} INFO - Sync 1 DAGs
[2022-11-28 09:00:34,623] {logging_mixin.py:109} INFO - [2022-11-28 09:00:34,623] {dag.py:2937} INFO - Setting next_dagrun for dag_etl_flight_data to 2022-11-26T14:00:00+00:00
[2022-11-28 09:00:34,629] {processor.py:171} INFO - Processing /opt/airflow/dags/dag_etl_flight_data.py took 1.838 seconds
[2022-11-28 09:01:05,187] {processor.py:163} INFO - Started process (PID=959) to work on /opt/airflow/dags/dag_etl_flight_data.py
[2022-11-28 09:01:05,188] {processor.py:642} INFO - Processing file /opt/airflow/dags/dag_etl_flight_data.py for tasks to queue
[2022-11-28 09:01:05,188] {logging_mixin.py:109} INFO - [2022-11-28 09:01:05,188] {dagbag.py:500} INFO - Filling up the DagBag from /opt/airflow/dags/dag_etl_flight_data.py
[2022-11-28 09:01:06,072] {logging_mixin.py:109} INFO - [2022-11-28 09:01:06,072] {__init__.py:103} INFO - Selected plugins: set()
[2022-11-28 09:01:06,853] {processor.py:654} INFO - DAG(s) dict_keys(['dag_etl_flight_data']) retrieved from /opt/airflow/dags/dag_etl_flight_data.py
[2022-11-28 09:01:06,859] {logging_mixin.py:109} INFO - [2022-11-28 09:01:06,859] {dag.py:2398} INFO - Sync 1 DAGs
[2022-11-28 09:01:06,869] {logging_mixin.py:109} INFO - [2022-11-28 09:01:06,869] {dag.py:2937} INFO - Setting next_dagrun for dag_etl_flight_data to 2022-11-26T14:00:00+00:00
[2022-11-28 09:01:06,874] {processor.py:171} INFO - Processing /opt/airflow/dags/dag_etl_flight_data.py took 1.688 seconds
[2022-11-28 09:01:37,674] {processor.py:163} INFO - Started process (PID=1047) to work on /opt/airflow/dags/dag_etl_flight_data.py
[2022-11-28 09:01:37,676] {processor.py:642} INFO - Processing file /opt/airflow/dags/dag_etl_flight_data.py for tasks to queue
[2022-11-28 09:01:37,677] {logging_mixin.py:109} INFO - [2022-11-28 09:01:37,677] {dagbag.py:500} INFO - Filling up the DagBag from /opt/airflow/dags/dag_etl_flight_data.py
[2022-11-28 09:01:38,476] {logging_mixin.py:109} INFO - [2022-11-28 09:01:38,476] {__init__.py:103} INFO - Selected plugins: set()
[2022-11-28 09:01:39,278] {processor.py:654} INFO - DAG(s) dict_keys(['dag_etl_flight_data']) retrieved from /opt/airflow/dags/dag_etl_flight_data.py
[2022-11-28 09:01:39,284] {logging_mixin.py:109} INFO - [2022-11-28 09:01:39,284] {dag.py:2398} INFO - Sync 1 DAGs
[2022-11-28 09:01:39,293] {logging_mixin.py:109} INFO - [2022-11-28 09:01:39,293] {dag.py:2937} INFO - Setting next_dagrun for dag_etl_flight_data to 2022-11-26T14:00:00+00:00
[2022-11-28 09:01:39,299] {processor.py:171} INFO - Processing /opt/airflow/dags/dag_etl_flight_data.py took 1.632 seconds
