[2022-11-28 08:56:41,273] {processor.py:163} INFO - Started process (PID=33) to work on /opt/airflow/dags/dag_etl_aircraft_data.py
[2022-11-28 08:56:41,275] {processor.py:642} INFO - Processing file /opt/airflow/dags/dag_etl_aircraft_data.py for tasks to queue
[2022-11-28 08:56:41,276] {logging_mixin.py:109} INFO - [2022-11-28 08:56:41,275] {dagbag.py:500} INFO - Filling up the DagBag from /opt/airflow/dags/dag_etl_aircraft_data.py
[2022-11-28 08:56:44,195] {logging_mixin.py:109} INFO - [2022-11-28 08:56:44,195] {font_manager.py:1633} INFO - generated new fontManager
[2022-11-28 08:56:44,443] {logging_mixin.py:109} INFO - [2022-11-28 08:56:44,443] {__init__.py:103} INFO - Selected plugins: set()
[2022-11-28 08:56:45,539] {processor.py:654} INFO - DAG(s) dict_keys(['dag_etl_aircraft_data']) retrieved from /opt/airflow/dags/dag_etl_aircraft_data.py
[2022-11-28 08:56:47,262] {logging_mixin.py:109} WARNING - /home/airflow/.local/lib/python3.8/site-packages/azure/storage/common/_connection.py:82 SyntaxWarning: "is" with a literal. Did you mean "=="?
[2022-11-28 08:56:48,236] {logging_mixin.py:109} INFO - [2022-11-28 08:56:48,236] {manager.py:496} INFO - Created Permission View: can read on DAG:dag_etl_aircraft_data
[2022-11-28 08:56:48,243] {logging_mixin.py:109} INFO - [2022-11-28 08:56:48,243] {manager.py:496} INFO - Created Permission View: can edit on DAG:dag_etl_aircraft_data
[2022-11-28 08:56:48,243] {logging_mixin.py:109} INFO - [2022-11-28 08:56:48,243] {dag.py:2398} INFO - Sync 1 DAGs
[2022-11-28 08:56:48,247] {logging_mixin.py:109} INFO - [2022-11-28 08:56:48,247] {dag.py:2417} INFO - Creating ORM DAG for dag_etl_aircraft_data
[2022-11-28 08:56:48,253] {logging_mixin.py:109} INFO - [2022-11-28 08:56:48,253] {dag.py:2937} INFO - Setting next_dagrun for dag_etl_aircraft_data to 2021-02-21 00:00:00+00:00
[2022-11-28 08:56:48,262] {processor.py:171} INFO - Processing /opt/airflow/dags/dag_etl_aircraft_data.py took 6.994 seconds
[2022-11-28 08:57:18,790] {processor.py:163} INFO - Started process (PID=357) to work on /opt/airflow/dags/dag_etl_aircraft_data.py
[2022-11-28 08:57:18,793] {processor.py:642} INFO - Processing file /opt/airflow/dags/dag_etl_aircraft_data.py for tasks to queue
[2022-11-28 08:57:18,795] {logging_mixin.py:109} INFO - [2022-11-28 08:57:18,795] {dagbag.py:500} INFO - Filling up the DagBag from /opt/airflow/dags/dag_etl_aircraft_data.py
[2022-11-28 08:57:19,565] {logging_mixin.py:109} INFO - [2022-11-28 08:57:19,565] {__init__.py:103} INFO - Selected plugins: set()
[2022-11-28 08:57:20,367] {processor.py:654} INFO - DAG(s) dict_keys(['dag_etl_aircraft_data']) retrieved from /opt/airflow/dags/dag_etl_aircraft_data.py
[2022-11-28 08:57:20,373] {logging_mixin.py:109} INFO - [2022-11-28 08:57:20,373] {dag.py:2398} INFO - Sync 1 DAGs
[2022-11-28 08:57:20,382] {logging_mixin.py:109} INFO - [2022-11-28 08:57:20,382] {dag.py:2937} INFO - Setting next_dagrun for dag_etl_aircraft_data to 2021-02-21 00:00:00+00:00
[2022-11-28 08:57:20,387] {processor.py:171} INFO - Processing /opt/airflow/dags/dag_etl_aircraft_data.py took 1.605 seconds
[2022-11-28 08:57:51,112] {processor.py:163} INFO - Started process (PID=445) to work on /opt/airflow/dags/dag_etl_aircraft_data.py
[2022-11-28 08:57:51,115] {processor.py:642} INFO - Processing file /opt/airflow/dags/dag_etl_aircraft_data.py for tasks to queue
[2022-11-28 08:57:51,116] {logging_mixin.py:109} INFO - [2022-11-28 08:57:51,115] {dagbag.py:500} INFO - Filling up the DagBag from /opt/airflow/dags/dag_etl_aircraft_data.py
[2022-11-28 08:57:51,903] {logging_mixin.py:109} INFO - [2022-11-28 08:57:51,903] {__init__.py:103} INFO - Selected plugins: set()
[2022-11-28 08:57:52,661] {processor.py:654} INFO - DAG(s) dict_keys(['dag_etl_aircraft_data']) retrieved from /opt/airflow/dags/dag_etl_aircraft_data.py
[2022-11-28 08:57:52,667] {logging_mixin.py:109} INFO - [2022-11-28 08:57:52,666] {dag.py:2398} INFO - Sync 1 DAGs
[2022-11-28 08:57:52,675] {logging_mixin.py:109} INFO - [2022-11-28 08:57:52,675] {dag.py:2937} INFO - Setting next_dagrun for dag_etl_aircraft_data to 2021-02-21 00:00:00+00:00
[2022-11-28 08:57:52,680] {processor.py:171} INFO - Processing /opt/airflow/dags/dag_etl_aircraft_data.py took 1.573 seconds
[2022-11-28 08:58:23,221] {processor.py:163} INFO - Started process (PID=533) to work on /opt/airflow/dags/dag_etl_aircraft_data.py
[2022-11-28 08:58:23,224] {processor.py:642} INFO - Processing file /opt/airflow/dags/dag_etl_aircraft_data.py for tasks to queue
[2022-11-28 08:58:23,225] {logging_mixin.py:109} INFO - [2022-11-28 08:58:23,225] {dagbag.py:500} INFO - Filling up the DagBag from /opt/airflow/dags/dag_etl_aircraft_data.py
[2022-11-28 08:58:24,107] {logging_mixin.py:109} INFO - [2022-11-28 08:58:24,107] {__init__.py:103} INFO - Selected plugins: set()
[2022-11-28 08:58:24,920] {processor.py:654} INFO - DAG(s) dict_keys(['dag_etl_aircraft_data']) retrieved from /opt/airflow/dags/dag_etl_aircraft_data.py
[2022-11-28 08:58:24,929] {logging_mixin.py:109} INFO - [2022-11-28 08:58:24,928] {dag.py:2398} INFO - Sync 1 DAGs
[2022-11-28 08:58:24,938] {logging_mixin.py:109} INFO - [2022-11-28 08:58:24,938] {dag.py:2937} INFO - Setting next_dagrun for dag_etl_aircraft_data to 2021-02-21 00:00:00+00:00
[2022-11-28 08:58:24,943] {processor.py:171} INFO - Processing /opt/airflow/dags/dag_etl_aircraft_data.py took 1.729 seconds
[2022-11-28 08:58:55,657] {processor.py:163} INFO - Started process (PID=613) to work on /opt/airflow/dags/dag_etl_aircraft_data.py
[2022-11-28 08:58:55,660] {processor.py:642} INFO - Processing file /opt/airflow/dags/dag_etl_aircraft_data.py for tasks to queue
[2022-11-28 08:58:55,661] {logging_mixin.py:109} INFO - [2022-11-28 08:58:55,661] {dagbag.py:500} INFO - Filling up the DagBag from /opt/airflow/dags/dag_etl_aircraft_data.py
[2022-11-28 08:58:56,521] {logging_mixin.py:109} INFO - [2022-11-28 08:58:56,521] {__init__.py:103} INFO - Selected plugins: set()
[2022-11-28 08:58:57,391] {processor.py:654} INFO - DAG(s) dict_keys(['dag_etl_aircraft_data']) retrieved from /opt/airflow/dags/dag_etl_aircraft_data.py
[2022-11-28 08:58:57,397] {logging_mixin.py:109} INFO - [2022-11-28 08:58:57,397] {dag.py:2398} INFO - Sync 1 DAGs
[2022-11-28 08:58:57,407] {logging_mixin.py:109} INFO - [2022-11-28 08:58:57,407] {dag.py:2937} INFO - Setting next_dagrun for dag_etl_aircraft_data to 2021-02-21 00:00:00+00:00
[2022-11-28 08:58:57,413] {processor.py:171} INFO - Processing /opt/airflow/dags/dag_etl_aircraft_data.py took 1.763 seconds
[2022-11-28 08:59:28,077] {processor.py:163} INFO - Started process (PID=702) to work on /opt/airflow/dags/dag_etl_aircraft_data.py
[2022-11-28 08:59:28,080] {processor.py:642} INFO - Processing file /opt/airflow/dags/dag_etl_aircraft_data.py for tasks to queue
[2022-11-28 08:59:28,081] {logging_mixin.py:109} INFO - [2022-11-28 08:59:28,081] {dagbag.py:500} INFO - Filling up the DagBag from /opt/airflow/dags/dag_etl_aircraft_data.py
[2022-11-28 08:59:28,860] {logging_mixin.py:109} INFO - [2022-11-28 08:59:28,860] {__init__.py:103} INFO - Selected plugins: set()
